#
# There is insufficient memory for the Java Runtime Environment to continue.
# Native memory allocation (malloc) failed to allocate 587216 bytes for Chunk::new
# Possible reasons:
#   The system is out of physical RAM or swap space
#   The process is running with CompressedOops enabled, and the Java Heap may be blocking the growth of the native heap
# Possible solutions:
#   Reduce memory load on the system
#   Increase physical memory or swap space
#   Check if swap backing store is full
#   Decrease Java heap size (-Xmx/-Xms)
#   Decrease number of Java threads
#   Decrease Java thread stack sizes (-Xss)
#   Set larger code cache with -XX:ReservedCodeCacheSize=
#   JVM is running with Unscaled Compressed Oops mode in which the Java heap is
#     placed in the first 4GB address space. The Java Heap base address is the
#     maximum limit for the native heap growth. Please use -XX:HeapBaseMinAddress
#     to set the Java Heap base and to place the Java Heap above 4GB virtual address.
# This output file may be truncated or incomplete.
#
#  Out of Memory Error (arena.cpp:189), pid=18508, tid=19852
#
# JRE version: Java(TM) SE Runtime Environment (17.0.12+8) (build 17.0.12+8-LTS-286)
# Java VM: Java HotSpot(TM) 64-Bit Server VM (17.0.12+8-LTS-286, mixed mode, sharing, tiered, compressed oops, compressed class ptrs, g1 gc, windows-amd64)
# No core dump will be written. Minidumps are not enabled by default on client versions of Windows
#

---------------  S U M M A R Y ------------

Command Line: --enable-native-access=ALL-UNNAMED -Dclassworlds.conf=C:\Program Files\Apache\apache-maven-3.9.11\bin\m2.conf -Dmaven.home=C:\Program Files\Apache\apache-maven-3.9.11 -Dlibrary.jansi.path=C:\Program Files\Apache\apache-maven-3.9.11\lib\jansi-native -Dmaven.multiModuleProjectDirectory=C:\Users\PC\Desktop\IDL\tp7 org.codehaus.plexus.classworlds.launcher.Launcher spring-boot:run

Host: Intel(R) Core(TM) i5-10210U CPU @ 1.60GHz, 8 cores, 7G,  Windows 11 , 64 bit Build 26100 (10.0.26100.7019)
Time: Tue Nov 18 22:04:25 2025 Paris, Madrid elapsed time: 11.852733 seconds (0d 0h 0m 11s)

---------------  T H R E A D  ---------------

Current thread (0x000002c13e965c20):  JavaThread "C2 CompilerThread0" daemon [_thread_in_native, id=19852, stack(0x000000d124900000,0x000000d124a00000)]


Current CompileTask:
C2:  11852 2784       4       org.codehaus.plexus.util.xml.pull.MXParser::nextImpl (1208 bytes)

Stack: [0x000000d124900000,0x000000d124a00000]
Native frames: (J=compiled Java code, j=interpreted, Vv=VM code, C=native code)
V  [jvm.dll+0x67a04a]
V  [jvm.dll+0x7da4ed]
V  [jvm.dll+0x7dbe33]
V  [jvm.dll+0x7dc4a3]
V  [jvm.dll+0x24508f]
V  [jvm.dll+0xab773]
V  [jvm.dll+0xabd3c]
V  [jvm.dll+0x361b9f]
V  [jvm.dll+0x32c431]
V  [jvm.dll+0x32b8ca]
V  [jvm.dll+0x21683f]
V  [jvm.dll+0x215c6f]
V  [jvm.dll+0x1a2960]
V  [jvm.dll+0x22610b]
V  [jvm.dll+0x2242ab]
V  [jvm.dll+0x79075c]
V  [jvm.dll+0x78abea]
V  [jvm.dll+0x678f35]
C  [ucrtbase.dll+0x37b0]
C  [KERNEL32.DLL+0x2e8d7]
C  [ntdll.dll+0x8c53c]


---------------  P R O C E S S  ---------------

Threads class SMR info:
_java_thread_list=0x000002c184c9d700, length=14, elements={
0x000002c120930fc0, 0x000002c13e942180, 0x000002c13e942d40, 0x000002c13e95a630,
0x000002c13e95b1f0, 0x000002c13e95e2d0, 0x000002c13e95f430, 0x000002c13e965c20,
0x000002c13e9665e0, 0x000002c13e967300, 0x000002c13ec1b250, 0x000002c13ec21da0,
0x000002c18418d910, 0x000002c1853100c0
}

Java Threads: ( => current thread )
  0x000002c120930fc0 JavaThread "main" [_thread_in_Java, id=12792, stack(0x000000d123c00000,0x000000d123d00000)]
  0x000002c13e942180 JavaThread "Reference Handler" daemon [_thread_blocked, id=8812, stack(0x000000d124300000,0x000000d124400000)]
  0x000002c13e942d40 JavaThread "Finalizer" daemon [_thread_blocked, id=22968, stack(0x000000d124400000,0x000000d124500000)]
  0x000002c13e95a630 JavaThread "Signal Dispatcher" daemon [_thread_blocked, id=25976, stack(0x000000d124500000,0x000000d124600000)]
  0x000002c13e95b1f0 JavaThread "Attach Listener" daemon [_thread_blocked, id=19780, stack(0x000000d124600000,0x000000d124700000)]
  0x000002c13e95e2d0 JavaThread "Service Thread" daemon [_thread_blocked, id=26776, stack(0x000000d124700000,0x000000d124800000)]
  0x000002c13e95f430 JavaThread "Monitor Deflation Thread" daemon [_thread_blocked, id=23064, stack(0x000000d124800000,0x000000d124900000)]
=>0x000002c13e965c20 JavaThread "C2 CompilerThread0" daemon [_thread_in_native, id=19852, stack(0x000000d124900000,0x000000d124a00000)]
  0x000002c13e9665e0 JavaThread "C1 CompilerThread0" daemon [_thread_in_native, id=8796, stack(0x000000d124a00000,0x000000d124b00000)]
  0x000002c13e967300 JavaThread "Sweeper thread" daemon [_thread_blocked, id=10964, stack(0x000000d124b00000,0x000000d124c00000)]
  0x000002c13ec1b250 JavaThread "Notification Thread" daemon [_thread_blocked, id=26308, stack(0x000000d124c00000,0x000000d124d00000)]
  0x000002c13ec21da0 JavaThread "Common-Cleaner" daemon [_thread_blocked, id=21680, stack(0x000000d124e00000,0x000000d124f00000)]
  0x000002c18418d910 JavaThread "C2 CompilerThread1" daemon [_thread_in_native, id=15836, stack(0x000000d124f00000,0x000000d125000000)]
  0x000002c1853100c0 JavaThread "Thread-1" daemon [_thread_blocked, id=7804, stack(0x000000d125700000,0x000000d125800000)]

Other Threads:
  0x000002c13e93cf30 VMThread "VM Thread" [stack: 0x000000d124200000,0x000000d124300000] [id=18104]
  0x000002c1209f7580 WatcherThread [stack: 0x000000d124d00000,0x000000d124e00000] [id=22720]
  0x000002c12098a620 GCTaskThread "GC Thread#0" [stack: 0x000000d123d00000,0x000000d123e00000] [id=19640]
  0x000002c18471c950 GCTaskThread "GC Thread#1" [stack: 0x000000d125000000,0x000000d125100000] [id=23532]
  0x000002c1847fe3e0 GCTaskThread "GC Thread#2" [stack: 0x000000d125100000,0x000000d125200000] [id=11424]
  0x000002c184237b90 GCTaskThread "GC Thread#3" [stack: 0x000000d125200000,0x000000d125300000] [id=24016]
  0x000002c18481e880 GCTaskThread "GC Thread#4" [stack: 0x000000d125300000,0x000000d125400000] [id=10596]
  0x000002c18481eb40 GCTaskThread "GC Thread#5" [stack: 0x000000d125400000,0x000000d125500000] [id=9428]
  0x000002c18475c7b0 GCTaskThread "GC Thread#6" [stack: 0x000000d125500000,0x000000d125600000] [id=17552]
  0x000002c1847fdcf0 GCTaskThread "GC Thread#7" [stack: 0x000000d125600000,0x000000d125700000] [id=23600]
  0x000002c12099f240 ConcurrentGCThread "G1 Main Marker" [stack: 0x000000d123e00000,0x000000d123f00000] [id=26856]
  0x000002c12099fc50 ConcurrentGCThread "G1 Conc#0" [stack: 0x000000d123f00000,0x000000d124000000] [id=14552]
  0x000002c1209fece0 ConcurrentGCThread "G1 Refine#0" [stack: 0x000000d124000000,0x000000d124100000] [id=24320]
  0x000002c13e7ef3d0 ConcurrentGCThread "G1 Service" [stack: 0x000000d124100000,0x000000d124200000] [id=17896]

Threads with active compile tasks:
C2 CompilerThread0    11886 2784       4       org.codehaus.plexus.util.xml.pull.MXParser::nextImpl (1208 bytes)
C1 CompilerThread0    11886 2993       3       org.apache.maven.model.inheritance.DefaultInheritanceAssembler$InheritanceModelMerger::mergePlugin (71 bytes)
C2 CompilerThread1    11886 2828       4       org.apache.maven.model.interpolation.StringVisitorModelInterpolator$ModelVisitor::interpolate (11 bytes)

VM state: not at safepoint (normal execution)

VM Mutex/Monitor currently owned by a thread: None

Heap address: 0x0000000083e00000, size: 1986 MB, Compressed Oops mode: 32-bit

CDS archive(s) mapped at: [0x000002c13f000000-0x000002c13fbd0000-0x000002c13fbd0000), size 12386304, SharedBaseAddress: 0x000002c13f000000, ArchiveRelocationMode: 1.
Compressed class space mapped at: 0x000002c140000000-0x000002c180000000, reserved size: 1073741824
Narrow klass base: 0x000002c13f000000, Narrow klass shift: 0, Narrow klass range: 0x100000000

GC Precious Log:
 CPUs: 8 total, 8 available
 Memory: 7942M
 Large Page Support: Disabled
 NUMA Support: Disabled
 Compressed Oops: Enabled (32-bit)
 Heap Region Size: 1M
 Heap Min Capacity: 8M
 Heap Initial Capacity: 126M
 Heap Max Capacity: 1986M
 Pre-touch: Disabled
 Parallel Workers: 8
 Concurrent Workers: 2
 Concurrent Refinement Workers: 8
 Periodic GC: Disabled

Heap:
 garbage-first heap   total 129024K, used 45286K [0x0000000083e00000, 0x0000000100000000)
  region size 1024K, 43 young (44032K), 2 survivors (2048K)
 Metaspace       used 14669K, committed 14848K, reserved 1114112K
  class space    used 1781K, committed 1856K, reserved 1048576K

Heap Regions: E=young(eden), S=young(survivor), O=old, HS=humongous(starts), HC=humongous(continues), CS=collection set, F=free, OA=open archive, CA=closed archive, TAMS=top-at-mark-start (previous, next)
|   0|0x0000000083e00000, 0x0000000083f00000, 0x0000000083f00000|100%| O|  |TAMS 0x0000000083e00000, 0x0000000083e00000| Untracked 
|   1|0x0000000083f00000, 0x0000000084000000, 0x0000000084000000|100%| O|  |TAMS 0x0000000083f00000, 0x0000000083f00000| Untracked 
|   2|0x0000000084000000, 0x0000000084100000, 0x0000000084100000|100%| O|  |TAMS 0x0000000084000000, 0x0000000084000000| Untracked 
|   3|0x0000000084100000, 0x0000000084193a00, 0x0000000084200000| 57%| O|  |TAMS 0x0000000084100000, 0x0000000084100000| Untracked 
|   4|0x0000000084200000, 0x0000000084200000, 0x0000000084300000|  0%| F|  |TAMS 0x0000000084200000, 0x0000000084200000| Untracked 
|   5|0x0000000084300000, 0x0000000084300000, 0x0000000084400000|  0%| F|  |TAMS 0x0000000084300000, 0x0000000084300000| Untracked 
|   6|0x0000000084400000, 0x0000000084400000, 0x0000000084500000|  0%| F|  |TAMS 0x0000000084400000, 0x0000000084400000| Untracked 
|   7|0x0000000084500000, 0x0000000084500000, 0x0000000084600000|  0%| F|  |TAMS 0x0000000084500000, 0x0000000084500000| Untracked 
|   8|0x0000000084600000, 0x0000000084600000, 0x0000000084700000|  0%| F|  |TAMS 0x0000000084600000, 0x0000000084600000| Untracked 
|   9|0x0000000084700000, 0x0000000084700000, 0x0000000084800000|  0%| F|  |TAMS 0x0000000084700000, 0x0000000084700000| Untracked 
|  10|0x0000000084800000, 0x0000000084800000, 0x0000000084900000|  0%| F|  |TAMS 0x0000000084800000, 0x0000000084800000| Untracked 
|  11|0x0000000084900000, 0x0000000084900000, 0x0000000084a00000|  0%| F|  |TAMS 0x0000000084900000, 0x0000000084900000| Untracked 
|  12|0x0000000084a00000, 0x0000000084a00000, 0x0000000084b00000|  0%| F|  |TAMS 0x0000000084a00000, 0x0000000084a00000| Untracked 
|  13|0x0000000084b00000, 0x0000000084b00000, 0x0000000084c00000|  0%| F|  |TAMS 0x0000000084b00000, 0x0000000084b00000| Untracked 
|  14|0x0000000084c00000, 0x0000000084c00000, 0x0000000084d00000|  0%| F|  |TAMS 0x0000000084c00000, 0x0000000084c00000| Untracked 
|  15|0x0000000084d00000, 0x0000000084d00000, 0x0000000084e00000|  0%| F|  |TAMS 0x0000000084d00000, 0x0000000084d00000| Untracked 
|  16|0x0000000084e00000, 0x0000000084e00000, 0x0000000084f00000|  0%| F|  |TAMS 0x0000000084e00000, 0x0000000084e00000| Untracked 
|  17|0x0000000084f00000, 0x0000000084f00000, 0x0000000085000000|  0%| F|  |TAMS 0x0000000084f00000, 0x0000000084f00000| Untracked 
|  18|0x0000000085000000, 0x0000000085000000, 0x0000000085100000|  0%| F|  |TAMS 0x0000000085000000, 0x0000000085000000| Untracked 
|  19|0x0000000085100000, 0x0000000085100000, 0x0000000085200000|  0%| F|  |TAMS 0x0000000085100000, 0x0000000085100000| Untracked 
|  20|0x0000000085200000, 0x0000000085200000, 0x0000000085300000|  0%| F|  |TAMS 0x0000000085200000, 0x0000000085200000| Untracked 
|  21|0x0000000085300000, 0x0000000085300000, 0x0000000085400000|  0%| F|  |TAMS 0x0000000085300000, 0x0000000085300000| Untracked 
|  22|0x0000000085400000, 0x0000000085400000, 0x0000000085500000|  0%| F|  |TAMS 0x0000000085400000, 0x0000000085400000| Untracked 
|  23|0x0000000085500000, 0x0000000085500000, 0x0000000085600000|  0%| F|  |TAMS 0x0000000085500000, 0x0000000085500000| Untracked 
|  24|0x0000000085600000, 0x0000000085600000, 0x0000000085700000|  0%| F|  |TAMS 0x0000000085600000, 0x0000000085600000| Untracked 
|  25|0x0000000085700000, 0x0000000085700000, 0x0000000085800000|  0%| F|  |TAMS 0x0000000085700000, 0x0000000085700000| Untracked 
|  26|0x0000000085800000, 0x0000000085800000, 0x0000000085900000|  0%| F|  |TAMS 0x0000000085800000, 0x0000000085800000| Untracked 
|  27|0x0000000085900000, 0x0000000085900000, 0x0000000085a00000|  0%| F|  |TAMS 0x0000000085900000, 0x0000000085900000| Untracked 
|  28|0x0000000085a00000, 0x0000000085a00000, 0x0000000085b00000|  0%| F|  |TAMS 0x0000000085a00000, 0x0000000085a00000| Untracked 
|  29|0x0000000085b00000, 0x0000000085b00000, 0x0000000085c00000|  0%| F|  |TAMS 0x0000000085b00000, 0x0000000085b00000| Untracked 
|  30|0x0000000085c00000, 0x0000000085c00000, 0x0000000085d00000|  0%| F|  |TAMS 0x0000000085c00000, 0x0000000085c00000| Untracked 
|  31|0x0000000085d00000, 0x0000000085d00000, 0x0000000085e00000|  0%| F|  |TAMS 0x0000000085d00000, 0x0000000085d00000| Untracked 
|  32|0x0000000085e00000, 0x0000000085e00000, 0x0000000085f00000|  0%| F|  |TAMS 0x0000000085e00000, 0x0000000085e00000| Untracked 
|  33|0x0000000085f00000, 0x0000000085f00000, 0x0000000086000000|  0%| F|  |TAMS 0x0000000085f00000, 0x0000000085f00000| Untracked 
|  34|0x0000000086000000, 0x0000000086000000, 0x0000000086100000|  0%| F|  |TAMS 0x0000000086000000, 0x0000000086000000| Untracked 
|  35|0x0000000086100000, 0x0000000086100000, 0x0000000086200000|  0%| F|  |TAMS 0x0000000086100000, 0x0000000086100000| Untracked 
|  36|0x0000000086200000, 0x0000000086200000, 0x0000000086300000|  0%| F|  |TAMS 0x0000000086200000, 0x0000000086200000| Untracked 
|  37|0x0000000086300000, 0x0000000086300000, 0x0000000086400000|  0%| F|  |TAMS 0x0000000086300000, 0x0000000086300000| Untracked 
|  38|0x0000000086400000, 0x0000000086400000, 0x0000000086500000|  0%| F|  |TAMS 0x0000000086400000, 0x0000000086400000| Untracked 
|  39|0x0000000086500000, 0x0000000086500000, 0x0000000086600000|  0%| F|  |TAMS 0x0000000086500000, 0x0000000086500000| Untracked 
|  40|0x0000000086600000, 0x0000000086600000, 0x0000000086700000|  0%| F|  |TAMS 0x0000000086600000, 0x0000000086600000| Untracked 
|  41|0x0000000086700000, 0x0000000086700000, 0x0000000086800000|  0%| F|  |TAMS 0x0000000086700000, 0x0000000086700000| Untracked 
|  42|0x0000000086800000, 0x0000000086800000, 0x0000000086900000|  0%| F|  |TAMS 0x0000000086800000, 0x0000000086800000| Untracked 
|  43|0x0000000086900000, 0x0000000086900000, 0x0000000086a00000|  0%| F|  |TAMS 0x0000000086900000, 0x0000000086900000| Untracked 
|  44|0x0000000086a00000, 0x0000000086a00000, 0x0000000086b00000|  0%| F|  |TAMS 0x0000000086a00000, 0x0000000086a00000| Untracked 
|  45|0x0000000086b00000, 0x0000000086b00000, 0x0000000086c00000|  0%| F|  |TAMS 0x0000000086b00000, 0x0000000086b00000| Untracked 
|  46|0x0000000086c00000, 0x0000000086c00000, 0x0000000086d00000|  0%| F|  |TAMS 0x0000000086c00000, 0x0000000086c00000| Untracked 
|  47|0x0000000086d00000, 0x0000000086d00000, 0x0000000086e00000|  0%| F|  |TAMS 0x0000000086d00000, 0x0000000086d00000| Untracked 
|  48|0x0000000086e00000, 0x0000000086e00000, 0x0000000086f00000|  0%| F|  |TAMS 0x0000000086e00000, 0x0000000086e00000| Untracked 
|  49|0x0000000086f00000, 0x0000000086f00000, 0x0000000087000000|  0%| F|  |TAMS 0x0000000086f00000, 0x0000000086f00000| Untracked 
|  50|0x0000000087000000, 0x0000000087000000, 0x0000000087100000|  0%| F|  |TAMS 0x0000000087000000, 0x0000000087000000| Untracked 
|  51|0x0000000087100000, 0x0000000087100000, 0x0000000087200000|  0%| F|  |TAMS 0x0000000087100000, 0x0000000087100000| Untracked 
|  52|0x0000000087200000, 0x0000000087200000, 0x0000000087300000|  0%| F|  |TAMS 0x0000000087200000, 0x0000000087200000| Untracked 
|  53|0x0000000087300000, 0x0000000087300000, 0x0000000087400000|  0%| F|  |TAMS 0x0000000087300000, 0x0000000087300000| Untracked 
|  54|0x0000000087400000, 0x0000000087400000, 0x0000000087500000|  0%| F|  |TAMS 0x0000000087400000, 0x0000000087400000| Untracked 
|  55|0x0000000087500000, 0x0000000087500000, 0x0000000087600000|  0%| F|  |TAMS 0x0000000087500000, 0x0000000087500000| Untracked 
|  56|0x0000000087600000, 0x0000000087600000, 0x0000000087700000|  0%| F|  |TAMS 0x0000000087600000, 0x0000000087600000| Untracked 
|  57|0x0000000087700000, 0x0000000087700000, 0x0000000087800000|  0%| F|  |TAMS 0x0000000087700000, 0x0000000087700000| Untracked 
|  58|0x0000000087800000, 0x0000000087800000, 0x0000000087900000|  0%| F|  |TAMS 0x0000000087800000, 0x0000000087800000| Untracked 
|  59|0x0000000087900000, 0x0000000087900000, 0x0000000087a00000|  0%| F|  |TAMS 0x0000000087900000, 0x0000000087900000| Untracked 
|  60|0x0000000087a00000, 0x0000000087a00000, 0x0000000087b00000|  0%| F|  |TAMS 0x0000000087a00000, 0x0000000087a00000| Untracked 
|  61|0x0000000087b00000, 0x0000000087b00000, 0x0000000087c00000|  0%| F|  |TAMS 0x0000000087b00000, 0x0000000087b00000| Untracked 
|  62|0x0000000087c00000, 0x0000000087c00000, 0x0000000087d00000|  0%| F|  |TAMS 0x0000000087c00000, 0x0000000087c00000| Untracked 
|  63|0x0000000087d00000, 0x0000000087d00000, 0x0000000087e00000|  0%| F|  |TAMS 0x0000000087d00000, 0x0000000087d00000| Untracked 
|  64|0x0000000087e00000, 0x0000000087e00000, 0x0000000087f00000|  0%| F|  |TAMS 0x0000000087e00000, 0x0000000087e00000| Untracked 
|  65|0x0000000087f00000, 0x0000000087f00000, 0x0000000088000000|  0%| F|  |TAMS 0x0000000087f00000, 0x0000000087f00000| Untracked 
|  66|0x0000000088000000, 0x0000000088000000, 0x0000000088100000|  0%| F|  |TAMS 0x0000000088000000, 0x0000000088000000| Untracked 
|  67|0x0000000088100000, 0x0000000088100000, 0x0000000088200000|  0%| F|  |TAMS 0x0000000088100000, 0x0000000088100000| Untracked 
|  68|0x0000000088200000, 0x0000000088200000, 0x0000000088300000|  0%| F|  |TAMS 0x0000000088200000, 0x0000000088200000| Untracked 
|  69|0x0000000088300000, 0x0000000088300000, 0x0000000088400000|  0%| F|  |TAMS 0x0000000088300000, 0x0000000088300000| Untracked 
|  70|0x0000000088400000, 0x0000000088400000, 0x0000000088500000|  0%| F|  |TAMS 0x0000000088400000, 0x0000000088400000| Untracked 
|  71|0x0000000088500000, 0x0000000088500000, 0x0000000088600000|  0%| F|  |TAMS 0x0000000088500000, 0x0000000088500000| Untracked 
|  72|0x0000000088600000, 0x0000000088600000, 0x0000000088700000|  0%| F|  |TAMS 0x0000000088600000, 0x0000000088600000| Untracked 
|  73|0x0000000088700000, 0x0000000088700000, 0x0000000088800000|  0%| F|  |TAMS 0x0000000088700000, 0x0000000088700000| Untracked 
|  74|0x0000000088800000, 0x0000000088800000, 0x0000000088900000|  0%| F|  |TAMS 0x0000000088800000, 0x0000000088800000| Untracked 
|  75|0x0000000088900000, 0x0000000088900000, 0x0000000088a00000|  0%| F|  |TAMS 0x0000000088900000, 0x0000000088900000| Untracked 
|  76|0x0000000088a00000, 0x0000000088a00000, 0x0000000088b00000|  0%| F|  |TAMS 0x0000000088a00000, 0x0000000088a00000| Untracked 
|  77|0x0000000088b00000, 0x0000000088b00000, 0x0000000088c00000|  0%| F|  |TAMS 0x0000000088b00000, 0x0000000088b00000| Untracked 
|  78|0x0000000088c00000, 0x0000000088c00000, 0x0000000088d00000|  0%| F|  |TAMS 0x0000000088c00000, 0x0000000088c00000| Untracked 
|  79|0x0000000088d00000, 0x0000000088d00000, 0x0000000088e00000|  0%| F|  |TAMS 0x0000000088d00000, 0x0000000088d00000| Untracked 
|  80|0x0000000088e00000, 0x0000000088e00000, 0x0000000088f00000|  0%| F|  |TAMS 0x0000000088e00000, 0x0000000088e00000| Untracked 
|  81|0x0000000088f00000, 0x0000000088f00000, 0x0000000089000000|  0%| F|  |TAMS 0x0000000088f00000, 0x0000000088f00000| Untracked 
|  82|0x0000000089000000, 0x0000000089000000, 0x0000000089100000|  0%| F|  |TAMS 0x0000000089000000, 0x0000000089000000| Untracked 
|  83|0x0000000089100000, 0x0000000089180800, 0x0000000089200000| 50%| E|  |TAMS 0x0000000089100000, 0x0000000089100000| Complete 
|  84|0x0000000089200000, 0x0000000089300000, 0x0000000089300000|100%| E|CS|TAMS 0x0000000089200000, 0x0000000089200000| Complete 
|  85|0x0000000089300000, 0x0000000089400000, 0x0000000089400000|100%| E|CS|TAMS 0x0000000089300000, 0x0000000089300000| Complete 
|  86|0x0000000089400000, 0x0000000089500000, 0x0000000089500000|100%| E|CS|TAMS 0x0000000089400000, 0x0000000089400000| Complete 
|  87|0x0000000089500000, 0x0000000089600000, 0x0000000089600000|100%| E|CS|TAMS 0x0000000089500000, 0x0000000089500000| Complete 
|  88|0x0000000089600000, 0x0000000089700000, 0x0000000089700000|100%| E|CS|TAMS 0x0000000089600000, 0x0000000089600000| Complete 
|  89|0x0000000089700000, 0x0000000089800000, 0x0000000089800000|100%| E|CS|TAMS 0x0000000089700000, 0x0000000089700000| Complete 
|  90|0x0000000089800000, 0x00000000898a60c0, 0x0000000089900000| 64%| S|CS|TAMS 0x0000000089800000, 0x0000000089800000| Complete 
|  91|0x0000000089900000, 0x0000000089a00000, 0x0000000089a00000|100%| S|CS|TAMS 0x0000000089900000, 0x0000000089900000| Complete 
|  92|0x0000000089a00000, 0x0000000089b00000, 0x0000000089b00000|100%| E|CS|TAMS 0x0000000089a00000, 0x0000000089a00000| Complete 
|  93|0x0000000089b00000, 0x0000000089c00000, 0x0000000089c00000|100%| E|CS|TAMS 0x0000000089b00000, 0x0000000089b00000| Complete 
|  94|0x0000000089c00000, 0x0000000089d00000, 0x0000000089d00000|100%| E|CS|TAMS 0x0000000089c00000, 0x0000000089c00000| Complete 
|  95|0x0000000089d00000, 0x0000000089e00000, 0x0000000089e00000|100%| E|CS|TAMS 0x0000000089d00000, 0x0000000089d00000| Complete 
|  96|0x0000000089e00000, 0x0000000089f00000, 0x0000000089f00000|100%| E|CS|TAMS 0x0000000089e00000, 0x0000000089e00000| Complete 
|  97|0x0000000089f00000, 0x000000008a000000, 0x000000008a000000|100%| E|CS|TAMS 0x0000000089f00000, 0x0000000089f00000| Complete 
|  98|0x000000008a000000, 0x000000008a100000, 0x000000008a100000|100%| E|CS|TAMS 0x000000008a000000, 0x000000008a000000| Complete 
|  99|0x000000008a100000, 0x000000008a200000, 0x000000008a200000|100%| E|CS|TAMS 0x000000008a100000, 0x000000008a100000| Complete 
| 100|0x000000008a200000, 0x000000008a300000, 0x000000008a300000|100%| E|CS|TAMS 0x000000008a200000, 0x000000008a200000| Complete 
| 101|0x000000008a300000, 0x000000008a400000, 0x000000008a400000|100%| E|CS|TAMS 0x000000008a300000, 0x000000008a300000| Complete 
| 102|0x000000008a400000, 0x000000008a500000, 0x000000008a500000|100%| E|CS|TAMS 0x000000008a400000, 0x000000008a400000| Complete 
| 103|0x000000008a500000, 0x000000008a600000, 0x000000008a600000|100%| E|CS|TAMS 0x000000008a500000, 0x000000008a500000| Complete 
| 104|0x000000008a600000, 0x000000008a700000, 0x000000008a700000|100%| E|CS|TAMS 0x000000008a600000, 0x000000008a600000| Complete 
| 105|0x000000008a700000, 0x000000008a800000, 0x000000008a800000|100%| E|CS|TAMS 0x000000008a700000, 0x000000008a700000| Complete 
| 106|0x000000008a800000, 0x000000008a900000, 0x000000008a900000|100%| E|CS|TAMS 0x000000008a800000, 0x000000008a800000| Complete 
| 107|0x000000008a900000, 0x000000008aa00000, 0x000000008aa00000|100%| E|CS|TAMS 0x000000008a900000, 0x000000008a900000| Complete 
| 108|0x000000008aa00000, 0x000000008ab00000, 0x000000008ab00000|100%| E|CS|TAMS 0x000000008aa00000, 0x000000008aa00000| Complete 
| 109|0x000000008ab00000, 0x000000008ac00000, 0x000000008ac00000|100%| E|CS|TAMS 0x000000008ab00000, 0x000000008ab00000| Complete 
| 110|0x000000008ac00000, 0x000000008ad00000, 0x000000008ad00000|100%| E|CS|TAMS 0x000000008ac00000, 0x000000008ac00000| Complete 
| 111|0x000000008ad00000, 0x000000008ae00000, 0x000000008ae00000|100%| E|CS|TAMS 0x000000008ad00000, 0x000000008ad00000| Complete 
| 112|0x000000008ae00000, 0x000000008af00000, 0x000000008af00000|100%| E|CS|TAMS 0x000000008ae00000, 0x000000008ae00000| Complete 
| 113|0x000000008af00000, 0x000000008b000000, 0x000000008b000000|100%| E|CS|TAMS 0x000000008af00000, 0x000000008af00000| Complete 
| 114|0x000000008b000000, 0x000000008b100000, 0x000000008b100000|100%| E|CS|TAMS 0x000000008b000000, 0x000000008b000000| Complete 
| 115|0x000000008b100000, 0x000000008b200000, 0x000000008b200000|100%| E|CS|TAMS 0x000000008b100000, 0x000000008b100000| Complete 
| 116|0x000000008b200000, 0x000000008b300000, 0x000000008b300000|100%| E|CS|TAMS 0x000000008b200000, 0x000000008b200000| Complete 
| 117|0x000000008b300000, 0x000000008b400000, 0x000000008b400000|100%| E|CS|TAMS 0x000000008b300000, 0x000000008b300000| Complete 
| 118|0x000000008b400000, 0x000000008b500000, 0x000000008b500000|100%| E|CS|TAMS 0x000000008b400000, 0x000000008b400000| Complete 
| 119|0x000000008b500000, 0x000000008b600000, 0x000000008b600000|100%| E|CS|TAMS 0x000000008b500000, 0x000000008b500000| Complete 
| 120|0x000000008b600000, 0x000000008b700000, 0x000000008b700000|100%| E|CS|TAMS 0x000000008b600000, 0x000000008b600000| Complete 
| 121|0x000000008b700000, 0x000000008b800000, 0x000000008b800000|100%| E|CS|TAMS 0x000000008b700000, 0x000000008b700000| Complete 
| 122|0x000000008b800000, 0x000000008b900000, 0x000000008b900000|100%| E|CS|TAMS 0x000000008b800000, 0x000000008b800000| Complete 
| 123|0x000000008b900000, 0x000000008ba00000, 0x000000008ba00000|100%| E|CS|TAMS 0x000000008b900000, 0x000000008b900000| Complete 
| 124|0x000000008ba00000, 0x000000008bb00000, 0x000000008bb00000|100%| E|CS|TAMS 0x000000008ba00000, 0x000000008ba00000| Complete 
| 125|0x000000008bb00000, 0x000000008bc00000, 0x000000008bc00000|100%| E|CS|TAMS 0x000000008bb00000, 0x000000008bb00000| Complete 

Card table byte_map: [0x000002c137910000,0x000002c137d00000] _byte_map_base: 0x000002c1374f1000

Marking Bits (Prev, Next): (CMBitMap*) 0x000002c12098bc50, (CMBitMap*) 0x000002c12098bc90
 Prev Bits: [0x000002c1380f0000, 0x000002c139ff8000)
 Next Bits: [0x000002c13a000000, 0x000002c13bf08000)

Polling page: 0x000002c11e820000

Metaspace:

Usage:
  Non-class:     12.59 MB used.
      Class:      1.74 MB used.
       Both:     14.33 MB used.

Virtual space:
  Non-class space:       64.00 MB reserved,      12.69 MB ( 20%) committed,  1 nodes.
      Class space:        1.00 GB reserved,       1.81 MB ( <1%) committed,  1 nodes.
             Both:        1.06 GB reserved,      14.50 MB (  1%) committed. 

Chunk freelists:
   Non-Class:  2.56 MB
       Class:  14.01 MB
        Both:  16.58 MB

MaxMetaspaceSize: unlimited
CompressedClassSpaceSize: 1.00 GB
Initial GC threshold: 21.00 MB
Current GC threshold: 21.00 MB
CDS: on
MetaspaceReclaimPolicy: balanced
 - commit_granule_bytes: 65536.
 - commit_granule_words: 8192.
 - virtual_space_node_default_size: 8388608.
 - enlarge_chunks_in_place: 1.
 - new_chunks_are_fully_committed: 0.
 - uncommit_free_chunks: 1.
 - use_allocation_guard: 0.
 - handle_deallocations: 1.


Internal statistics:

num_allocs_failed_limit: 0.
num_arena_births: 98.
num_arena_deaths: 0.
num_vsnodes_births: 2.
num_vsnodes_deaths: 0.
num_space_committed: 232.
num_space_uncommitted: 0.
num_chunks_returned_to_freelist: 0.
num_chunks_taken_from_freelist: 609.
num_chunk_merges: 0.
num_chunk_splits: 409.
num_chunks_enlarged: 332.
num_inconsistent_stats: 0.

CodeHeap 'non-profiled nmethods': size=120000Kb used=1260Kb max_used=1260Kb free=118739Kb
 bounds [0x000002c12fcc0000, 0x000002c12ff30000, 0x000002c1371f0000]
CodeHeap 'profiled nmethods': size=120000Kb used=6111Kb max_used=6111Kb free=113888Kb
 bounds [0x000002c1281f0000, 0x000002c1287f0000, 0x000002c12f720000]
CodeHeap 'non-nmethods': size=5760Kb used=1183Kb max_used=1272Kb free=4576Kb
 bounds [0x000002c12f720000, 0x000002c12f990000, 0x000002c12fcc0000]
 total_blobs=3460 nmethods=2990 adapters=380
 compilation: enabled
              stopped_count=0, restarted_count=0
 full_count=0

Compilation events (20 events):
Event: 9.812 Thread 0x000002c18418d910 nmethod 2769 0x000002c12fdece90 code [0x000002c12fded060, 0x000002c12fdee0b8]
Event: 9.812 Thread 0x000002c18418d910 2821       4       java.util.ArrayList::add (25 bytes)
Event: 9.812 Thread 0x000002c13e9665e0 nmethod 2911 0x000002c1287ccc10 code [0x000002c1287ccdc0, 0x000002c1287cd088]
Event: 9.818 Thread 0x000002c13e9665e0 2912       3       java.util.regex.Pattern$TreeInfo::reset (21 bytes)
Event: 9.818 Thread 0x000002c13e9665e0 nmethod 2912 0x000002c1287cd190 code [0x000002c1287cd320, 0x000002c1287cd438]
Event: 9.818 Thread 0x000002c13e9665e0 2913   !   3       java.util.regex.Pattern::matcher (44 bytes)
Event: 9.819 Thread 0x000002c13e9665e0 nmethod 2913 0x000002c1287cd510 code [0x000002c1287cd6c0, 0x000002c1287cda38]
Event: 9.819 Thread 0x000002c13e9665e0 2914       3       org.apache.maven.model.merge.ModelMerger::mergeConfigurationContainer_Configuration (67 bytes)
Event: 9.820 Thread 0x000002c13e9665e0 nmethod 2914 0x000002c1287cdb90 code [0x000002c1287cdda0, 0x000002c1287ce668]
Event: 9.820 Thread 0x000002c13e9665e0 2915       1       org.eclipse.aether.DefaultRepositorySystemSession::getData (5 bytes)
Event: 9.820 Thread 0x000002c13e9665e0 nmethod 2915 0x000002c12fdee690 code [0x000002c12fdee820, 0x000002c12fdee8f8]
Event: 9.820 Thread 0x000002c13e9665e0 2916       3       org.eclipse.aether.repository.RemoteRepository::hash (13 bytes)
Event: 9.820 Thread 0x000002c13e9665e0 nmethod 2916 0x000002c1287ce910 code [0x000002c1287ceac0, 0x000002c1287cece8]
Event: 9.821 Thread 0x000002c18418d910 nmethod 2821 0x000002c12fdee990 code [0x000002c12fdeeb40, 0x000002c12fdef328]
Event: 9.821 Thread 0x000002c18418d910 2856       4       org.apache.maven.model.validation.DefaultModelValidator::isValidIdCharacter (60 bytes)
Event: 9.822 Thread 0x000002c18418d910 nmethod 2856 0x000002c12fdef590 code [0x000002c12fdef700, 0x000002c12fdef7f8]
Event: 9.822 Thread 0x000002c18418d910 2828       4       org.apache.maven.model.interpolation.StringVisitorModelInterpolator$ModelVisitor::interpolate (11 bytes)
Event: 9.824 Thread 0x000002c13e9665e0 2917       3       java.util.Collection::stream (11 bytes)
Event: 9.824 Thread 0x000002c13e9665e0 nmethod 2917 0x000002c1287ced90 code [0x000002c1287cef40, 0x000002c1287cf138]
Event: 9.824 Thread 0x000002c13e9665e0 2918       3       java.util.regex.Pattern::sequence (647 bytes)

GC Heap History (4 events):
Event: 7.067 GC heap before
{Heap before GC invocations=0 (full 0):
 garbage-first heap   total 129024K, used 23552K [0x0000000083e00000, 0x0000000100000000)
  region size 1024K, 23 young (23552K), 0 survivors (0K)
 Metaspace       used 5410K, committed 5568K, reserved 1114112K
  class space    used 658K, committed 768K, reserved 1048576K
}
Event: 7.073 GC heap after
{Heap after GC invocations=1 (full 0):
 garbage-first heap   total 129024K, used 3722K [0x0000000083e00000, 0x0000000100000000)
  region size 1024K, 3 young (3072K), 3 survivors (3072K)
 Metaspace       used 5410K, committed 5568K, reserved 1114112K
  class space    used 658K, committed 768K, reserved 1048576K
}
Event: 7.623 GC heap before
{Heap before GC invocations=1 (full 0):
 garbage-first heap   total 129024K, used 35466K [0x0000000083e00000, 0x0000000100000000)
  region size 1024K, 34 young (34816K), 3 survivors (3072K)
 Metaspace       used 9497K, committed 9664K, reserved 1114112K
  class space    used 1157K, committed 1216K, reserved 1048576K
}
Event: 7.629 GC heap after
{Heap after GC invocations=2 (full 0):
 garbage-first heap   total 129024K, used 5350K [0x0000000083e00000, 0x0000000100000000)
  region size 1024K, 2 young (2048K), 2 survivors (2048K)
 Metaspace       used 9497K, committed 9664K, reserved 1114112K
  class space    used 1157K, committed 1216K, reserved 1048576K
}

Deoptimization events (20 events):
Event: 9.711 Thread 0x000002c120930fc0 Uncommon trap: reason=unstable_if action=reinterpret pc=0x000002c12fdb9150 method=org.codehaus.plexus.util.xml.pull.MXParser.isValidCodePoint(I)Z @ 3 c2
Event: 9.711 Thread 0x000002c120930fc0 DEOPT PACKING pc=0x000002c12fdb9150 sp=0x000000d123cfd7d0
Event: 9.711 Thread 0x000002c120930fc0 DEOPT UNPACKING pc=0x000002c12f7723a3 sp=0x000000d123cfd760 mode 2
Event: 9.784 Thread 0x000002c120930fc0 Uncommon trap: trap_request=0xffffff45 fr.pc=0x000002c12fdd4f84 relative=0x0000000000000364
Event: 9.784 Thread 0x000002c120930fc0 Uncommon trap: reason=unstable_if action=reinterpret pc=0x000002c12fdd4f84 method=java.lang.StringUTF16.compress([CII)[B @ 13 c2
Event: 9.784 Thread 0x000002c120930fc0 DEOPT PACKING pc=0x000002c12fdd4f84 sp=0x000000d123cfd860
Event: 9.784 Thread 0x000002c120930fc0 DEOPT UNPACKING pc=0x000002c12f7723a3 sp=0x000000d123cfd7a0 mode 2
Event: 9.789 Thread 0x000002c120930fc0 Uncommon trap: trap_request=0xffffff45 fr.pc=0x000002c12fce43fc relative=0x000000000000017c
Event: 9.789 Thread 0x000002c120930fc0 Uncommon trap: reason=unstable_if action=reinterpret pc=0x000002c12fce43fc method=java.lang.String.indexOf(II)I @ 4 c2
Event: 9.789 Thread 0x000002c120930fc0 DEOPT PACKING pc=0x000002c12fce43fc sp=0x000000d123cfd8d0
Event: 9.789 Thread 0x000002c120930fc0 DEOPT UNPACKING pc=0x000002c12f7723a3 sp=0x000000d123cfd800 mode 2
Event: 9.789 Thread 0x000002c120930fc0 Uncommon trap: trap_request=0xffffff45 fr.pc=0x000002c12fcf1204 relative=0x00000000000004e4
Event: 9.789 Thread 0x000002c120930fc0 Uncommon trap: reason=unstable_if action=reinterpret pc=0x000002c12fcf1204 method=java.lang.String.substring(II)Ljava/lang/String; @ 31 c2
Event: 9.789 Thread 0x000002c120930fc0 DEOPT PACKING pc=0x000002c12fcf1204 sp=0x000000d123cfd860
Event: 9.789 Thread 0x000002c120930fc0 DEOPT UNPACKING pc=0x000002c12f7723a3 sp=0x000000d123cfd830 mode 2
Event: 9.789 Thread 0x000002c120930fc0 Uncommon trap: trap_request=0xffffff45 fr.pc=0x000002c12fd354bc relative=0x000000000000021c
Event: 9.789 Thread 0x000002c120930fc0 Uncommon trap: reason=unstable_if action=reinterpret pc=0x000002c12fd354bc method=java.lang.StringUTF16.compress([CII)[B @ 13 c2
Event: 9.789 Thread 0x000002c120930fc0 DEOPT PACKING pc=0x000002c12fd354bc sp=0x000000d123cfd6c0
Event: 9.789 Thread 0x000002c120930fc0 DEOPT UNPACKING pc=0x000002c12f7723a3 sp=0x000000d123cfd648 mode 2
Event: 9.924 Thread 0x000002c120930fc0 Uncommon trap: trap_request=0xffffff45 fr.pc=0x000002c12fce6658 relative=0x0000000000000358

Classes unloaded (0 events):
No events

Classes redefined (0 events):
No events

Internal exceptions (20 events):
Event: 4.790 Thread 0x000002c120930fc0 Exception <a 'java/lang/NoSuchMethodError'{0x000000008aea3078}: 'void java.lang.invoke.DirectMethodHandle$Holder.invokeSpecial(java.lang.Object, java.lang.Object, java.lang.Object)'> (0x000000008aea3078) 
thrown [s\open\src\hotspot\share\interpreter\linkResolver.cpp, line 759]
Event: 4.834 Thread 0x000002c120930fc0 Exception <a 'java/lang/NoSuchMethodError'{0x000000008ac071e0}: 'java.lang.Object java.lang.invoke.DirectMethodHandle$Holder.invokeInterface(java.lang.Object, java.lang.Object)'> (0x000000008ac071e0) 
thrown [s\open\src\hotspot\share\interpreter\linkResolver.cpp, line 759]
Event: 4.850 Thread 0x000002c120930fc0 Exception <a 'java/lang/NoSuchMethodError'{0x000000008acb3120}: 'java.lang.Object java.lang.invoke.Invokers$Holder.invokeExact_MT(java.lang.Object, java.lang.Object, java.lang.Object, java.lang.Object, java.lang.Object, java.lang.Object)'> (0x000000008acb3120) 
thrown [s\open\src\hotspot\share\interpreter\linkResolver.cpp, line 759]
Event: 4.852 Thread 0x000002c120930fc0 Exception <a 'java/lang/NoSuchMethodError'{0x000000008acc4580}: 'int java.lang.invoke.DirectMethodHandle$Holder.invokeSpecialIFC(java.lang.Object, java.lang.Object, java.lang.Object, java.lang.Object, java.lang.Object)'> (0x000000008acc4580) 
thrown [s\open\src\hotspot\share\interpreter\linkResolver.cpp, line 759]
Event: 4.921 Thread 0x000002c120930fc0 Exception <a 'java/lang/NoSuchMethodError'{0x000000008aa711a0}: 'java.lang.Object java.lang.invoke.DirectMethodHandle$Holder.newInvokeSpecial(java.lang.Object, java.lang.Object, java.lang.Object, java.lang.Object, java.lang.Object)'> (0x000000008aa711a0) 
thrown [s\open\src\hotspot\share\interpreter\linkResolver.cpp, line 759]
Event: 4.954 Thread 0x000002c120930fc0 Exception <a 'java/lang/NoSuchMethodError'{0x000000008a994a68}: 'int java.lang.invoke.DirectMethodHandle$Holder.invokeStaticInit(java.lang.Object, java.lang.Object)'> (0x000000008a994a68) 
thrown [s\open\src\hotspot\share\interpreter\linkResolver.cpp, line 759]
Event: 4.961 Thread 0x000002c120930fc0 Exception <a 'java/lang/NoClassDefFoundError'{0x000000008a9cd8d8}: javax/enterprise/inject/Typed> (0x000000008a9cd8d8) 
thrown [s\open\src\hotspot\share\classfile\systemDictionary.cpp, line 245]
Event: 7.802 Thread 0x000002c120930fc0 Exception <a 'java/lang/NoSuchMethodError'{0x000000008b78c7f0}: 'void java.lang.invoke.DirectMethodHandle$Holder.invokeStaticInit(java.lang.Object, java.lang.Object, java.lang.Object)'> (0x000000008b78c7f0) 
thrown [s\open\src\hotspot\share\interpreter\linkResolver.cpp, line 759]
Event: 7.812 Thread 0x000002c120930fc0 Exception <a 'java/lang/ExceptionInInitializerError'{0x000000008b7b9c18}> (0x000000008b7b9c18) 
thrown [s\open\src\hotspot\share\oops\instanceKlass.cpp, line 1216]
Event: 7.830 Thread 0x000002c120930fc0 Implicit null exception at 0x000002c12fd381af to 0x000002c12fd3830c
Event: 7.833 Thread 0x000002c120930fc0 Exception <a 'java/lang/NoSuchMethodError'{0x000000008b6217c8}: 'java.lang.Object java.lang.invoke.Invokers$Holder.invokeExact_MT(java.lang.Object, int, java.lang.Object)'> (0x000000008b6217c8) 
thrown [s\open\src\hotspot\share\interpreter\linkResolver.cpp, line 759]
Event: 8.859 Thread 0x000002c120930fc0 Exception <a 'java/lang/NoSuchMethodError'{0x000000008b688998}: 'int java.lang.invoke.DirectMethodHandle$Holder.invokeSpecial(java.lang.Object, java.lang.Object, java.lang.Object, java.lang.Object)'> (0x000000008b688998) 
thrown [s\open\src\hotspot\share\interpreter\linkResolver.cpp, line 759]
Event: 9.167 Thread 0x000002c120930fc0 Exception <a 'java/lang/NoClassDefFoundError'{0x000000008aec3730}: com/google/inject/servlet/ServletModuleTargetVisitor> (0x000000008aec3730) 
thrown [s\open\src\hotspot\share\classfile\systemDictionary.cpp, line 245]
Event: 9.240 Thread 0x000002c120930fc0 Exception <a 'java/lang/NoSuchMethodError'{0x000000008ac59af0}: 'void java.lang.invoke.DirectMethodHandle$Holder.invokeVirtual(java.lang.Object, java.lang.Object)'> (0x000000008ac59af0) 
thrown [s\open\src\hotspot\share\interpreter\linkResolver.cpp, line 759]
Event: 9.270 Thread 0x000002c120930fc0 Exception <a 'java/lang/NoSuchMethodError'{0x000000008acd2340}: 'java.lang.Object java.lang.invoke.DirectMethodHandle$Holder.invokeStaticInit(java.lang.Object, int, int, int, int)'> (0x000000008acd2340) 
thrown [s\open\src\hotspot\share\interpreter\linkResolver.cpp, line 759]
Event: 9.391 Thread 0x000002c120930fc0 Implicit null exception at 0x000002c12fce3672 to 0x000002c12fce3c8c
Event: 9.391 Thread 0x000002c120930fc0 Implicit null exception at 0x000002c12fce69f2 to 0x000002c12fce702c
Event: 9.446 Thread 0x000002c120930fc0 Exception <a 'java/lang/NoSuchMethodError'{0x000000008a693e60}: 'void java.lang.invoke.DirectMethodHandle$Holder.invokeSpecial(java.lang.Object, java.lang.Object, java.lang.Object, java.lang.Object, java.lang.Object)'> (0x000000008a693e60) 
thrown [s\open\src\hotspot\share\interpreter\linkResolver.cpp, line 759]
Event: 9.453 Thread 0x000002c120930fc0 Exception <a 'java/lang/NoSuchMethodError'{0x000000008a6b14e8}: 'void java.lang.invoke.DirectMethodHandle$Holder.invokeSpecial(java.lang.Object, java.lang.Object, java.lang.Object, java.lang.Object, java.lang.Object, java.lang.Object)'> (0x000000008a6b14e8) 
thrown [s\open\src\hotspot\share\interpreter\linkResolver.cpp, line 759]
Event: 9.486 Thread 0x000002c120930fc0 Exception <a 'java/lang/NoSuchMethodError'{0x000000008a5a8798}: 'java.lang.Object java.lang.invoke.DirectMethodHandle$Holder.invokeVirtual(java.lang.Object, java.lang.Object, java.lang.Object)'> (0x000000008a5a8798) 
thrown [s\open\src\hotspot\share\interpreter\linkResolver.cpp, line 759]

VM Operations (20 events):
Event: 8.886 Executing VM operation: HandshakeAllThreads done
Event: 8.888 Executing VM operation: HandshakeAllThreads
Event: 8.888 Executing VM operation: HandshakeAllThreads done
Event: 8.962 Executing VM operation: HandshakeAllThreads
Event: 8.962 Executing VM operation: HandshakeAllThreads done
Event: 9.140 Executing VM operation: HandshakeAllThreads
Event: 9.140 Executing VM operation: HandshakeAllThreads done
Event: 9.254 Executing VM operation: HandshakeAllThreads
Event: 9.254 Executing VM operation: HandshakeAllThreads done
Event: 9.275 Executing VM operation: ICBufferFull
Event: 9.275 Executing VM operation: ICBufferFull done
Event: 9.286 Executing VM operation: HandshakeAllThreads
Event: 9.286 Executing VM operation: HandshakeAllThreads done
Event: 9.361 Executing VM operation: HandshakeAllThreads
Event: 9.361 Executing VM operation: HandshakeAllThreads done
Event: 9.362 Executing VM operation: HandshakeAllThreads
Event: 9.362 Executing VM operation: HandshakeAllThreads done
Event: 9.812 Executing VM operation: ICBufferFull
Event: 9.813 Executing VM operation: ICBufferFull done
Event: 10.816 Executing VM operation: Cleanup

Events (20 events):
Event: 9.432 loading class java/nio/channels/spi/AbstractInterruptibleChannel$1
Event: 9.432 loading class sun/nio/ch/Interruptible
Event: 9.432 loading class sun/nio/ch/Interruptible done
Event: 9.432 loading class java/nio/channels/spi/AbstractInterruptibleChannel$1 done
Event: 9.433 loading class java/util/AbstractMap$2
Event: 9.433 loading class java/util/AbstractMap$2 done
Event: 9.433 loading class java/util/AbstractMap$2$1
Event: 9.433 loading class java/util/AbstractMap$2$1 done
Event: 9.448 loading class java/lang/invoke/MethodHandle$1
Event: 9.449 loading class java/lang/invoke/MethodHandle$1 done
Event: 9.514 loading class sun/util/resources/LocaleData$CommonResourceBundleProvider
Event: 9.515 loading class sun/util/resources/LocaleData$LocaleDataResourceBundleProvider
Event: 9.515 loading class java/util/spi/ResourceBundleProvider
Event: 9.515 loading class java/util/spi/ResourceBundleProvider done
Event: 9.515 loading class sun/util/resources/LocaleData$LocaleDataResourceBundleProvider done
Event: 9.515 loading class sun/util/resources/LocaleData$CommonResourceBundleProvider done
Event: 9.515 loading class sun/util/resources/Bundles$2
Event: 9.516 loading class sun/util/resources/Bundles$2 done
Event: 9.643 loading class java/util/stream/Streams$RangeIntSpliterator
Event: 9.643 loading class java/util/stream/Streams$RangeIntSpliterator done


Dynamic libraries:
0x00007ff6decc0000 - 0x00007ff6decd0000 	C:\Program Files\Java\jdk-17\bin\java.exe
0x00007fff9bda0000 - 0x00007fff9c008000 	C:\WINDOWS\SYSTEM32\ntdll.dll
0x00007fff9ae80000 - 0x00007fff9af49000 	C:\WINDOWS\System32\KERNEL32.DLL
0x00007fff98f50000 - 0x00007fff99348000 	C:\WINDOWS\System32\KERNELBASE.dll
0x00007fff99350000 - 0x00007fff9949b000 	C:\WINDOWS\System32\ucrtbase.dll
0x00007fff80ed0000 - 0x00007fff80ee9000 	C:\Program Files\Java\jdk-17\bin\jli.dll
0x00007fff7f800000 - 0x00007fff7f81b000 	C:\Program Files\Java\jdk-17\bin\VCRUNTIME140.dll
0x00007fff99b10000 - 0x00007fff99bc4000 	C:\WINDOWS\System32\ADVAPI32.dll
0x00007fff9b9e0000 - 0x00007fff9ba89000 	C:\WINDOWS\System32\msvcrt.dll
0x00007fff9b510000 - 0x00007fff9b5b6000 	C:\WINDOWS\System32\sechost.dll
0x00007fff9ab80000 - 0x00007fff9ac98000 	C:\WINDOWS\System32\RPCRT4.dll
0x00007fff99d60000 - 0x00007fff99f27000 	C:\WINDOWS\System32\USER32.dll
0x00007fff81c10000 - 0x00007fff81ea4000 	C:\WINDOWS\WinSxS\amd64_microsoft.windows.common-controls_6595b64144ccf1df_6.0.26100.7019_none_3e06ffa0e335b8a8\COMCTL32.dll
0x00007fff99970000 - 0x00007fff99997000 	C:\WINDOWS\System32\win32u.dll
0x00007fff9a2c0000 - 0x00007fff9a2eb000 	C:\WINDOWS\System32\GDI32.dll
0x00007fff99790000 - 0x00007fff998bc000 	C:\WINDOWS\System32\gdi32full.dll
0x00007fff998c0000 - 0x00007fff99963000 	C:\WINDOWS\System32\msvcp_win.dll
0x00007fff8a070000 - 0x00007fff8a07b000 	C:\WINDOWS\SYSTEM32\VERSION.dll
0x00007fff9af50000 - 0x00007fff9af81000 	C:\WINDOWS\System32\IMM32.DLL
0x00007fff86c70000 - 0x00007fff86c7c000 	C:\Program Files\Java\jdk-17\bin\vcruntime140_1.dll
0x00007fff7af90000 - 0x00007fff7b01e000 	C:\Program Files\Java\jdk-17\bin\msvcp140.dll
0x00007fff3b610000 - 0x00007fff3c1f0000 	C:\Program Files\Java\jdk-17\bin\server\jvm.dll
0x00007fff99d40000 - 0x00007fff99d48000 	C:\WINDOWS\System32\PSAPI.DLL
0x00007fff813a0000 - 0x00007fff813aa000 	C:\WINDOWS\SYSTEM32\WSOCK32.dll
0x00007fff820d0000 - 0x00007fff82105000 	C:\WINDOWS\SYSTEM32\WINMM.dll
0x00007fff9a2f0000 - 0x00007fff9a364000 	C:\WINDOWS\System32\WS2_32.dll
0x00007fff97c80000 - 0x00007fff97c9b000 	C:\WINDOWS\SYSTEM32\kernel.appcore.dll
0x00007fff80ec0000 - 0x00007fff80eca000 	C:\Program Files\Java\jdk-17\bin\jimage.dll
0x00007fff932f0000 - 0x00007fff93532000 	C:\WINDOWS\SYSTEM32\DBGHELP.DLL
0x00007fff99f30000 - 0x00007fff9a2bb000 	C:\WINDOWS\System32\combase.dll
0x00007fff9aca0000 - 0x00007fff9ad77000 	C:\WINDOWS\System32\OLEAUT32.dll
0x00007fff6e900000 - 0x00007fff6e93c000 	C:\WINDOWS\SYSTEM32\dbgcore.DLL
0x00007fff994a0000 - 0x00007fff99545000 	C:\WINDOWS\System32\bcryptPrimitives.dll
0x00007fff7d6a0000 - 0x00007fff7d6c5000 	C:\Program Files\Java\jdk-17\bin\java.dll
0x00007fff70ee0000 - 0x00007fff70fb7000 	C:\Program Files\Java\jdk-17\bin\jsvml.dll
0x00007fff9a420000 - 0x00007fff9ab6f000 	C:\WINDOWS\System32\SHELL32.dll
0x00007fff999a0000 - 0x00007fff99b0b000 	C:\WINDOWS\System32\wintypes.dll
0x00007fff96b00000 - 0x00007fff9735d000 	C:\WINDOWS\SYSTEM32\windows.storage.dll
0x00007fff9ba90000 - 0x00007fff9bb82000 	C:\WINDOWS\System32\SHCORE.dll
0x00007fff9b850000 - 0x00007fff9b8b7000 	C:\WINDOWS\System32\shlwapi.dll
0x00007fff98de0000 - 0x00007fff98e09000 	C:\WINDOWS\SYSTEM32\profapi.dll
0x00007fff7d3f0000 - 0x00007fff7d409000 	C:\Program Files\Java\jdk-17\bin\net.dll
0x00007fff8ec80000 - 0x00007fff8eda8000 	C:\WINDOWS\SYSTEM32\WINHTTP.dll
0x00007fff981f0000 - 0x00007fff9825b000 	C:\WINDOWS\system32\mswsock.dll
0x00007fff7ba40000 - 0x00007fff7ba56000 	C:\Program Files\Java\jdk-17\bin\nio.dll
0x00007fff7ba20000 - 0x00007fff7ba38000 	C:\Program Files\Java\jdk-17\bin\zip.dll
0x00007fff7b740000 - 0x00007fff7b764000 	C:\Program Files\Apache\apache-maven-3.9.11\lib\jansi-native\Windows\x86_64\jansi.dll
0x00007fff80070000 - 0x00007fff80080000 	C:\Program Files\Java\jdk-17\bin\verify.dll

dbghelp: loaded successfully - version: 4.0.5 - missing functions: none
symbol engine: initialized successfully - sym options: 0x614 - pdb path: .;C:\Program Files\Java\jdk-17\bin;C:\WINDOWS\SYSTEM32;C:\WINDOWS\WinSxS\amd64_microsoft.windows.common-controls_6595b64144ccf1df_6.0.26100.7019_none_3e06ffa0e335b8a8;C:\Program Files\Java\jdk-17\bin\server;C:\Program Files\Apache\apache-maven-3.9.11\lib\jansi-native\Windows\x86_64

VM Arguments:
jvm_args: --enable-native-access=ALL-UNNAMED -Dclassworlds.conf=C:\Program Files\Apache\apache-maven-3.9.11\bin\m2.conf -Dmaven.home=C:\Program Files\Apache\apache-maven-3.9.11 -Dlibrary.jansi.path=C:\Program Files\Apache\apache-maven-3.9.11\lib\jansi-native -Dmaven.multiModuleProjectDirectory=C:\Users\PC\Desktop\IDL\tp7 
java_command: org.codehaus.plexus.classworlds.launcher.Launcher spring-boot:run
java_class_path (initial): C:\Program Files\Apache\apache-maven-3.9.11\boot\plexus-classworlds-2.9.0.jar
Launcher Type: SUN_STANDARD

[Global flags]
     intx CICompilerCount                          = 4                                         {product} {ergonomic}
     uint ConcGCThreads                            = 2                                         {product} {ergonomic}
     uint G1ConcRefinementThreads                  = 8                                         {product} {ergonomic}
   size_t G1HeapRegionSize                         = 1048576                                   {product} {ergonomic}
    uintx GCDrainStackTargetSize                   = 64                                        {product} {ergonomic}
   size_t InitialHeapSize                          = 132120576                                 {product} {ergonomic}
   size_t MarkStackSize                            = 4194304                                   {product} {ergonomic}
   size_t MaxHeapSize                              = 2082471936                                {product} {ergonomic}
   size_t MaxNewSize                               = 1248854016                                {product} {ergonomic}
   size_t MinHeapDeltaBytes                        = 1048576                                   {product} {ergonomic}
   size_t MinHeapSize                              = 8388608                                   {product} {ergonomic}
    uintx NonNMethodCodeHeapSize                   = 5839372                                {pd product} {ergonomic}
    uintx NonProfiledCodeHeapSize                  = 122909434                              {pd product} {ergonomic}
    uintx ProfiledCodeHeapSize                     = 122909434                              {pd product} {ergonomic}
    uintx ReservedCodeCacheSize                    = 251658240                              {pd product} {ergonomic}
     bool SegmentedCodeCache                       = true                                      {product} {ergonomic}
   size_t SoftMaxHeapSize                          = 2082471936                             {manageable} {ergonomic}
     bool UseCompressedClassPointers               = true                           {product lp64_product} {ergonomic}
     bool UseCompressedOops                        = true                           {product lp64_product} {ergonomic}
     bool UseG1GC                                  = true                                      {product} {ergonomic}
     bool UseLargePagesIndividualAllocation        = false                                  {pd product} {ergonomic}

Logging:
Log output configuration:
 #0: stdout all=warning uptime,level,tags
 #1: stderr all=off uptime,level,tags

Environment Variables:
JAVA_HOME=C:\Program Files\Java\jdk-17
PATH=C:\Program Files\Python314\Scripts\;C:\Program Files\Python314\;C:\oraclexe\app\oracle\product\11.2.0\server\bin;C:\WINDOWS\system32;C:\WINDOWS;C:\WINDOWS\System32\Wbem;C:\WINDOWS\System32\WindowsPowerShell\v1.0\;C:\WINDOWS\System32\OpenSSH\;C:\Program Files\dotnet\;C:\Program Files\nodejs\;C:\Users\PC\AppData\Roaming\Python\Python314\Scripts;C:\Program Files\Java\jdk-17\bin;C:\Program Files\Java\jdk-17\bin;C:\Program Files\Apache\apache-maven-3.9.11\bin;C:\Program Files\Git\cmd;C:\Users\PC\AppData\Local\Programs\Eclipse Adoptium\jdk-25.0.0.36-hotspot\bin;C:\Users\PC\AppData\Local\Microsoft\WindowsApps;C:\Users\PC\AppData\Local\Programs\Microsoft VS Code\bin;C:\Users\PC\AppData\Roaming\npm;c:\Users\PC\.vscode\extensions\vscjava.vscode-java-debug-0.58.3\bundled\scripts\noConfigScripts
USERNAME=PC
LANG=en_US.UTF-8
OS=Windows_NT
PROCESSOR_IDENTIFIER=Intel64 Family 6 Model 142 Stepping 12, GenuineIntel



---------------  S Y S T E M  ---------------

OS:
 Windows 11 , 64 bit Build 26100 (10.0.26100.7019)
OS uptime: 1 days 8:36 hours

CPU: total 8 (initial active 8) (4 cores per cpu, 2 threads per core) family 6 model 142 stepping 12 microcode 0xde, cx8, cmov, fxsr, ht, mmx, 3dnowpref, sse, sse2, sse3, ssse3, sse4.1, sse4.2, popcnt, lzcnt, tsc, tscinvbit, avx, avx2, aes, erms, clmul, bmi1, bmi2, adx, fma, vzeroupper, clflush, clflushopt

Memory: 4k page, system-wide physical 7942M (387M free)
TotalPageFile size 20967M (AvailPageFile size 10M)
current process WorkingSet (physical memory assigned to process): 120M, peak: 126M
current process commit charge ("private bytes"): 242M, peak: 254M

vm_info: Java HotSpot(TM) 64-Bit Server VM (17.0.12+8-LTS-286) for windows-amd64 JRE (17.0.12+8-LTS-286), built on Jun  5 2024 06:46:59 by "mach5one" with MS VC++ 17.6 (VS2022)

END.
