#
# There is insufficient memory for the Java Runtime Environment to continue.
# Native memory allocation (malloc) failed to allocate 1506576 bytes. Error detail: Chunk::new
# Possible reasons:
#   The system is out of physical RAM or swap space
#   This process is running with CompressedOops enabled, and the Java Heap may be blocking the growth of the native heap
# Possible solutions:
#   Reduce memory load on the system
#   Increase physical memory or swap space
#   Check if swap backing store is full
#   Decrease Java heap size (-Xmx/-Xms)
#   Decrease number of Java threads
#   Decrease Java thread stack sizes (-Xss)
#   Set larger code cache with -XX:ReservedCodeCacheSize=
#   JVM is running with Unscaled Compressed Oops mode in which the Java heap is
#     placed in the first 4GB address space. The Java Heap base address is the
#     maximum limit for the native heap growth. Please use -XX:HeapBaseMinAddress
#     to set the Java Heap base and to place the Java Heap above 4GB virtual address.
# This output file may be truncated or incomplete.
#
#  Out of Memory Error (arena.cpp:168), pid=14900, tid=19104
#
# JRE version: OpenJDK Runtime Environment Temurin-21.0.8+9 (21.0.8+9) (build 21.0.8+9-LTS)
# Java VM: OpenJDK 64-Bit Server VM Temurin-21.0.8+9 (21.0.8+9-LTS, mixed mode, sharing, tiered, compressed oops, compressed class ptrs, parallel gc, windows-amd64)
# No core dump will be written. Minidumps are not enabled by default on client versions of Windows
#

---------------  S U M M A R Y ------------

Command Line: --add-modules=ALL-SYSTEM --add-opens=java.base/java.util=ALL-UNNAMED --add-opens=java.base/java.lang=ALL-UNNAMED --add-opens=java.base/sun.nio.fs=ALL-UNNAMED -Declipse.application=org.eclipse.jdt.ls.core.id1 -Dosgi.bundles.defaultStartLevel=4 -Declipse.product=org.eclipse.jdt.ls.core.product -Djava.import.generatesMetadataFilesAtProjectRoot=false -DDetectVMInstallationsJob.disabled=true -Dfile.encoding=utf8 -XX:+UseParallelGC -XX:GCTimeRatio=4 -XX:AdaptiveSizePolicyWeight=90 -Dsun.zip.disableMemoryMapping=true -Xmx2G -Xms100m -Xlog:disable -javaagent:c:\Users\PC\.vscode\extensions\redhat.java-1.47.0-win32-x64\lombok\lombok-1.18.39-4050.jar -XX:+HeapDumpOnOutOfMemoryError -XX:HeapDumpPath=c:\Users\PC\AppData\Roaming\Code\User\workspaceStorage\ca0e87218a26ce5d17682f68f741d154\redhat.java -Daether.dependencyCollector.impl=bf c:\Users\PC\.vscode\extensions\redhat.java-1.47.0-win32-x64\server\plugins\org.eclipse.equinox.launcher_1.7.100.v20251014-1222.jar -configuration c:\Users\PC\AppData\Roaming\Code\User\globalStorage\redhat.java\1.47.0\config_win -data c:\Users\PC\AppData\Roaming\Code\User\workspaceStorage\ca0e87218a26ce5d17682f68f741d154\redhat.java\jdt_ws --pipe=\\.\pipe\lsp-285f036fc356efcc9c180132a748bebb-sock

Host: Intel(R) Core(TM) i5-10210U CPU @ 1.60GHz, 8 cores, 7G,  Windows 11 , 64 bit Build 26100 (10.0.26100.7019)
Time: Tue Nov 18 22:13:42 2025 Paris, Madrid elapsed time: 5.478945 seconds (0d 0h 0m 5s)

---------------  T H R E A D  ---------------

Current thread (0x000002238c745ea0):  JavaThread "C2 CompilerThread1" daemon [_thread_in_native, id=19104, stack(0x000000a530e00000,0x000000a530f00000) (1024K)]


Current CompileTask:
C2:5479 3465       4       java.lang.invoke.MethodType::makeImpl (109 bytes)

Stack: [0x000000a530e00000,0x000000a530f00000]
Native frames: (J=compiled Java code, j=interpreted, Vv=VM code, C=native code)
V  [jvm.dll+0x6d2449]
V  [jvm.dll+0x8ae341]
V  [jvm.dll+0x8b08be]
V  [jvm.dll+0x8b0fa3]
V  [jvm.dll+0x280c96]
V  [jvm.dll+0xc581d]
V  [jvm.dll+0xc5d53]
V  [jvm.dll+0x3b9162]
V  [jvm.dll+0x385315]
V  [jvm.dll+0x38477a]
V  [jvm.dll+0x248ed0]
V  [jvm.dll+0x2484af]
V  [jvm.dll+0x1c89ee]
V  [jvm.dll+0x257d4d]
V  [jvm.dll+0x2562ea]
V  [jvm.dll+0x3f2d16]
V  [jvm.dll+0x857e6b]
V  [jvm.dll+0x6d0b0d]
C  [ucrtbase.dll+0x37b0]
C  [KERNEL32.DLL+0x2e8d7]
C  [ntdll.dll+0x8c53c]


---------------  P R O C E S S  ---------------

Threads class SMR info:
_java_thread_list=0x000002238c63f0a0, length=22, elements={
0x000002232ddfc580, 0x000002234485cf00, 0x00000223448629a0, 0x0000022344866120,
0x0000022344868aa0, 0x000002234486e330, 0x000002234486ed80, 0x0000022344871480,
0x0000022344894470, 0x00000223872e7640, 0x0000022387532f20, 0x0000022387b99540,
0x0000022387da37f0, 0x000002238c0c83f0, 0x000002238c0cc8e0, 0x000002238c69b400,
0x000002238c28aa00, 0x000002238c5272c0, 0x000002238c71c420, 0x000002238c72a410,
0x000002238c727620, 0x000002238c745ea0
}

Java Threads: ( => current thread )
  0x000002232ddfc580 JavaThread "main"                              [_thread_blocked, id=26388, stack(0x000000a52ef00000,0x000000a52f000000) (1024K)]
  0x000002234485cf00 JavaThread "Reference Handler"          daemon [_thread_blocked, id=28592, stack(0x000000a52f300000,0x000000a52f400000) (1024K)]
  0x00000223448629a0 JavaThread "Finalizer"                  daemon [_thread_blocked, id=28432, stack(0x000000a52f400000,0x000000a52f500000) (1024K)]
  0x0000022344866120 JavaThread "Signal Dispatcher"          daemon [_thread_blocked, id=27236, stack(0x000000a52f500000,0x000000a52f600000) (1024K)]
  0x0000022344868aa0 JavaThread "Attach Listener"            daemon [_thread_blocked, id=17088, stack(0x000000a52f600000,0x000000a52f700000) (1024K)]
  0x000002234486e330 JavaThread "Service Thread"             daemon [_thread_blocked, id=13888, stack(0x000000a52f700000,0x000000a52f800000) (1024K)]
  0x000002234486ed80 JavaThread "Monitor Deflation Thread"   daemon [_thread_blocked, id=24504, stack(0x000000a52f800000,0x000000a52f900000) (1024K)]
  0x0000022344871480 JavaThread "C2 CompilerThread0"         daemon [_thread_blocked, id=26324, stack(0x000000a52f900000,0x000000a52fa00000) (1024K)]
  0x0000022344894470 JavaThread "C1 CompilerThread0"         daemon [_thread_in_vm, id=27652, stack(0x000000a52fa00000,0x000000a52fb00000) (1024K)]
  0x00000223872e7640 JavaThread "Common-Cleaner"             daemon [_thread_blocked, id=2556, stack(0x000000a52fb00000,0x000000a52fc00000) (1024K)]
  0x0000022387532f20 JavaThread "Notification Thread"        daemon [_thread_blocked, id=6556, stack(0x000000a52fc00000,0x000000a52fd00000) (1024K)]
  0x0000022387b99540 JavaThread "Active Thread: Equinox Container: f9039dcb-a2d4-4392-b78b-1a7442af4814"        [_thread_blocked, id=22596, stack(0x000000a530400000,0x000000a530500000) (1024K)]
  0x0000022387da37f0 JavaThread "Refresh Thread: Equinox Container: f9039dcb-a2d4-4392-b78b-1a7442af4814" daemon [_thread_blocked, id=1812, stack(0x000000a530500000,0x000000a530600000) (1024K)]
  0x000002238c0c83f0 JavaThread "Framework Event Dispatcher: Equinox Container: f9039dcb-a2d4-4392-b78b-1a7442af4814" daemon [_thread_blocked, id=25536, stack(0x000000a530700000,0x000000a530800000) (1024K)]
  0x000002238c0cc8e0 JavaThread "Start Level: Equinox Container: f9039dcb-a2d4-4392-b78b-1a7442af4814" daemon [_thread_blocked, id=26872, stack(0x000000a530800000,0x000000a530900000) (1024K)]
  0x000002238c69b400 JavaThread "Bundle File Closer"         daemon [_thread_blocked, id=20420, stack(0x000000a530900000,0x000000a530a00000) (1024K)]
  0x000002238c28aa00 JavaThread "SCR Component Actor"        daemon [_thread_blocked, id=27044, stack(0x000000a530a00000,0x000000a530b00000) (1024K)]
  0x000002238c5272c0 JavaThread "Worker-JM"                         [_thread_blocked, id=20232, stack(0x000000a530b00000,0x000000a530c00000) (1024K)]
  0x000002238c71c420 JavaThread "JNA Cleaner"                daemon [_thread_blocked, id=24192, stack(0x000000a52fd00000,0x000000a52fe00000) (1024K)]
  0x000002238c72a410 JavaThread "Worker-0: Checking project encoding"        [_thread_blocked, id=27612, stack(0x000000a530c00000,0x000000a530d00000) (1024K)]
  0x000002238c727620 JavaThread "Worker-1"                          [_thread_blocked, id=19776, stack(0x000000a530d00000,0x000000a530e00000) (1024K)]
=>0x000002238c745ea0 JavaThread "C2 CompilerThread1"         daemon [_thread_in_native, id=19104, stack(0x000000a530e00000,0x000000a530f00000) (1024K)]
Total: 22

Other Threads:
  0x000002234483fd20 VMThread "VM Thread"                           [id=25996, stack(0x000000a52f200000,0x000000a52f300000) (1024K)]
  0x000002232de6a6b0 WatcherThread "VM Periodic Task Thread"        [id=1260, stack(0x000000a52f100000,0x000000a52f200000) (1024K)]
  0x000002232de1b550 WorkerThread "GC Thread#0"                     [id=13384, stack(0x000000a52f000000,0x000000a52f100000) (1024K)]
  0x0000022387e0f220 WorkerThread "GC Thread#1"                     [id=20640, stack(0x000000a52fe00000,0x000000a52ff00000) (1024K)]
  0x0000022387894db0 WorkerThread "GC Thread#2"                     [id=28224, stack(0x000000a52ff00000,0x000000a530000000) (1024K)]
  0x000002238c05a340 WorkerThread "GC Thread#3"                     [id=22616, stack(0x000000a530000000,0x000000a530100000) (1024K)]
  0x000002238c05acf0 WorkerThread "GC Thread#4"                     [id=27944, stack(0x000000a530100000,0x000000a530200000) (1024K)]
  0x000002238c05b090 WorkerThread "GC Thread#5"                     [id=21372, stack(0x000000a530200000,0x000000a530300000) (1024K)]
  0x0000022387dbbb30 WorkerThread "GC Thread#6"                     [id=21972, stack(0x000000a530300000,0x000000a530400000) (1024K)]
  0x000002238c10e710 WorkerThread "GC Thread#7"                     [id=15288, stack(0x000000a530600000,0x000000a530700000) (1024K)]
Total: 10

Threads with active compile tasks:
C1 CompilerThread0  5506 3682       3       java.lang.invoke.LambdaForm$MH/0x00000223460b4400::invoke (35 bytes)
C2 CompilerThread1  5506 3465       4       java.lang.invoke.MethodType::makeImpl (109 bytes)
Total: 2

VM state: not at safepoint (normal execution)

VM Mutex/Monitor currently owned by a thread:  ([mutex/lock_event])
[0x00007fff20203fd8] MethodCompileQueue_lock - owner thread: 0x0000022344894470
[0x00007fff20205358] CodeCache_lock - owner thread: 0x0000022344894470
[0x00007fff202054d8] Compile_lock - owner thread: 0x0000022344894470

Heap address: 0x0000000080000000, size: 2048 MB, Compressed Oops mode: 32-bit

CDS archive(s) mapped at: [0x0000022345000000-0x0000022345ba0000-0x0000022345ba0000), size 12189696, SharedBaseAddress: 0x0000022345000000, ArchiveRelocationMode: 1.
Compressed class space mapped at: 0x0000022346000000-0x0000022386000000, reserved size: 1073741824
Narrow klass base: 0x0000022345000000, Narrow klass shift: 0, Narrow klass range: 0x100000000

GC Precious Log:
 CardTable entry size: 512
 CPUs: 8 total, 8 available
 Memory: 7942M
 Large Page Support: Disabled
 NUMA Support: Disabled
 Compressed Oops: Enabled (32-bit)
 Alignments: Space 512K, Generation 512K, Heap 2M
 Heap Min Capacity: 100M
 Heap Initial Capacity: 100M
 Heap Max Capacity: 2G
 Pre-touch: Disabled
 Parallel Workers: 8

Heap:
 PSYoungGen      total 29184K, used 19915K [0x00000000d5580000, 0x00000000d7880000, 0x0000000100000000)
  eden space 24576K, 62% used [0x00000000d5580000,0x00000000d6491f10,0x00000000d6d80000)
  from space 4608K, 97% used [0x00000000d7400000,0x00000000d7860f60,0x00000000d7880000)
  to   space 5120K, 0% used [0x00000000d6e80000,0x00000000d6e80000,0x00000000d7380000)
 ParOldGen       total 68608K, used 7869K [0x0000000080000000, 0x0000000084300000, 0x00000000d5580000)
  object space 68608K, 11% used [0x0000000080000000,0x00000000807af560,0x0000000084300000)
 Metaspace       used 20476K, committed 21440K, reserved 1114112K
  class space    used 2194K, committed 2624K, reserved 1048576K

Card table byte_map: [0x000002232d7d0000,0x000002232dbe0000] _byte_map_base: 0x000002232d3d0000

Marking Bits: (ParMarkBitMap*) 0x00007fff2020a340
 Begin Bits: [0x00000223402a0000, 0x00000223422a0000)
 End Bits:   [0x00000223422a0000, 0x00000223442a0000)

Polling page: 0x000002232d5c0000

Metaspace:

Usage:
  Non-class:     17.85 MB used.
      Class:      2.14 MB used.
       Both:     20.00 MB used.

Virtual space:
  Non-class space:       64.00 MB reserved,      18.38 MB ( 29%) committed,  1 nodes.
      Class space:        1.00 GB reserved,       2.56 MB ( <1%) committed,  1 nodes.
             Both:        1.06 GB reserved,      20.94 MB (  2%) committed. 

Chunk freelists:
   Non-Class:  13.58 MB
       Class:  13.37 MB
        Both:  26.95 MB

MaxMetaspaceSize: unlimited
CompressedClassSpaceSize: 1.00 GB
Initial GC threshold: 21.00 MB
Current GC threshold: 21.00 MB
CDS: on
 - commit_granule_bytes: 65536.
 - commit_granule_words: 8192.
 - virtual_space_node_default_size: 8388608.
 - enlarge_chunks_in_place: 1.
 - use_allocation_guard: 0.


Internal statistics:

num_allocs_failed_limit: 0.
num_arena_births: 704.
num_arena_deaths: 0.
num_vsnodes_births: 2.
num_vsnodes_deaths: 0.
num_space_committed: 335.
num_space_uncommitted: 0.
num_chunks_returned_to_freelist: 0.
num_chunks_taken_from_freelist: 1528.
num_chunk_merges: 0.
num_chunk_splits: 965.
num_chunks_enlarged: 574.
num_inconsistent_stats: 0.

CodeHeap 'non-profiled nmethods': size=120000Kb used=1586Kb max_used=1586Kb free=118413Kb
 bounds [0x0000022338ac0000, 0x0000022338d30000, 0x000002233fff0000]
CodeHeap 'profiled nmethods': size=120000Kb used=7487Kb max_used=7487Kb free=112512Kb
 bounds [0x0000022330ff0000, 0x0000022331740000, 0x0000022338520000]
CodeHeap 'non-nmethods': size=5760Kb used=1288Kb max_used=1314Kb free=4471Kb
 bounds [0x0000022338520000, 0x0000022338790000, 0x0000022338ac0000]
CodeCache: size=245760Kb, used=10361Kb, max_used=10387Kb, free=235396Kb
 total_blobs=4244, nmethods=3673, adapters=477, full_count=0
Compilation: enabled, stopped_count=0, restarted_count=0

Compilation events (20 events):
Event: 4.459 Thread 0x0000022344894470 3598       1       java.io.ObjectStreamField::getName (5 bytes)
Event: 4.459 Thread 0x0000022344894470 nmethod 3598 0x0000022338c44110 code [0x0000022338c442a0, 0x0000022338c44368]
Event: 4.459 Thread 0x0000022344894470 3602       3       java.lang.invoke.BoundMethodHandle::speciesDataFor (32 bytes)
Event: 4.459 Thread 0x0000022344894470 nmethod 3602 0x000002233171ea10 code [0x000002233171ebe0, 0x000002233171ef60]
Event: 4.459 Thread 0x0000022344871480 nmethod 3596 0x0000022338c44410 code [0x0000022338c445a0, 0x0000022338c44738]
Event: 4.459 Thread 0x0000022344894470 3603       3       java.lang.invoke.LambdaFormBuffer::insertExpression (30 bytes)
Event: 4.459 Thread 0x0000022344871480 3601       4       jdk.internal.org.objectweb.asm.Frame::push (109 bytes)
Event: 4.459 Thread 0x0000022344894470 nmethod 3603 0x000002233171f090 code [0x000002233171f240, 0x000002233171f398]
Event: 4.461 Thread 0x0000022344894470 3607       3       java.lang.invoke.MethodHandles$Lookup::restrictProtectedReceiver (51 bytes)
Event: 4.462 Thread 0x0000022344871480 nmethod 3601 0x0000022338c45590 code [0x0000022338c45720, 0x0000022338c45948]
Event: 4.462 Thread 0x0000022344894470 nmethod 3607 0x000002233171f490 code [0x000002233171f680, 0x000002233171fb58]
Event: 4.462 Thread 0x0000022344894470 3610       3       java.lang.invoke.MethodHandles$Lookup::checkMethod (87 bytes)
Event: 4.463 Thread 0x0000022344871480 3613       4       jdk.internal.org.objectweb.asm.SymbolTable::addConstantUtf8Reference (101 bytes)
Event: 4.463 Thread 0x0000022344894470 nmethod 3610 0x000002233171fd10 code [0x000002233171ff20, 0x0000022331720578]
Event: 4.463 Thread 0x0000022344894470 3609       3       java.lang.Module::allows (60 bytes)
Event: 4.463 Thread 0x0000022344894470 nmethod 3609 0x0000022331720790 code [0x00000223317209a0, 0x0000022331720fa0]
Event: 4.466 Thread 0x0000022344894470 3622       3       java.lang.invoke.LambdaFormEditor::oldSpeciesData (8 bytes)
Event: 4.466 Thread 0x0000022344894470 nmethod 3622 0x0000022331721110 code [0x00000223317212e0, 0x00000223317216e0]
Event: 4.467 Thread 0x0000022344894470 3623       3       java.lang.invoke.InvokerBytecodeGenerator::classData (173 bytes)
Event: 4.467 Thread 0x0000022344894470 nmethod 3623 0x0000022331721810 code [0x0000022331721ba0, 0x0000022331723068]

GC Heap History (12 events):
Event: 1.330 GC heap before
{Heap before GC invocations=1 (full 0):
 PSYoungGen      total 29696K, used 25600K [0x00000000d5580000, 0x00000000d7680000, 0x0000000100000000)
  eden space 25600K, 100% used [0x00000000d5580000,0x00000000d6e80000,0x00000000d6e80000)
  from space 4096K, 0% used [0x00000000d7280000,0x00000000d7280000,0x00000000d7680000)
  to   space 4096K, 0% used [0x00000000d6e80000,0x00000000d6e80000,0x00000000d7280000)
 ParOldGen       total 68608K, used 0K [0x0000000080000000, 0x0000000084300000, 0x00000000d5580000)
  object space 68608K, 0% used [0x0000000080000000,0x0000000080000000,0x0000000084300000)
 Metaspace       used 4333K, committed 4608K, reserved 1114112K
  class space    used 472K, committed 576K, reserved 1048576K
}
Event: 1.339 GC heap after
{Heap after GC invocations=1 (full 0):
 PSYoungGen      total 29696K, used 3303K [0x00000000d5580000, 0x00000000d7680000, 0x0000000100000000)
  eden space 25600K, 0% used [0x00000000d5580000,0x00000000d5580000,0x00000000d6e80000)
  from space 4096K, 80% used [0x00000000d6e80000,0x00000000d71b9e98,0x00000000d7280000)
  to   space 4096K, 0% used [0x00000000d7280000,0x00000000d7280000,0x00000000d7680000)
 ParOldGen       total 68608K, used 16K [0x0000000080000000, 0x0000000084300000, 0x00000000d5580000)
  object space 68608K, 0% used [0x0000000080000000,0x0000000080004000,0x0000000084300000)
 Metaspace       used 4333K, committed 4608K, reserved 1114112K
  class space    used 472K, committed 576K, reserved 1048576K
}
Event: 1.945 GC heap before
{Heap before GC invocations=2 (full 0):
 PSYoungGen      total 29696K, used 28903K [0x00000000d5580000, 0x00000000d7680000, 0x0000000100000000)
  eden space 25600K, 100% used [0x00000000d5580000,0x00000000d6e80000,0x00000000d6e80000)
  from space 4096K, 80% used [0x00000000d6e80000,0x00000000d71b9e98,0x00000000d7280000)
  to   space 4096K, 0% used [0x00000000d7280000,0x00000000d7280000,0x00000000d7680000)
 ParOldGen       total 68608K, used 16K [0x0000000080000000, 0x0000000084300000, 0x00000000d5580000)
  object space 68608K, 0% used [0x0000000080000000,0x0000000080004000,0x0000000084300000)
 Metaspace       used 7989K, committed 8256K, reserved 1114112K
  class space    used 839K, committed 960K, reserved 1048576K
}
Event: 1.951 GC heap after
{Heap after GC invocations=2 (full 0):
 PSYoungGen      total 29696K, used 4086K [0x00000000d5580000, 0x00000000d7680000, 0x0000000100000000)
  eden space 25600K, 0% used [0x00000000d5580000,0x00000000d5580000,0x00000000d6e80000)
  from space 4096K, 99% used [0x00000000d7280000,0x00000000d767d810,0x00000000d7680000)
  to   space 4096K, 0% used [0x00000000d6e80000,0x00000000d6e80000,0x00000000d7280000)
 ParOldGen       total 68608K, used 1790K [0x0000000080000000, 0x0000000084300000, 0x00000000d5580000)
  object space 68608K, 2% used [0x0000000080000000,0x00000000801bfbc0,0x0000000084300000)
 Metaspace       used 7989K, committed 8256K, reserved 1114112K
  class space    used 839K, committed 960K, reserved 1048576K
}
Event: 2.318 GC heap before
{Heap before GC invocations=3 (full 0):
 PSYoungGen      total 29696K, used 29686K [0x00000000d5580000, 0x00000000d7680000, 0x0000000100000000)
  eden space 25600K, 100% used [0x00000000d5580000,0x00000000d6e80000,0x00000000d6e80000)
  from space 4096K, 99% used [0x00000000d7280000,0x00000000d767d810,0x00000000d7680000)
  to   space 4096K, 0% used [0x00000000d6e80000,0x00000000d6e80000,0x00000000d7280000)
 ParOldGen       total 68608K, used 1790K [0x0000000080000000, 0x0000000084300000, 0x00000000d5580000)
  object space 68608K, 2% used [0x0000000080000000,0x00000000801bfbc0,0x0000000084300000)
 Metaspace       used 9431K, committed 9792K, reserved 1114112K
  class space    used 1010K, committed 1152K, reserved 1048576K
}
Event: 2.324 GC heap after
{Heap after GC invocations=3 (full 0):
 PSYoungGen      total 29696K, used 4067K [0x00000000d5580000, 0x00000000d7680000, 0x0000000100000000)
  eden space 25600K, 0% used [0x00000000d5580000,0x00000000d5580000,0x00000000d6e80000)
  from space 4096K, 99% used [0x00000000d6e80000,0x00000000d7278c88,0x00000000d7280000)
  to   space 4096K, 0% used [0x00000000d7280000,0x00000000d7280000,0x00000000d7680000)
 ParOldGen       total 68608K, used 4665K [0x0000000080000000, 0x0000000084300000, 0x00000000d5580000)
  object space 68608K, 6% used [0x0000000080000000,0x000000008048e578,0x0000000084300000)
 Metaspace       used 9431K, committed 9792K, reserved 1114112K
  class space    used 1010K, committed 1152K, reserved 1048576K
}
Event: 2.918 GC heap before
{Heap before GC invocations=4 (full 0):
 PSYoungGen      total 29696K, used 29667K [0x00000000d5580000, 0x00000000d7680000, 0x0000000100000000)
  eden space 25600K, 100% used [0x00000000d5580000,0x00000000d6e80000,0x00000000d6e80000)
  from space 4096K, 99% used [0x00000000d6e80000,0x00000000d7278c88,0x00000000d7280000)
  to   space 4096K, 0% used [0x00000000d7280000,0x00000000d7280000,0x00000000d7680000)
 ParOldGen       total 68608K, used 4665K [0x0000000080000000, 0x0000000084300000, 0x00000000d5580000)
  object space 68608K, 6% used [0x0000000080000000,0x000000008048e578,0x0000000084300000)
 Metaspace       used 12079K, committed 12480K, reserved 1114112K
  class space    used 1290K, committed 1472K, reserved 1048576K
}
Event: 2.924 GC heap after
{Heap after GC invocations=4 (full 0):
 PSYoungGen      total 29696K, used 4082K [0x00000000d5580000, 0x00000000d7680000, 0x0000000100000000)
  eden space 25600K, 0% used [0x00000000d5580000,0x00000000d5580000,0x00000000d6e80000)
  from space 4096K, 99% used [0x00000000d7280000,0x00000000d767ca08,0x00000000d7680000)
  to   space 4096K, 0% used [0x00000000d6e80000,0x00000000d6e80000,0x00000000d7280000)
 ParOldGen       total 68608K, used 6170K [0x0000000080000000, 0x0000000084300000, 0x00000000d5580000)
  object space 68608K, 8% used [0x0000000080000000,0x0000000080606858,0x0000000084300000)
 Metaspace       used 12079K, committed 12480K, reserved 1114112K
  class space    used 1290K, committed 1472K, reserved 1048576K
}
Event: 3.612 GC heap before
{Heap before GC invocations=5 (full 0):
 PSYoungGen      total 29696K, used 29682K [0x00000000d5580000, 0x00000000d7680000, 0x0000000100000000)
  eden space 25600K, 100% used [0x00000000d5580000,0x00000000d6e80000,0x00000000d6e80000)
  from space 4096K, 99% used [0x00000000d7280000,0x00000000d767ca08,0x00000000d7680000)
  to   space 4096K, 0% used [0x00000000d6e80000,0x00000000d6e80000,0x00000000d7280000)
 ParOldGen       total 68608K, used 6170K [0x0000000080000000, 0x0000000084300000, 0x00000000d5580000)
  object space 68608K, 8% used [0x0000000080000000,0x0000000080606858,0x0000000084300000)
 Metaspace       used 15976K, committed 16704K, reserved 1114112K
  class space    used 1666K, committed 1984K, reserved 1048576K
}
Event: 3.617 GC heap after
{Heap after GC invocations=5 (full 0):
 PSYoungGen      total 29184K, used 4071K [0x00000000d5580000, 0x00000000d7a00000, 0x0000000100000000)
  eden space 25088K, 0% used [0x00000000d5580000,0x00000000d5580000,0x00000000d6e00000)
  from space 4096K, 99% used [0x00000000d6e80000,0x00000000d7279ef0,0x00000000d7280000)
  to   space 6144K, 0% used [0x00000000d7400000,0x00000000d7400000,0x00000000d7a00000)
 ParOldGen       total 68608K, used 7861K [0x0000000080000000, 0x0000000084300000, 0x00000000d5580000)
  object space 68608K, 11% used [0x0000000080000000,0x00000000807ad560,0x0000000084300000)
 Metaspace       used 15976K, committed 16704K, reserved 1114112K
  class space    used 1666K, committed 1984K, reserved 1048576K
}
Event: 4.222 GC heap before
{Heap before GC invocations=6 (full 0):
 PSYoungGen      total 29184K, used 29159K [0x00000000d5580000, 0x00000000d7a00000, 0x0000000100000000)
  eden space 25088K, 100% used [0x00000000d5580000,0x00000000d6e00000,0x00000000d6e00000)
  from space 4096K, 99% used [0x00000000d6e80000,0x00000000d7279ef0,0x00000000d7280000)
  to   space 6144K, 0% used [0x00000000d7400000,0x00000000d7400000,0x00000000d7a00000)
 ParOldGen       total 68608K, used 7861K [0x0000000080000000, 0x0000000084300000, 0x00000000d5580000)
  object space 68608K, 11% used [0x0000000080000000,0x00000000807ad560,0x0000000084300000)
 Metaspace       used 18929K, committed 19776K, reserved 1114112K
  class space    used 2005K, committed 2368K, reserved 1048576K
}
Event: 4.228 GC heap after
{Heap after GC invocations=6 (full 0):
 PSYoungGen      total 29184K, used 4483K [0x00000000d5580000, 0x00000000d7880000, 0x0000000100000000)
  eden space 24576K, 0% used [0x00000000d5580000,0x00000000d5580000,0x00000000d6d80000)
  from space 4608K, 97% used [0x00000000d7400000,0x00000000d7860f60,0x00000000d7880000)
  to   space 5120K, 0% used [0x00000000d6e80000,0x00000000d6e80000,0x00000000d7380000)
 ParOldGen       total 68608K, used 7869K [0x0000000080000000, 0x0000000084300000, 0x00000000d5580000)
  object space 68608K, 11% used [0x0000000080000000,0x00000000807af560,0x0000000084300000)
 Metaspace       used 18929K, committed 19776K, reserved 1114112K
  class space    used 2005K, committed 2368K, reserved 1048576K
}

Dll operation events (10 events):
Event: 0.016 Loaded shared library c:\Users\PC\.vscode\extensions\redhat.java-1.47.0-win32-x64\jre\21.0.8-win32-x86_64\bin\java.dll
Event: 0.159 Loaded shared library c:\Users\PC\.vscode\extensions\redhat.java-1.47.0-win32-x64\jre\21.0.8-win32-x86_64\bin\zip.dll
Event: 0.238 Loaded shared library C:\Users\PC\.vscode\extensions\redhat.java-1.47.0-win32-x64\jre\21.0.8-win32-x86_64\bin\instrument.dll
Event: 0.253 Loaded shared library C:\Users\PC\.vscode\extensions\redhat.java-1.47.0-win32-x64\jre\21.0.8-win32-x86_64\bin\net.dll
Event: 0.257 Loaded shared library C:\Users\PC\.vscode\extensions\redhat.java-1.47.0-win32-x64\jre\21.0.8-win32-x86_64\bin\nio.dll
Event: 0.262 Loaded shared library C:\Users\PC\.vscode\extensions\redhat.java-1.47.0-win32-x64\jre\21.0.8-win32-x86_64\bin\zip.dll
Event: 0.307 Loaded shared library C:\Users\PC\.vscode\extensions\redhat.java-1.47.0-win32-x64\jre\21.0.8-win32-x86_64\bin\jimage.dll
Event: 0.584 Loaded shared library c:\Users\PC\.vscode\extensions\redhat.java-1.47.0-win32-x64\jre\21.0.8-win32-x86_64\bin\verify.dll
Event: 1.955 Loaded shared library C:\Users\PC\AppData\Roaming\Code\User\globalStorage\redhat.java\1.47.0\config_win\org.eclipse.equinox.launcher\org.eclipse.equinox.launcher.win32.win32.x86_64_1.2.1400.v20250801-0854\eclipse_11916.dll
Event: 3.820 Loaded shared library C:\Users\PC\AppData\Local\Temp\jna-2547\jna8102338455639978846.dll

Deoptimization events (20 events):
Event: 4.452 Thread 0x000002238c0cc8e0 Uncommon trap: trap_request=0xffffff45 fr.pc=0x0000022338c18760 relative=0x00000000000010e0
Event: 4.452 Thread 0x000002238c0cc8e0 Uncommon trap: reason=unstable_if action=reinterpret pc=0x0000022338c18760 method=jdk.internal.org.objectweb.asm.Frame.execute(IILjdk/internal/org/objectweb/asm/Symbol;Ljdk/internal/org/objectweb/asm/SymbolTable;)V @ 1 c2
Event: 4.452 Thread 0x000002238c0cc8e0 DEOPT PACKING pc=0x0000022338c18760 sp=0x000000a5308f2210
Event: 4.452 Thread 0x000002238c0cc8e0 DEOPT UNPACKING pc=0x0000022338573aa2 sp=0x000000a5308f2198 mode 2
Event: 4.453 Thread 0x000002238c0cc8e0 Uncommon trap: trap_request=0xffffffde fr.pc=0x0000022338bcad78 relative=0x0000000000000498
Event: 4.453 Thread 0x000002238c0cc8e0 Uncommon trap: reason=class_check action=maybe_recompile pc=0x0000022338bcad78 method=java.util.ImmutableCollections$MapN.probe(Ljava/lang/Object;)I @ 1 c2
Event: 4.453 Thread 0x000002238c0cc8e0 DEOPT PACKING pc=0x0000022338bcad78 sp=0x000000a5308f29d0
Event: 4.453 Thread 0x000002238c0cc8e0 DEOPT UNPACKING pc=0x0000022338573aa2 sp=0x000000a5308f2980 mode 2
Event: 4.453 Thread 0x000002238c0cc8e0 Uncommon trap: trap_request=0xffffffde fr.pc=0x0000022338bcad78 relative=0x0000000000000498
Event: 4.453 Thread 0x000002238c0cc8e0 Uncommon trap: reason=class_check action=maybe_recompile pc=0x0000022338bcad78 method=java.util.ImmutableCollections$MapN.probe(Ljava/lang/Object;)I @ 1 c2
Event: 4.453 Thread 0x000002238c0cc8e0 DEOPT PACKING pc=0x0000022338bcad78 sp=0x000000a5308f29d0
Event: 4.453 Thread 0x000002238c0cc8e0 DEOPT UNPACKING pc=0x0000022338573aa2 sp=0x000000a5308f2980 mode 2
Event: 4.453 Thread 0x000002238c0cc8e0 Uncommon trap: trap_request=0xffffffde fr.pc=0x0000022338bcad78 relative=0x0000000000000498
Event: 4.453 Thread 0x000002238c0cc8e0 Uncommon trap: reason=class_check action=maybe_recompile pc=0x0000022338bcad78 method=java.util.ImmutableCollections$MapN.probe(Ljava/lang/Object;)I @ 1 c2
Event: 4.453 Thread 0x000002238c0cc8e0 DEOPT PACKING pc=0x0000022338bcad78 sp=0x000000a5308f29d0
Event: 4.453 Thread 0x000002238c0cc8e0 DEOPT UNPACKING pc=0x0000022338573aa2 sp=0x000000a5308f2980 mode 2
Event: 4.453 Thread 0x000002238c0cc8e0 Uncommon trap: trap_request=0xffffffde fr.pc=0x0000022338bcad78 relative=0x0000000000000498
Event: 4.453 Thread 0x000002238c0cc8e0 Uncommon trap: reason=class_check action=maybe_recompile pc=0x0000022338bcad78 method=java.util.ImmutableCollections$MapN.probe(Ljava/lang/Object;)I @ 1 c2
Event: 4.453 Thread 0x000002238c0cc8e0 DEOPT PACKING pc=0x0000022338bcad78 sp=0x000000a5308f29d0
Event: 4.453 Thread 0x000002238c0cc8e0 DEOPT UNPACKING pc=0x0000022338573aa2 sp=0x000000a5308f2980 mode 2

Classes loaded (20 events):
Event: 4.453 Loading class java/io/ObjectStreamClass$DeserializationConstructorsCache$Key$Lookup
Event: 4.453 Loading class java/io/ObjectStreamClass$DeserializationConstructorsCache$Key
Event: 4.453 Loading class java/io/ObjectStreamClass$DeserializationConstructorsCache$Key done
Event: 4.453 Loading class java/io/ObjectStreamClass$DeserializationConstructorsCache$Key$Lookup done
Event: 4.455 Loading class java/lang/invoke/BoundMethodHandle$Species_LIL
Event: 4.455 Loading class java/lang/invoke/BoundMethodHandle$Species_LIL done
Event: 4.456 Loading class java/io/ObjectStreamClass$DeserializationConstructorsCache$Key$Impl
Event: 4.456 Loading class java/io/ObjectStreamClass$DeserializationConstructorsCache$Key$Impl done
Event: 4.457 Loading class java/lang/runtime/ObjectMethods
Event: 4.457 Loading class java/lang/runtime/ObjectMethods done
Event: 4.458 Loading class java/lang/invoke/MethodHandleImpl$Makers
Event: 4.458 Loading class java/lang/invoke/MethodHandleImpl$Makers done
Event: 4.458 Loading class java/lang/invoke/MethodHandleImpl$Makers$1
Event: 4.458 Loading class java/lang/invoke/MethodHandleImpl$Makers$1 done
Event: 4.458 Loading class java/lang/invoke/MethodHandleImpl$Makers$2
Event: 4.458 Loading class java/lang/invoke/MethodHandleImpl$Makers$2 done
Event: 4.459 Loading class java/lang/invoke/MethodHandleImpl$Makers$3
Event: 4.459 Loading class java/lang/invoke/MethodHandleImpl$Makers$3 done
Event: 4.460 Loading class java/lang/runtime/ObjectMethods$1
Event: 4.461 Loading class java/lang/runtime/ObjectMethods$1 done

Classes unloaded (0 events):
No events

Classes redefined (0 events):
No events

Internal exceptions (20 events):
Event: 3.956 Thread 0x000002238c0cc8e0 Exception <a 'java/lang/NoSuchMethodError'{0x00000000d5c6ec20}: 'java.lang.Object java.lang.invoke.DirectMethodHandle$Holder.invokeSpecial(java.lang.Object, java.lang.Object, java.lang.Object, int, java.lang.Object, java.lang.Object)'> (0x00000000d5c6ec20) 
thrown [s\src\hotspot\share\interpreter\linkResolver.cpp, line 773]
Event: 3.957 Thread 0x000002238c0cc8e0 Exception <a 'java/lang/NoSuchMethodError'{0x00000000d5c76638}: 'java.lang.Object java.lang.invoke.DirectMethodHandle$Holder.newInvokeSpecial(java.lang.Object, java.lang.Object, java.lang.Object, int, java.lang.Object)'> (0x00000000d5c76638) 
thrown [s\src\hotspot\share\interpreter\linkResolver.cpp, line 773]
Event: 3.958 Thread 0x000002238c0cc8e0 Exception <a 'java/lang/NoSuchMethodError'{0x00000000d5c7a5f8}: 'java.lang.Object java.lang.invoke.DirectMethodHandle$Holder.invokeSpecial(java.lang.Object, java.lang.Object, java.lang.Object, java.lang.Object, int, java.lang.Object)'> (0x00000000d5c7a5f8) 
thrown [s\src\hotspot\share\interpreter\linkResolver.cpp, line 773]
Event: 3.958 Thread 0x000002238c0cc8e0 Exception <a 'java/lang/NoSuchMethodError'{0x00000000d5c7e138}: 'java.lang.Object java.lang.invoke.Invokers$Holder.linkToTargetMethod(java.lang.Object, java.lang.Object, int, java.lang.Object, java.lang.Object)'> (0x00000000d5c7e138) 
thrown [s\src\hotspot\share\interpreter\linkResolver.cpp, line 773]
Event: 3.959 Thread 0x000002238c72a410 Exception <a 'java/lang/NoSuchMethodError'{0x00000000d5bace18}: 'java.lang.Object java.lang.invoke.DirectMethodHandle$Holder.invokeSpecial(java.lang.Object, java.lang.Object, int, java.lang.Object, java.lang.Object)'> (0x00000000d5bace18) 
thrown [s\src\hotspot\share\interpreter\linkResolver.cpp, line 773]
Event: 3.976 Thread 0x000002238c0cc8e0 Exception <a 'java/lang/NoSuchMethodError'{0x00000000d5d82540}: 'void java.lang.invoke.DirectMethodHandle$Holder.invokeSpecial(java.lang.Object, java.lang.Object, java.lang.Object, java.lang.Object, java.lang.Object)'> (0x00000000d5d82540) 
thrown [s\src\hotspot\share\interpreter\linkResolver.cpp, line 773]
Event: 4.098 Thread 0x000002238c0cc8e0 Exception <a 'java/lang/NoSuchMethodError'{0x00000000d65409a0}: 'java.lang.Object java.lang.invoke.DirectMethodHandle$Holder.invokeInterface(java.lang.Object, java.lang.Object, java.lang.Object)'> (0x00000000d65409a0) 
thrown [s\src\hotspot\share\interpreter\linkResolver.cpp, line 773]
Event: 4.159 Thread 0x000002238c0cc8e0 Exception <a 'java/lang/NoSuchMethodError'{0x00000000d69b3238}: 'java.lang.Object java.lang.invoke.Invokers$Holder.linkToTargetMethod(java.lang.Object, long, java.lang.Object, java.lang.Object)'> (0x00000000d69b3238) 
thrown [s\src\hotspot\share\interpreter\linkResolver.cpp, line 773]
Event: 4.436 Thread 0x000002238c0cc8e0 Exception <a 'java/lang/NoSuchMethodError'{0x00000000d61af100}: 'long java.lang.invoke.Invokers$Holder.invokeExact_MT(java.lang.Object, java.lang.Object)'> (0x00000000d61af100) 
thrown [s\src\hotspot\share\interpreter\linkResolver.cpp, line 773]
Event: 4.452 Thread 0x000002238c0cc8e0 Exception <a 'java/lang/NoSuchMethodError'{0x00000000d62e99b0}: 'long java.lang.invoke.DirectMethodHandle$Holder.invokeStatic(java.lang.Object, java.lang.Object, int)'> (0x00000000d62e99b0) 
thrown [s\src\hotspot\share\interpreter\linkResolver.cpp, line 773]
Event: 4.456 Thread 0x000002238c0cc8e0 Exception <a 'java/lang/NoSuchMethodError'{0x00000000d6332f48}: 'java.lang.Object java.lang.invoke.DirectMethodHandle$Holder.invokeStatic(java.lang.Object, java.lang.Object, java.lang.Object, java.lang.Object, int, java.lang.Object)'> (0x00000000d6332f48) 
thrown [s\src\hotspot\share\interpreter\linkResolver.cpp, line 773]
Event: 4.457 Thread 0x000002238c0cc8e0 Exception <a 'java/lang/NoSuchMethodError'{0x00000000d634d328}: 'java.lang.Object java.lang.invoke.DirectMethodHandle$Holder.invokeStaticInit(java.lang.Object, java.lang.Object, java.lang.Object, java.lang.Object, java.lang.Object, java.lang.Object, java.lang.Object)'> (0x00000000d634d328) 
thrown [s\src\hotspot\share\interpreter\linkResolver.cpp, line 773]
Event: 4.458 Thread 0x000002238c0cc8e0 Exception <a 'java/lang/NoSuchMethodError'{0x00000000d6352c28}: 'java.lang.Object java.lang.invoke.Invokers$Holder.invoke_MT(java.lang.Object, java.lang.Object, java.lang.Object, java.lang.Object, java.lang.Object, java.lang.Object, java.lang.Object, java.lang.Object, java.lang.Object)'> (0x00000000d6352c28) 
thrown [s\src\hotspot\share\interpreter\linkResolver.cpp, line 773]
Event: 4.461 Thread 0x000002238c0cc8e0 Exception <a 'java/lang/NoSuchMethodError'{0x00000000d63882a8}: 'int java.lang.invoke.DirectMethodHandle$Holder.invokeVirtual(java.lang.Object, java.lang.Object, java.lang.Object)'> (0x00000000d63882a8) 
thrown [s\src\hotspot\share\interpreter\linkResolver.cpp, line 773]
Event: 4.462 Thread 0x000002238c0cc8e0 Exception <a 'java/lang/NoSuchMethodError'{0x00000000d638d360}: 'int java.lang.invoke.DirectMethodHandle$Holder.invokeStaticInit(java.lang.Object, int, int)'> (0x00000000d638d360) 
thrown [s\src\hotspot\share\interpreter\linkResolver.cpp, line 773]
Event: 4.463 Thread 0x000002238c0cc8e0 Exception <a 'java/lang/NoSuchMethodError'{0x00000000d6395878}: 'int java.lang.invoke.DirectMethodHandle$Holder.invokeStaticInit(java.lang.Object, long, long)'> (0x00000000d6395878) 
thrown [s\src\hotspot\share\interpreter\linkResolver.cpp, line 773]
Event: 4.463 Thread 0x000002238c0cc8e0 Exception <a 'java/lang/NoSuchMethodError'{0x00000000d639d330}: 'int java.lang.invoke.DirectMethodHandle$Holder.invokeStaticInit(java.lang.Object, float, float)'> (0x00000000d639d330) 
thrown [s\src\hotspot\share\interpreter\linkResolver.cpp, line 773]
Event: 4.464 Thread 0x000002238c0cc8e0 Exception <a 'java/lang/NoSuchMethodError'{0x00000000d63a4de0}: 'int java.lang.invoke.DirectMethodHandle$Holder.invokeStaticInit(java.lang.Object, double, double)'> (0x00000000d63a4de0) 
thrown [s\src\hotspot\share\interpreter\linkResolver.cpp, line 773]
Event: 4.464 Thread 0x000002238c0cc8e0 Exception <a 'java/lang/NoSuchMethodError'{0x00000000d63aa368}: 'int java.lang.invoke.DirectMethodHandle$Holder.invokeStatic(java.lang.Object, long)'> (0x00000000d63aa368) 
thrown [s\src\hotspot\share\interpreter\linkResolver.cpp, line 773]
Event: 4.467 Thread 0x000002238c0cc8e0 Exception <a 'java/lang/NoSuchMethodError'{0x00000000d63c9b38}: 'int java.lang.invoke.Invokers$Holder.linkToTargetMethod(java.lang.Object, java.lang.Object)'> (0x00000000d63c9b38) 
thrown [s\src\hotspot\share\interpreter\linkResolver.cpp, line 773]

ZGC Phase Switch (0 events):
No events

VM Operations (20 events):
Event: 3.612 Executing VM operation: ParallelGCFailedAllocation (Allocation Failure)
Event: 3.617 Executing VM operation: ParallelGCFailedAllocation (Allocation Failure) done
Event: 3.656 Executing VM operation: HandshakeAllThreads (Deoptimize)
Event: 3.656 Executing VM operation: HandshakeAllThreads (Deoptimize) done
Event: 3.832 Executing VM operation: HandshakeAllThreads (Deoptimize)
Event: 3.832 Executing VM operation: HandshakeAllThreads (Deoptimize) done
Event: 4.046 Executing VM operation: HandshakeAllThreads (Deoptimize)
Event: 4.046 Executing VM operation: HandshakeAllThreads (Deoptimize) done
Event: 4.072 Executing VM operation: HandshakeAllThreads (Deoptimize)
Event: 4.072 Executing VM operation: HandshakeAllThreads (Deoptimize) done
Event: 4.077 Executing VM operation: HandshakeAllThreads (Deoptimize)
Event: 4.077 Executing VM operation: HandshakeAllThreads (Deoptimize) done
Event: 4.133 Executing VM operation: ICBufferFull
Event: 4.133 Executing VM operation: ICBufferFull done
Event: 4.222 Executing VM operation: ParallelGCFailedAllocation (Allocation Failure)
Event: 4.228 Executing VM operation: ParallelGCFailedAllocation (Allocation Failure) done
Event: 4.451 Executing VM operation: HandshakeAllThreads (Deoptimize)
Event: 4.451 Executing VM operation: HandshakeAllThreads (Deoptimize) done
Event: 5.459 Executing VM operation: Cleanup
Event: 5.459 Executing VM operation: Cleanup done

Memory protections (0 events):
No events

Nmethod flushes (0 events):
No events

Events (20 events):
Event: 0.071 Thread 0x000002232ddfc580 Thread added: 0x0000022344868aa0
Event: 0.071 Thread 0x000002232ddfc580 Thread added: 0x000002234486e330
Event: 0.071 Thread 0x000002232ddfc580 Thread added: 0x000002234486ed80
Event: 0.071 Thread 0x000002232ddfc580 Thread added: 0x0000022344871480
Event: 0.072 Thread 0x000002232ddfc580 Thread added: 0x0000022344894470
Event: 0.120 Thread 0x000002232ddfc580 Thread added: 0x00000223872e7640
Event: 0.763 Thread 0x000002232ddfc580 Thread added: 0x0000022387532f20
Event: 0.875 Thread 0x0000022344894470 Thread added: 0x0000022387642460
Event: 1.712 Thread 0x000002232ddfc580 Thread added: 0x0000022387b99540
Event: 1.941 Thread 0x000002232ddfc580 Thread added: 0x0000022387da37f0
Event: 1.986 Thread 0x0000022387da37f0 Thread added: 0x000002238c0c83f0
Event: 1.990 Thread 0x000002232ddfc580 Thread added: 0x000002238c0cc8e0
Event: 2.408 Thread 0x000002238c0cc8e0 Thread added: 0x000002238c69b400
Event: 2.792 Thread 0x000002238c0cc8e0 Thread added: 0x000002238c28aa00
Event: 3.262 Thread 0x000002238c0cc8e0 Thread added: 0x000002238c5272c0
Event: 3.430 Thread 0x0000022387642460 Thread exited: 0x0000022387642460
Event: 3.864 Thread 0x000002238c0cc8e0 Thread added: 0x000002238c71c420
Event: 3.919 Thread 0x000002238c0cc8e0 Thread added: 0x000002238c72a410
Event: 3.960 Thread 0x000002238c0cc8e0 Thread added: 0x000002238c727620
Event: 4.103 Thread 0x0000022344871480 Thread added: 0x000002238c745ea0


Dynamic libraries:
0x00007ff694100000 - 0x00007ff69410e000 	c:\Users\PC\.vscode\extensions\redhat.java-1.47.0-win32-x64\jre\21.0.8-win32-x86_64\bin\java.exe
0x00007fff9bda0000 - 0x00007fff9c008000 	C:\WINDOWS\SYSTEM32\ntdll.dll
0x00007fff9ae80000 - 0x00007fff9af49000 	C:\WINDOWS\System32\KERNEL32.DLL
0x00007fff98f50000 - 0x00007fff99348000 	C:\WINDOWS\System32\KERNELBASE.dll
0x00007fff99350000 - 0x00007fff9949b000 	C:\WINDOWS\System32\ucrtbase.dll
0x00007fff7b2c0000 - 0x00007fff7b2d8000 	c:\Users\PC\.vscode\extensions\redhat.java-1.47.0-win32-x64\jre\21.0.8-win32-x86_64\bin\jli.dll
0x00007fff6ddc0000 - 0x00007fff6ddde000 	c:\Users\PC\.vscode\extensions\redhat.java-1.47.0-win32-x64\jre\21.0.8-win32-x86_64\bin\VCRUNTIME140.dll
0x00007fff99d60000 - 0x00007fff99f27000 	C:\WINDOWS\System32\USER32.dll
0x00007fff81c10000 - 0x00007fff81ea4000 	C:\WINDOWS\WinSxS\amd64_microsoft.windows.common-controls_6595b64144ccf1df_6.0.26100.7019_none_3e06ffa0e335b8a8\COMCTL32.dll
0x00007fff99970000 - 0x00007fff99997000 	C:\WINDOWS\System32\win32u.dll
0x00007fff9a2c0000 - 0x00007fff9a2eb000 	C:\WINDOWS\System32\GDI32.dll
0x00007fff9b9e0000 - 0x00007fff9ba89000 	C:\WINDOWS\System32\msvcrt.dll
0x00007fff99790000 - 0x00007fff998bc000 	C:\WINDOWS\System32\gdi32full.dll
0x00007fff998c0000 - 0x00007fff99963000 	C:\WINDOWS\System32\msvcp_win.dll
0x00007fff9af50000 - 0x00007fff9af81000 	C:\WINDOWS\System32\IMM32.DLL
0x00007fff7f820000 - 0x00007fff7f82c000 	c:\Users\PC\.vscode\extensions\redhat.java-1.47.0-win32-x64\jre\21.0.8-win32-x86_64\bin\vcruntime140_1.dll
0x00007fff218b0000 - 0x00007fff2193d000 	c:\Users\PC\.vscode\extensions\redhat.java-1.47.0-win32-x64\jre\21.0.8-win32-x86_64\bin\msvcp140.dll
0x00007fff1f550000 - 0x00007fff202e7000 	c:\Users\PC\.vscode\extensions\redhat.java-1.47.0-win32-x64\jre\21.0.8-win32-x86_64\bin\server\jvm.dll
0x00007fff99b10000 - 0x00007fff99bc4000 	C:\WINDOWS\System32\ADVAPI32.dll
0x00007fff9b510000 - 0x00007fff9b5b6000 	C:\WINDOWS\System32\sechost.dll
0x00007fff9ab80000 - 0x00007fff9ac98000 	C:\WINDOWS\System32\RPCRT4.dll
0x00007fff9a2f0000 - 0x00007fff9a364000 	C:\WINDOWS\System32\WS2_32.dll
0x00007fff820d0000 - 0x00007fff82105000 	C:\WINDOWS\SYSTEM32\WINMM.dll
0x00007fff8a070000 - 0x00007fff8a07b000 	C:\WINDOWS\SYSTEM32\VERSION.dll
0x00007fff98d20000 - 0x00007fff98d7e000 	C:\WINDOWS\SYSTEM32\POWRPROF.dll
0x00007fff98d00000 - 0x00007fff98d14000 	C:\WINDOWS\SYSTEM32\UMPDC.dll
0x00007fff97c80000 - 0x00007fff97c9b000 	C:\WINDOWS\SYSTEM32\kernel.appcore.dll
0x00007fff7b820000 - 0x00007fff7b82a000 	c:\Users\PC\.vscode\extensions\redhat.java-1.47.0-win32-x64\jre\21.0.8-win32-x86_64\bin\jimage.dll
0x00007fff932f0000 - 0x00007fff93532000 	C:\WINDOWS\SYSTEM32\DBGHELP.DLL
0x00007fff99f30000 - 0x00007fff9a2bb000 	C:\WINDOWS\System32\combase.dll
0x00007fff9aca0000 - 0x00007fff9ad77000 	C:\WINDOWS\System32\OLEAUT32.dll
0x00007fff6e900000 - 0x00007fff6e93c000 	C:\WINDOWS\SYSTEM32\dbgcore.DLL
0x00007fff994a0000 - 0x00007fff99545000 	C:\WINDOWS\System32\bcryptPrimitives.dll
0x00007fff7b720000 - 0x00007fff7b72f000 	c:\Users\PC\.vscode\extensions\redhat.java-1.47.0-win32-x64\jre\21.0.8-win32-x86_64\bin\instrument.dll
0x00007fff64800000 - 0x00007fff6481f000 	c:\Users\PC\.vscode\extensions\redhat.java-1.47.0-win32-x64\jre\21.0.8-win32-x86_64\bin\java.dll
0x00007fff9a420000 - 0x00007fff9ab6f000 	C:\WINDOWS\System32\SHELL32.dll
0x00007fff999a0000 - 0x00007fff99b0b000 	C:\WINDOWS\System32\wintypes.dll
0x00007fff96b00000 - 0x00007fff9735d000 	C:\WINDOWS\SYSTEM32\windows.storage.dll
0x00007fff9ba90000 - 0x00007fff9bb82000 	C:\WINDOWS\System32\SHCORE.dll
0x00007fff9b850000 - 0x00007fff9b8b7000 	C:\WINDOWS\System32\shlwapi.dll
0x00007fff98de0000 - 0x00007fff98e09000 	C:\WINDOWS\SYSTEM32\profapi.dll
0x00007fff63700000 - 0x00007fff63718000 	c:\Users\PC\.vscode\extensions\redhat.java-1.47.0-win32-x64\jre\21.0.8-win32-x86_64\bin\zip.dll
0x00007fff70ec0000 - 0x00007fff70ed0000 	C:\Users\PC\.vscode\extensions\redhat.java-1.47.0-win32-x64\jre\21.0.8-win32-x86_64\bin\net.dll
0x00007fff8ec80000 - 0x00007fff8eda8000 	C:\WINDOWS\SYSTEM32\WINHTTP.dll
0x00007fff981f0000 - 0x00007fff9825b000 	C:\WINDOWS\system32\mswsock.dll
0x00007fff621a0000 - 0x00007fff621b6000 	C:\Users\PC\.vscode\extensions\redhat.java-1.47.0-win32-x64\jre\21.0.8-win32-x86_64\bin\nio.dll
0x00007fff70e70000 - 0x00007fff70e80000 	c:\Users\PC\.vscode\extensions\redhat.java-1.47.0-win32-x64\jre\21.0.8-win32-x86_64\bin\verify.dll
0x00007fff24130000 - 0x00007fff24174000 	C:\Users\PC\AppData\Roaming\Code\User\globalStorage\redhat.java\1.47.0\config_win\org.eclipse.equinox.launcher\org.eclipse.equinox.launcher.win32.win32.x86_64_1.2.1400.v20250801-0854\eclipse_11916.dll
0x00007fff9bb90000 - 0x00007fff9bd27000 	C:\WINDOWS\System32\ole32.dll
0x00007fff984b0000 - 0x00007fff984cb000 	C:\WINDOWS\SYSTEM32\CRYPTSP.dll
0x00007fff97be0000 - 0x00007fff97c1a000 	C:\WINDOWS\system32\rsaenh.dll
0x00007fff982a0000 - 0x00007fff982cb000 	C:\WINDOWS\SYSTEM32\USERENV.dll
0x00007fff98db0000 - 0x00007fff98dda000 	C:\WINDOWS\SYSTEM32\bcrypt.dll
0x00007fff984d0000 - 0x00007fff984dc000 	C:\WINDOWS\SYSTEM32\CRYPTBASE.dll
0x00007fff976e0000 - 0x00007fff97714000 	C:\WINDOWS\SYSTEM32\IPHLPAPI.DLL
0x00007fff9b500000 - 0x00007fff9b50a000 	C:\WINDOWS\System32\NSI.dll
0x00007fff7a090000 - 0x00007fff7a0d9000 	C:\Users\PC\AppData\Local\Temp\jna-2547\jna8102338455639978846.dll
0x00007fff99d40000 - 0x00007fff99d48000 	C:\WINDOWS\System32\PSAPI.DLL

JVMTI agents:
c:\Users\PC\.vscode\extensions\redhat.java-1.47.0-win32-x64\lombok\lombok-1.18.39-4050.jar path:c:\Users\PC\.vscode\extensions\redhat.java-1.47.0-win32-x64\jre\21.0.8-win32-x86_64\bin\instrument.dll, loaded, initialized, instrumentlib options:none

dbghelp: loaded successfully - version: 4.0.5 - missing functions: none
symbol engine: initialized successfully - sym options: 0x614 - pdb path: .;c:\Users\PC\.vscode\extensions\redhat.java-1.47.0-win32-x64\jre\21.0.8-win32-x86_64\bin;C:\WINDOWS\SYSTEM32;C:\WINDOWS\WinSxS\amd64_microsoft.windows.common-controls_6595b64144ccf1df_6.0.26100.7019_none_3e06ffa0e335b8a8;c:\Users\PC\.vscode\extensions\redhat.java-1.47.0-win32-x64\jre\21.0.8-win32-x86_64\bin\server;C:\Users\PC\AppData\Roaming\Code\User\globalStorage\redhat.java\1.47.0\config_win\org.eclipse.equinox.launcher\org.eclipse.equinox.launcher.win32.win32.x86_64_1.2.1400.v20250801-0854;C:\Users\PC\AppData\Local\Temp\jna-2547

VM Arguments:
jvm_args: --add-modules=ALL-SYSTEM --add-opens=java.base/java.util=ALL-UNNAMED --add-opens=java.base/java.lang=ALL-UNNAMED --add-opens=java.base/sun.nio.fs=ALL-UNNAMED -Declipse.application=org.eclipse.jdt.ls.core.id1 -Dosgi.bundles.defaultStartLevel=4 -Declipse.product=org.eclipse.jdt.ls.core.product -Djava.import.generatesMetadataFilesAtProjectRoot=false -DDetectVMInstallationsJob.disabled=true -Dfile.encoding=utf8 -XX:+UseParallelGC -XX:GCTimeRatio=4 -XX:AdaptiveSizePolicyWeight=90 -Dsun.zip.disableMemoryMapping=true -Xmx2G -Xms100m -Xlog:disable -javaagent:c:\Users\PC\.vscode\extensions\redhat.java-1.47.0-win32-x64\lombok\lombok-1.18.39-4050.jar -XX:+HeapDumpOnOutOfMemoryError -XX:HeapDumpPath=c:\Users\PC\AppData\Roaming\Code\User\workspaceStorage\ca0e87218a26ce5d17682f68f741d154\redhat.java -Daether.dependencyCollector.impl=bf 
java_command: c:\Users\PC\.vscode\extensions\redhat.java-1.47.0-win32-x64\server\plugins\org.eclipse.equinox.launcher_1.7.100.v20251014-1222.jar -configuration c:\Users\PC\AppData\Roaming\Code\User\globalStorage\redhat.java\1.47.0\config_win -data c:\Users\PC\AppData\Roaming\Code\User\workspaceStorage\ca0e87218a26ce5d17682f68f741d154\redhat.java\jdt_ws --pipe=\\.\pipe\lsp-285f036fc356efcc9c180132a748bebb-sock
java_class_path (initial): c:\Users\PC\.vscode\extensions\redhat.java-1.47.0-win32-x64\server\plugins\org.eclipse.equinox.launcher_1.7.100.v20251014-1222.jar
Launcher Type: SUN_STANDARD

[Global flags]
    uintx AdaptiveSizePolicyWeight                 = 90                                        {product} {command line}
     intx CICompilerCount                          = 4                                         {product} {ergonomic}
    uintx GCTimeRatio                              = 4                                         {product} {command line}
     bool HeapDumpOnOutOfMemoryError               = true                                   {manageable} {command line}
    ccstr HeapDumpPath                             = c:\Users\PC\AppData\Roaming\Code\User\workspaceStorage\ca0e87218a26ce5d17682f68f741d154\redhat.java         {manageable} {command line}
   size_t InitialHeapSize                          = 104857600                                 {product} {command line}
   size_t MaxHeapSize                              = 2147483648                                {product} {command line}
   size_t MaxNewSize                               = 715653120                                 {product} {ergonomic}
   size_t MinHeapDeltaBytes                        = 524288                                    {product} {ergonomic}
   size_t MinHeapSize                              = 104857600                                 {product} {command line}
   size_t NewSize                                  = 34603008                                  {product} {ergonomic}
    uintx NonNMethodCodeHeapSize                   = 5839372                                {pd product} {ergonomic}
    uintx NonProfiledCodeHeapSize                  = 122909434                              {pd product} {ergonomic}
   size_t OldSize                                  = 70254592                                  {product} {ergonomic}
    uintx ProfiledCodeHeapSize                     = 122909434                              {pd product} {ergonomic}
    uintx ReservedCodeCacheSize                    = 251658240                              {pd product} {ergonomic}
     bool SegmentedCodeCache                       = true                                      {product} {ergonomic}
   size_t SoftMaxHeapSize                          = 2147483648                             {manageable} {ergonomic}
     bool UseCompressedOops                        = true                           {product lp64_product} {ergonomic}
     bool UseLargePagesIndividualAllocation        = false                                  {pd product} {ergonomic}
     bool UseParallelGC                            = true                                      {product} {command line}

Logging:
Log output configuration:
 #0: stdout all=off uptime,level,tags foldmultilines=false
 #1: stderr all=off uptime,level,tags foldmultilines=false

Environment Variables:
JAVA_HOME=C:\Program Files\Java\jdk-17
PATH=C:\Program Files\Python314\Scripts\;C:\Program Files\Python314\;C:\oraclexe\app\oracle\product\11.2.0\server\bin;C:\WINDOWS\system32;C:\WINDOWS;C:\WINDOWS\System32\Wbem;C:\WINDOWS\System32\WindowsPowerShell\v1.0\;C:\WINDOWS\System32\OpenSSH\;C:\Program Files\dotnet\;C:\Program Files\nodejs\;C:\Users\PC\AppData\Roaming\Python\Python314\Scripts;C:\Program Files\Java\jdk-17\bin;C:\Program Files\Java\jdk-17\bin;C:\Program Files\Apache\apache-maven-3.9.11\bin;C:\Program Files\Git\cmd;C:\Users\PC\AppData\Local\Programs\Eclipse Adoptium\jdk-25.0.0.36-hotspot\bin;C:\Users\PC\AppData\Local\Microsoft\WindowsApps;C:\Users\PC\AppData\Local\Programs\Microsoft VS Code\bin;C:\Users\PC\AppData\Roaming\npm;
USERNAME=PC
OS=Windows_NT
PROCESSOR_IDENTIFIER=Intel64 Family 6 Model 142 Stepping 12, GenuineIntel
TMP=C:\Users\PC\AppData\Local\Temp
TEMP=C:\Users\PC\AppData\Local\Temp




Periodic native trim disabled

---------------  S Y S T E M  ---------------

OS:
 Windows 11 , 64 bit Build 26100 (10.0.26100.7019)
OS uptime: 1 days 8:45 hours

CPU: total 8 (initial active 8) (4 cores per cpu, 2 threads per core) family 6 model 142 stepping 12 microcode 0xde, cx8, cmov, fxsr, ht, mmx, 3dnowpref, sse, sse2, sse3, ssse3, sse4.1, sse4.2, popcnt, lzcnt, tsc, tscinvbit, avx, avx2, aes, erms, clmul, bmi1, bmi2, adx, fma, vzeroupper, clflush, clflushopt, rdtscp, f16c
Processor Information for processor 0
  Max Mhz: 2112, Current Mhz: 1508, Mhz Limit: 1605
Processor Information for processor 1
  Max Mhz: 2112, Current Mhz: 1508, Mhz Limit: 1605
Processor Information for processor 2
  Max Mhz: 2112, Current Mhz: 1609, Mhz Limit: 1605
Processor Information for processor 3
  Max Mhz: 2112, Current Mhz: 1609, Mhz Limit: 1605
Processor Information for processor 4
  Max Mhz: 2112, Current Mhz: 1609, Mhz Limit: 1605
Processor Information for processor 5
  Max Mhz: 2112, Current Mhz: 1508, Mhz Limit: 1605
Processor Information for processor 6
  Max Mhz: 2112, Current Mhz: 1609, Mhz Limit: 1605
Processor Information for processor 7
  Max Mhz: 2112, Current Mhz: 1508, Mhz Limit: 1605

Memory: 4k page, system-wide physical 7942M (446M free)
TotalPageFile size 20967M (AvailPageFile size 2M)
current process WorkingSet (physical memory assigned to process): 144M, peak: 144M
current process commit charge ("private bytes"): 281M, peak: 281M

vm_info: OpenJDK 64-Bit Server VM (21.0.8+9-LTS) for windows-amd64 JRE (21.0.8+9-LTS), built on 2025-07-15T00:00:00Z by "admin" with MS VC++ 17.7 (VS2022)

END.
