#
# There is insufficient memory for the Java Runtime Environment to continue.
# Native memory allocation (malloc) failed to allocate 1626432 bytes. Error detail: Chunk::new
# Possible reasons:
#   The system is out of physical RAM or swap space
#   This process is running with CompressedOops enabled, and the Java Heap may be blocking the growth of the native heap
# Possible solutions:
#   Reduce memory load on the system
#   Increase physical memory or swap space
#   Check if swap backing store is full
#   Decrease Java heap size (-Xmx/-Xms)
#   Decrease number of Java threads
#   Decrease Java thread stack sizes (-Xss)
#   Set larger code cache with -XX:ReservedCodeCacheSize=
#   JVM is running with Unscaled Compressed Oops mode in which the Java heap is
#     placed in the first 4GB address space. The Java Heap base address is the
#     maximum limit for the native heap growth. Please use -XX:HeapBaseMinAddress
#     to set the Java Heap base and to place the Java Heap above 4GB virtual address.
# This output file may be truncated or incomplete.
#
#  Out of Memory Error (arena.cpp:168), pid=18240, tid=28396
#
# JRE version: OpenJDK Runtime Environment Temurin-21.0.8+9 (21.0.8+9) (build 21.0.8+9-LTS)
# Java VM: OpenJDK 64-Bit Server VM Temurin-21.0.8+9 (21.0.8+9-LTS, mixed mode, sharing, tiered, compressed oops, compressed class ptrs, parallel gc, windows-amd64)
# No core dump will be written. Minidumps are not enabled by default on client versions of Windows
#

---------------  S U M M A R Y ------------

Command Line: --add-modules=ALL-SYSTEM --add-opens=java.base/java.util=ALL-UNNAMED --add-opens=java.base/java.lang=ALL-UNNAMED --add-opens=java.base/sun.nio.fs=ALL-UNNAMED -Declipse.application=org.eclipse.jdt.ls.core.id1 -Dosgi.bundles.defaultStartLevel=4 -Declipse.product=org.eclipse.jdt.ls.core.product -Djava.import.generatesMetadataFilesAtProjectRoot=false -DDetectVMInstallationsJob.disabled=true -Dfile.encoding=utf8 -XX:+UseParallelGC -XX:GCTimeRatio=4 -XX:AdaptiveSizePolicyWeight=90 -Dsun.zip.disableMemoryMapping=true -Xmx2G -Xms100m -Xlog:disable -javaagent:c:\Users\PC\.vscode\extensions\redhat.java-1.47.0-win32-x64\lombok\lombok-1.18.39-4050.jar c:\Users\PC\.vscode\extensions\redhat.java-1.47.0-win32-x64\server\plugins\org.eclipse.equinox.launcher_1.7.100.v20251014-1222.jar -configuration c:\Users\PC\AppData\Roaming\Code\User\globalStorage\redhat.java\1.47.0\config_ss_win -data c:\Users\PC\AppData\Roaming\Code\User\workspaceStorage\ca0e87218a26ce5d17682f68f741d154\redhat.java\ss_ws --pipe=\\.\pipe\lsp-2a8ea8aea2f1093a456173a818e94748-sock

Host: Intel(R) Core(TM) i5-10210U CPU @ 1.60GHz, 8 cores, 7G,  Windows 11 , 64 bit Build 26100 (10.0.26100.7019)
Time: Tue Nov 18 22:13:42 2025 Paris, Madrid elapsed time: 5.827599 seconds (0d 0h 0m 5s)

---------------  T H R E A D  ---------------

Current thread (0x0000026ac218fbf0):  JavaThread "C2 CompilerThread1" daemon [_thread_in_native, id=28396, stack(0x000000f766f00000,0x000000f767000000) (1024K)]


Current CompileTask:
C2:5827 3218       4       java.lang.invoke.MethodType::makeImpl (109 bytes)

Stack: [0x000000f766f00000,0x000000f767000000]
Native frames: (J=compiled Java code, j=interpreted, Vv=VM code, C=native code)
V  [jvm.dll+0x6d2449]
V  [jvm.dll+0x8ae341]
V  [jvm.dll+0x8b08be]
V  [jvm.dll+0x8b0fa3]
V  [jvm.dll+0x280c96]
V  [jvm.dll+0xc581d]
V  [jvm.dll+0xc5d53]
V  [jvm.dll+0x3b919c]
V  [jvm.dll+0x385315]
V  [jvm.dll+0x38477a]
V  [jvm.dll+0x248ed0]
V  [jvm.dll+0x2484af]
V  [jvm.dll+0x1c89ee]
V  [jvm.dll+0x257d4d]
V  [jvm.dll+0x2562ea]
V  [jvm.dll+0x3f2d16]
V  [jvm.dll+0x857e6b]
V  [jvm.dll+0x6d0b0d]
C  [ucrtbase.dll+0x37b0]
C  [KERNEL32.DLL+0x2e8d7]
C  [ntdll.dll+0x8c53c]


---------------  P R O C E S S  ---------------

Threads class SMR info:
_java_thread_list=0x0000026ac21dbd60, length=32, elements={
0x0000026ae08a9600, 0x0000026af95dbdd0, 0x0000026af95df7f0, 0x0000026af95e2ae0,
0x0000026af95e5640, 0x0000026af95eb780, 0x0000026af95f13a0, 0x0000026af95ff5f0,
0x0000026af9603df0, 0x0000026ae2be7610, 0x0000026aff316ce0, 0x0000026affa2bcd0,
0x0000026aff363360, 0x0000026ac12fd860, 0x0000026aff32c4b0, 0x0000026ac1219d10,
0x0000026ac133d3a0, 0x0000026ac1160700, 0x0000026ac26be090, 0x0000026ac218fbf0,
0x0000026ac26be720, 0x0000026ac26bcce0, 0x0000026ac26bedb0, 0x0000026ac26bc650,
0x0000026ac26bd370, 0x0000026ac26bda00, 0x0000026ac26bf440, 0x0000026ac26bbfc0,
0x0000026ac244fe50, 0x0000026ac244f7c0, 0x0000026ac244f130, 0x0000026ac244eaa0
}

Java Threads: ( => current thread )
  0x0000026ae08a9600 JavaThread "main"                              [_thread_blocked, id=14116, stack(0x000000f765000000,0x000000f765100000) (1024K)]
  0x0000026af95dbdd0 JavaThread "Reference Handler"          daemon [_thread_blocked, id=26456, stack(0x000000f765400000,0x000000f765500000) (1024K)]
  0x0000026af95df7f0 JavaThread "Finalizer"                  daemon [_thread_blocked, id=25668, stack(0x000000f765500000,0x000000f765600000) (1024K)]
  0x0000026af95e2ae0 JavaThread "Signal Dispatcher"          daemon [_thread_blocked, id=19784, stack(0x000000f765600000,0x000000f765700000) (1024K)]
  0x0000026af95e5640 JavaThread "Attach Listener"            daemon [_thread_blocked, id=26896, stack(0x000000f765700000,0x000000f765800000) (1024K)]
  0x0000026af95eb780 JavaThread "Service Thread"             daemon [_thread_blocked, id=1880, stack(0x000000f765800000,0x000000f765900000) (1024K)]
  0x0000026af95f13a0 JavaThread "Monitor Deflation Thread"   daemon [_thread_blocked, id=836, stack(0x000000f765900000,0x000000f765a00000) (1024K)]
  0x0000026af95ff5f0 JavaThread "C2 CompilerThread0"         daemon [_thread_in_native, id=21704, stack(0x000000f765a00000,0x000000f765b00000) (1024K)]
  0x0000026af9603df0 JavaThread "C1 CompilerThread0"         daemon [_thread_blocked, id=25860, stack(0x000000f765b00000,0x000000f765c00000) (1024K)]
  0x0000026ae2be7610 JavaThread "Common-Cleaner"             daemon [_thread_blocked, id=19324, stack(0x000000f765c00000,0x000000f765d00000) (1024K)]
  0x0000026aff316ce0 JavaThread "Notification Thread"        daemon [_thread_blocked, id=23608, stack(0x000000f765d00000,0x000000f765e00000) (1024K)]
  0x0000026affa2bcd0 JavaThread "Active Thread: Equinox Container: bc4a4241-e45d-4265-822f-3400f3f9fdf7"        [_thread_blocked, id=5644, stack(0x000000f766500000,0x000000f766600000) (1024K)]
  0x0000026aff363360 JavaThread "Framework Event Dispatcher: Equinox Container: bc4a4241-e45d-4265-822f-3400f3f9fdf7" daemon [_thread_blocked, id=10964, stack(0x000000f766600000,0x000000f766700000) (1024K)]
  0x0000026ac12fd860 JavaThread "Start Level: Equinox Container: bc4a4241-e45d-4265-822f-3400f3f9fdf7" daemon [_thread_blocked, id=21748, stack(0x000000f766700000,0x000000f766800000) (1024K)]
  0x0000026aff32c4b0 JavaThread "SCR Component Actor"        daemon [_thread_blocked, id=23784, stack(0x000000f765e00000,0x000000f765f00000) (1024K)]
  0x0000026ac1219d10 JavaThread "Worker-JM"                         [_thread_blocked, id=816, stack(0x000000f766a00000,0x000000f766b00000) (1024K)]
  0x0000026ac133d3a0 JavaThread "Worker-0"                          [_thread_blocked, id=1396, stack(0x000000f766b00000,0x000000f766c00000) (1024K)]
  0x0000026ac1160700 JavaThread "Worker-1"                          [_thread_blocked, id=17676, stack(0x000000f766c00000,0x000000f766d00000) (1024K)]
  0x0000026ac26be090 JavaThread "JNA Cleaner"                daemon [_thread_blocked, id=26016, stack(0x000000f766900000,0x000000f766a00000) (1024K)]
=>0x0000026ac218fbf0 JavaThread "C2 CompilerThread1"         daemon [_thread_in_native, id=28396, stack(0x000000f766f00000,0x000000f767000000) (1024K)]
  0x0000026ac26be720 JavaThread "Thread-1"                   daemon [_thread_in_native, id=24732, stack(0x000000f767000000,0x000000f767100000) (1024K)]
  0x0000026ac26bcce0 JavaThread "Thread-2"                   daemon [_thread_in_native, id=20576, stack(0x000000f767100000,0x000000f767200000) (1024K)]
  0x0000026ac26bedb0 JavaThread "Thread-3"                   daemon [_thread_in_native, id=14432, stack(0x000000f767200000,0x000000f767300000) (1024K)]
  0x0000026ac26bc650 JavaThread "Thread-4"                   daemon [_thread_in_native, id=8948, stack(0x000000f767300000,0x000000f767400000) (1024K)]
  0x0000026ac26bd370 JavaThread "Thread-5"                   daemon [_thread_in_native, id=26040, stack(0x000000f767400000,0x000000f767500000) (1024K)]
  0x0000026ac26bda00 JavaThread "Thread-6"                   daemon [_thread_in_native, id=4700, stack(0x000000f767500000,0x000000f767600000) (1024K)]
  0x0000026ac26bf440 JavaThread "Thread-7"                   daemon [_thread_in_native, id=24420, stack(0x000000f767600000,0x000000f767700000) (1024K)]
  0x0000026ac26bbfc0 JavaThread "Thread-8"                   daemon [_thread_in_native, id=26580, stack(0x000000f767700000,0x000000f767800000) (1024K)]
  0x0000026ac244fe50 JavaThread "Thread-9"                   daemon [_thread_in_native, id=26376, stack(0x000000f767800000,0x000000f767900000) (1024K)]
  0x0000026ac244f7c0 JavaThread "pool-2-thread-1"                   [_thread_blocked, id=24168, stack(0x000000f767900000,0x000000f767a00000) (1024K)]
  0x0000026ac244f130 JavaThread "WorkspaceEventsHandler"            [_thread_blocked, id=4204, stack(0x000000f767a00000,0x000000f767b00000) (1024K)]
  0x0000026ac244eaa0 JavaThread "pool-1-thread-1"                   [_thread_in_vm, id=24400, stack(0x000000f767b00000,0x000000f767c00000) (1024K)]
Total: 32

Other Threads:
  0x0000026af95c25f0 VMThread "VM Thread"                           [id=20928, stack(0x000000f765300000,0x000000f765400000) (1024K)]
  0x0000026af94fca00 WatcherThread "VM Periodic Task Thread"        [id=15520, stack(0x000000f765200000,0x000000f765300000) (1024K)]
  0x0000026ae2b9ab60 WorkerThread "GC Thread#0"                     [id=21840, stack(0x000000f765100000,0x000000f765200000) (1024K)]
  0x0000026aff6aa530 WorkerThread "GC Thread#1"                     [id=26560, stack(0x000000f765f00000,0x000000f766000000) (1024K)]
  0x0000026aff6aa8d0 WorkerThread "GC Thread#2"                     [id=14580, stack(0x000000f766000000,0x000000f766100000) (1024K)]
  0x0000026affaf93a0 WorkerThread "GC Thread#3"                     [id=24828, stack(0x000000f766100000,0x000000f766200000) (1024K)]
  0x0000026affaf9740 WorkerThread "GC Thread#4"                     [id=21956, stack(0x000000f766200000,0x000000f766300000) (1024K)]
  0x0000026affaf9ae0 WorkerThread "GC Thread#5"                     [id=22672, stack(0x000000f766300000,0x000000f766400000) (1024K)]
  0x0000026affaf9e80 WorkerThread "GC Thread#6"                     [id=3708, stack(0x000000f766400000,0x000000f766500000) (1024K)]
  0x0000026affb827c0 WorkerThread "GC Thread#7"                     [id=24580, stack(0x000000f766800000,0x000000f766900000) (1024K)]
Total: 10

Threads with active compile tasks:
C2 CompilerThread0  5885 3312       4       java.lang.invoke.MethodType::methodType (69 bytes)
C2 CompilerThread1  5885 3218       4       java.lang.invoke.MethodType::makeImpl (109 bytes)
Total: 2

VM state: not at safepoint (normal execution)

VM Mutex/Monitor currently owned by a thread: None

Heap address: 0x0000000080000000, size: 2048 MB, Compressed Oops mode: 32-bit

CDS archive(s) mapped at: [0x0000026a80000000-0x0000026a80ba0000-0x0000026a80ba0000), size 12189696, SharedBaseAddress: 0x0000026a80000000, ArchiveRelocationMode: 1.
Compressed class space mapped at: 0x0000026a81000000-0x0000026ac1000000, reserved size: 1073741824
Narrow klass base: 0x0000026a80000000, Narrow klass shift: 0, Narrow klass range: 0x100000000

GC Precious Log:
 CardTable entry size: 512
 CPUs: 8 total, 8 available
 Memory: 7942M
 Large Page Support: Disabled
 NUMA Support: Disabled
 Compressed Oops: Enabled (32-bit)
 Alignments: Space 512K, Generation 512K, Heap 2M
 Heap Min Capacity: 100M
 Heap Initial Capacity: 100M
 Heap Max Capacity: 2G
 Pre-touch: Disabled
 Parallel Workers: 8

Heap:
 PSYoungGen      total 27136K, used 11424K [0x00000000d5580000, 0x00000000d7480000, 0x0000000100000000)
  eden space 23040K, 33% used [0x00000000d5580000,0x00000000d5cfa310,0x00000000d6c00000)
  from space 4096K, 91% used [0x00000000d7080000,0x00000000d742e050,0x00000000d7480000)
  to   space 4096K, 0% used [0x00000000d6c80000,0x00000000d6c80000,0x00000000d7080000)
 ParOldGen       total 68608K, used 9789K [0x0000000080000000, 0x0000000084300000, 0x00000000d5580000)
  object space 68608K, 14% used [0x0000000080000000,0x000000008098f5c8,0x0000000084300000)
 Metaspace       used 28812K, committed 29632K, reserved 1114112K
  class space    used 2911K, committed 3264K, reserved 1048576K

Card table byte_map: [0x0000026ae2520000,0x0000026ae2930000] _byte_map_base: 0x0000026ae2120000

Marking Bits: (ParMarkBitMap*) 0x00007fff2020a340
 Begin Bits: [0x0000026af5020000, 0x0000026af7020000)
 End Bits:   [0x0000026af7020000, 0x0000026af9020000)

Polling page: 0x0000026ae09f0000

Metaspace:

Usage:
  Non-class:     25.29 MB used.
      Class:      2.84 MB used.
       Both:     28.14 MB used.

Virtual space:
  Non-class space:       64.00 MB reserved,      25.75 MB ( 40%) committed,  1 nodes.
      Class space:        1.00 GB reserved,       3.19 MB ( <1%) committed,  1 nodes.
             Both:        1.06 GB reserved,      28.94 MB (  3%) committed. 

Chunk freelists:
   Non-Class:  6.22 MB
       Class:  12.83 MB
        Both:  19.05 MB

MaxMetaspaceSize: unlimited
CompressedClassSpaceSize: 1.00 GB
Initial GC threshold: 21.00 MB
Current GC threshold: 35.00 MB
CDS: on
 - commit_granule_bytes: 65536.
 - commit_granule_words: 8192.
 - virtual_space_node_default_size: 8388608.
 - enlarge_chunks_in_place: 1.
 - use_allocation_guard: 0.


Internal statistics:

num_allocs_failed_limit: 3.
num_arena_births: 552.
num_arena_deaths: 14.
num_vsnodes_births: 2.
num_vsnodes_deaths: 0.
num_space_committed: 463.
num_space_uncommitted: 0.
num_chunks_returned_to_freelist: 17.
num_chunks_taken_from_freelist: 1650.
num_chunk_merges: 9.
num_chunk_splits: 1072.
num_chunks_enlarged: 692.
num_inconsistent_stats: 0.

CodeHeap 'non-profiled nmethods': size=120000Kb used=1545Kb max_used=1545Kb free=118454Kb
 bounds [0x0000026aed840000, 0x0000026aedab0000, 0x0000026af4d70000]
CodeHeap 'profiled nmethods': size=120000Kb used=6845Kb max_used=6845Kb free=113154Kb
 bounds [0x0000026ae5d70000, 0x0000026ae6420000, 0x0000026aed2a0000]
CodeHeap 'non-nmethods': size=5760Kb used=1344Kb max_used=1376Kb free=4415Kb
 bounds [0x0000026aed2a0000, 0x0000026aed510000, 0x0000026aed840000]
CodeCache: size=245760Kb, used=9734Kb, max_used=9766Kb, free=236023Kb
 total_blobs=4082, nmethods=3447, adapters=540, full_count=0
Compilation: enabled, stopped_count=0, restarted_count=0

Compilation events (20 events):
Event: 4.812 Thread 0x0000026af9603df0 3425       3       com.google.gson.reflect.TypeToken::equals (30 bytes)
Event: 4.812 Thread 0x0000026af9603df0 nmethod 3425 0x0000026ae6411f90 code [0x0000026ae6412160, 0x0000026ae6412510]
Event: 4.812 Thread 0x0000026af9603df0 3426       1       sun.reflect.generics.reflectiveObjects.ParameterizedTypeImpl::getRawType (5 bytes)
Event: 4.812 Thread 0x0000026af9603df0 nmethod 3426 0x0000026aed9c1a10 code [0x0000026aed9c1ba0, 0x0000026aed9c1c68]
Event: 4.813 Thread 0x0000026af9603df0 3427       3       java.lang.reflect.Field::setOverrideFieldAccessor (20 bytes)
Event: 4.813 Thread 0x0000026af9603df0 nmethod 3427 0x0000026ae6412610 code [0x0000026ae64127c0, 0x0000026ae6412a00]
Event: 4.813 Thread 0x0000026af9603df0 3428       3       java.lang.invoke.DirectMethodHandle$Accessor::checkCast (9 bytes)
Event: 4.814 Thread 0x0000026af9603df0 nmethod 3428 0x0000026ae6412b10 code [0x0000026ae6412ce0, 0x0000026ae6412fe8]
Event: 4.814 Thread 0x0000026af9603df0 3429       3       java.lang.invoke.BoundMethodHandle$Species_LLL::make (14 bytes)
Event: 4.814 Thread 0x0000026af9603df0 nmethod 3429 0x0000026ae6413110 code [0x0000026ae64132c0, 0x0000026ae6413520]
Event: 4.814 Thread 0x0000026af9603df0 3430       3       java.lang.invoke.BoundMethodHandle$Species_LLL::<init> (24 bytes)
Event: 4.814 Thread 0x0000026af9603df0 nmethod 3430 0x0000026ae6413690 code [0x0000026ae6413840, 0x0000026ae6413a60]
Event: 4.814 Thread 0x0000026af9603df0 3433       3       java.lang.invoke.DirectMethodHandle::checkBase (5 bytes)
Event: 4.814 Thread 0x0000026af9603df0 nmethod 3433 0x0000026ae6413b90 code [0x0000026ae6413d40, 0x0000026ae6413f80]
Event: 4.814 Thread 0x0000026af9603df0 3431       3       java.lang.invoke.BoundMethodHandle$Species_LL::copyWithExtendL (25 bytes)
Event: 4.815 Thread 0x0000026af9603df0 nmethod 3431 0x0000026ae6414090 code [0x0000026ae6414260, 0x0000026ae64146d8]
Event: 4.815 Thread 0x0000026af9603df0 3432       3       java.lang.reflect.Field::acquireOverrideFieldAccessor (46 bytes)
Event: 4.815 Thread 0x0000026af9603df0 nmethod 3432 0x0000026ae6414810 code [0x0000026ae6414a00, 0x0000026ae6414e10]
Event: 4.819 Thread 0x0000026af9603df0 3434       3       java.util.Calendar::internalGet (7 bytes)
Event: 4.819 Thread 0x0000026af9603df0 nmethod 3434 0x0000026ae6414f90 code [0x0000026ae6415140, 0x0000026ae6415278]

GC Heap History (18 events):
Event: 1.161 GC heap before
{Heap before GC invocations=1 (full 0):
 PSYoungGen      total 29696K, used 25600K [0x00000000d5580000, 0x00000000d7680000, 0x0000000100000000)
  eden space 25600K, 100% used [0x00000000d5580000,0x00000000d6e80000,0x00000000d6e80000)
  from space 4096K, 0% used [0x00000000d7280000,0x00000000d7280000,0x00000000d7680000)
  to   space 4096K, 0% used [0x00000000d6e80000,0x00000000d6e80000,0x00000000d7280000)
 ParOldGen       total 68608K, used 0K [0x0000000080000000, 0x0000000084300000, 0x00000000d5580000)
  object space 68608K, 0% used [0x0000000080000000,0x0000000080000000,0x0000000084300000)
 Metaspace       used 4358K, committed 4608K, reserved 1114112K
  class space    used 473K, committed 576K, reserved 1048576K
}
Event: 1.168 GC heap after
{Heap after GC invocations=1 (full 0):
 PSYoungGen      total 29696K, used 3280K [0x00000000d5580000, 0x00000000d7680000, 0x0000000100000000)
  eden space 25600K, 0% used [0x00000000d5580000,0x00000000d5580000,0x00000000d6e80000)
  from space 4096K, 80% used [0x00000000d6e80000,0x00000000d71b4148,0x00000000d7280000)
  to   space 4096K, 0% used [0x00000000d7280000,0x00000000d7280000,0x00000000d7680000)
 ParOldGen       total 68608K, used 16K [0x0000000080000000, 0x0000000084300000, 0x00000000d5580000)
  object space 68608K, 0% used [0x0000000080000000,0x0000000080004000,0x0000000084300000)
 Metaspace       used 4358K, committed 4608K, reserved 1114112K
  class space    used 473K, committed 576K, reserved 1048576K
}
Event: 1.924 GC heap before
{Heap before GC invocations=2 (full 0):
 PSYoungGen      total 29696K, used 28880K [0x00000000d5580000, 0x00000000d7680000, 0x0000000100000000)
  eden space 25600K, 100% used [0x00000000d5580000,0x00000000d6e80000,0x00000000d6e80000)
  from space 4096K, 80% used [0x00000000d6e80000,0x00000000d71b4148,0x00000000d7280000)
  to   space 4096K, 0% used [0x00000000d7280000,0x00000000d7280000,0x00000000d7680000)
 ParOldGen       total 68608K, used 16K [0x0000000080000000, 0x0000000084300000, 0x00000000d5580000)
  object space 68608K, 0% used [0x0000000080000000,0x0000000080004000,0x0000000084300000)
 Metaspace       used 8155K, committed 8448K, reserved 1114112K
  class space    used 869K, committed 1024K, reserved 1048576K
}
Event: 1.931 GC heap after
{Heap after GC invocations=2 (full 0):
 PSYoungGen      total 29696K, used 4091K [0x00000000d5580000, 0x00000000d7680000, 0x0000000100000000)
  eden space 25600K, 0% used [0x00000000d5580000,0x00000000d5580000,0x00000000d6e80000)
  from space 4096K, 99% used [0x00000000d7280000,0x00000000d767efe8,0x00000000d7680000)
  to   space 4096K, 0% used [0x00000000d6e80000,0x00000000d6e80000,0x00000000d7280000)
 ParOldGen       total 68608K, used 865K [0x0000000080000000, 0x0000000084300000, 0x00000000d5580000)
  object space 68608K, 1% used [0x0000000080000000,0x00000000800d86b8,0x0000000084300000)
 Metaspace       used 8155K, committed 8448K, reserved 1114112K
  class space    used 869K, committed 1024K, reserved 1048576K
}
Event: 2.455 GC heap before
{Heap before GC invocations=3 (full 0):
 PSYoungGen      total 29696K, used 29691K [0x00000000d5580000, 0x00000000d7680000, 0x0000000100000000)
  eden space 25600K, 100% used [0x00000000d5580000,0x00000000d6e80000,0x00000000d6e80000)
  from space 4096K, 99% used [0x00000000d7280000,0x00000000d767efe8,0x00000000d7680000)
  to   space 4096K, 0% used [0x00000000d6e80000,0x00000000d6e80000,0x00000000d7280000)
 ParOldGen       total 68608K, used 865K [0x0000000080000000, 0x0000000084300000, 0x00000000d5580000)
  object space 68608K, 1% used [0x0000000080000000,0x00000000800d86b8,0x0000000084300000)
 Metaspace       used 12949K, committed 13504K, reserved 1114112K
  class space    used 1377K, committed 1600K, reserved 1048576K
}
Event: 2.460 GC heap after
{Heap after GC invocations=3 (full 0):
 PSYoungGen      total 29696K, used 4080K [0x00000000d5580000, 0x00000000d7680000, 0x0000000100000000)
  eden space 25600K, 0% used [0x00000000d5580000,0x00000000d5580000,0x00000000d6e80000)
  from space 4096K, 99% used [0x00000000d6e80000,0x00000000d727c100,0x00000000d7280000)
  to   space 4096K, 0% used [0x00000000d7280000,0x00000000d7280000,0x00000000d7680000)
 ParOldGen       total 68608K, used 2700K [0x0000000080000000, 0x0000000084300000, 0x00000000d5580000)
  object space 68608K, 3% used [0x0000000080000000,0x00000000802a3208,0x0000000084300000)
 Metaspace       used 12949K, committed 13504K, reserved 1114112K
  class space    used 1377K, committed 1600K, reserved 1048576K
}
Event: 2.845 GC heap before
{Heap before GC invocations=4 (full 0):
 PSYoungGen      total 29696K, used 29680K [0x00000000d5580000, 0x00000000d7680000, 0x0000000100000000)
  eden space 25600K, 100% used [0x00000000d5580000,0x00000000d6e80000,0x00000000d6e80000)
  from space 4096K, 99% used [0x00000000d6e80000,0x00000000d727c100,0x00000000d7280000)
  to   space 4096K, 0% used [0x00000000d7280000,0x00000000d7280000,0x00000000d7680000)
 ParOldGen       total 68608K, used 2700K [0x0000000080000000, 0x0000000084300000, 0x00000000d5580000)
  object space 68608K, 3% used [0x0000000080000000,0x00000000802a3208,0x0000000084300000)
 Metaspace       used 16070K, committed 16640K, reserved 1114112K
  class space    used 1671K, committed 1920K, reserved 1048576K
}
Event: 2.849 GC heap after
{Heap after GC invocations=4 (full 0):
 PSYoungGen      total 29696K, used 4094K [0x00000000d5580000, 0x00000000d7680000, 0x0000000100000000)
  eden space 25600K, 0% used [0x00000000d5580000,0x00000000d5580000,0x00000000d6e80000)
  from space 4096K, 99% used [0x00000000d7280000,0x00000000d767fa50,0x00000000d7680000)
  to   space 4096K, 0% used [0x00000000d6e80000,0x00000000d6e80000,0x00000000d7280000)
 ParOldGen       total 68608K, used 5405K [0x0000000080000000, 0x0000000084300000, 0x00000000d5580000)
  object space 68608K, 7% used [0x0000000080000000,0x0000000080547670,0x0000000084300000)
 Metaspace       used 16070K, committed 16640K, reserved 1114112K
  class space    used 1671K, committed 1920K, reserved 1048576K
}
Event: 3.127 GC heap before
{Heap before GC invocations=5 (full 0):
 PSYoungGen      total 29696K, used 29694K [0x00000000d5580000, 0x00000000d7680000, 0x0000000100000000)
  eden space 25600K, 100% used [0x00000000d5580000,0x00000000d6e80000,0x00000000d6e80000)
  from space 4096K, 99% used [0x00000000d7280000,0x00000000d767fa50,0x00000000d7680000)
  to   space 4096K, 0% used [0x00000000d6e80000,0x00000000d6e80000,0x00000000d7280000)
 ParOldGen       total 68608K, used 5405K [0x0000000080000000, 0x0000000084300000, 0x00000000d5580000)
  object space 68608K, 7% used [0x0000000080000000,0x0000000080547670,0x0000000084300000)
 Metaspace       used 20024K, committed 20672K, reserved 1114112K
  class space    used 1958K, committed 2240K, reserved 1048576K
}
Event: 3.130 GC heap after
{Heap after GC invocations=5 (full 0):
 PSYoungGen      total 29184K, used 4079K [0x00000000d5580000, 0x00000000d7900000, 0x0000000100000000)
  eden space 25088K, 0% used [0x00000000d5580000,0x00000000d5580000,0x00000000d6e00000)
  from space 4096K, 99% used [0x00000000d6e80000,0x00000000d727be48,0x00000000d7280000)
  to   space 5632K, 0% used [0x00000000d7380000,0x00000000d7380000,0x00000000d7900000)
 ParOldGen       total 68608K, used 5589K [0x0000000080000000, 0x0000000084300000, 0x00000000d5580000)
  object space 68608K, 8% used [0x0000000080000000,0x0000000080575670,0x0000000084300000)
 Metaspace       used 20024K, committed 20672K, reserved 1114112K
  class space    used 1958K, committed 2240K, reserved 1048576K
}
Event: 3.360 GC heap before
{Heap before GC invocations=6 (full 0):
 PSYoungGen      total 29184K, used 22434K [0x00000000d5580000, 0x00000000d7900000, 0x0000000100000000)
  eden space 25088K, 73% used [0x00000000d5580000,0x00000000d676cba8,0x00000000d6e00000)
  from space 4096K, 99% used [0x00000000d6e80000,0x00000000d727be48,0x00000000d7280000)
  to   space 5632K, 0% used [0x00000000d7380000,0x00000000d7380000,0x00000000d7900000)
 ParOldGen       total 68608K, used 5589K [0x0000000080000000, 0x0000000084300000, 0x00000000d5580000)
  object space 68608K, 8% used [0x0000000080000000,0x0000000080575670,0x0000000084300000)
 Metaspace       used 20849K, committed 21504K, reserved 1114112K
  class space    used 2000K, committed 2240K, reserved 1048576K
}
Event: 3.366 GC heap after
{Heap after GC invocations=6 (full 0):
 PSYoungGen      total 29696K, used 5613K [0x00000000d5580000, 0x00000000d7b00000, 0x0000000100000000)
  eden space 24064K, 0% used [0x00000000d5580000,0x00000000d5580000,0x00000000d6d00000)
  from space 5632K, 99% used [0x00000000d7380000,0x00000000d78fb6d0,0x00000000d7900000)
  to   space 6656K, 0% used [0x00000000d6d00000,0x00000000d6d00000,0x00000000d7380000)
 ParOldGen       total 68608K, used 5913K [0x0000000080000000, 0x0000000084300000, 0x00000000d5580000)
  object space 68608K, 8% used [0x0000000080000000,0x00000000805c6548,0x0000000084300000)
 Metaspace       used 20849K, committed 21504K, reserved 1114112K
  class space    used 2000K, committed 2240K, reserved 1048576K
}
Event: 3.366 GC heap before
{Heap before GC invocations=7 (full 1):
 PSYoungGen      total 29696K, used 5613K [0x00000000d5580000, 0x00000000d7b00000, 0x0000000100000000)
  eden space 24064K, 0% used [0x00000000d5580000,0x00000000d5580000,0x00000000d6d00000)
  from space 5632K, 99% used [0x00000000d7380000,0x00000000d78fb6d0,0x00000000d7900000)
  to   space 6656K, 0% used [0x00000000d6d00000,0x00000000d6d00000,0x00000000d7380000)
 ParOldGen       total 68608K, used 5913K [0x0000000080000000, 0x0000000084300000, 0x00000000d5580000)
  object space 68608K, 8% used [0x0000000080000000,0x00000000805c6548,0x0000000084300000)
 Metaspace       used 20849K, committed 21504K, reserved 1114112K
  class space    used 2000K, committed 2240K, reserved 1048576K
}
Event: 3.394 GC heap after
{Heap after GC invocations=7 (full 1):
 PSYoungGen      total 29696K, used 0K [0x00000000d5580000, 0x00000000d7b00000, 0x0000000100000000)
  eden space 24064K, 0% used [0x00000000d5580000,0x00000000d5580000,0x00000000d6d00000)
  from space 5632K, 0% used [0x00000000d7380000,0x00000000d7380000,0x00000000d7900000)
  to   space 6656K, 0% used [0x00000000d6d00000,0x00000000d6d00000,0x00000000d7380000)
 ParOldGen       total 68608K, used 9773K [0x0000000080000000, 0x0000000084300000, 0x00000000d5580000)
  object space 68608K, 14% used [0x0000000080000000,0x000000008098b5c8,0x0000000084300000)
 Metaspace       used 20836K, committed 21504K, reserved 1114112K
  class space    used 1997K, committed 2240K, reserved 1048576K
}
Event: 4.343 GC heap before
{Heap before GC invocations=8 (full 1):
 PSYoungGen      total 29696K, used 24064K [0x00000000d5580000, 0x00000000d7b00000, 0x0000000100000000)
  eden space 24064K, 100% used [0x00000000d5580000,0x00000000d6d00000,0x00000000d6d00000)
  from space 5632K, 0% used [0x00000000d7380000,0x00000000d7380000,0x00000000d7900000)
  to   space 6656K, 0% used [0x00000000d6d00000,0x00000000d6d00000,0x00000000d7380000)
 ParOldGen       total 68608K, used 9773K [0x0000000080000000, 0x0000000084300000, 0x00000000d5580000)
  object space 68608K, 14% used [0x0000000080000000,0x000000008098b5c8,0x0000000084300000)
 Metaspace       used 24779K, committed 25536K, reserved 1114112K
  class space    used 2414K, committed 2688K, reserved 1048576K
}
Event: 4.348 GC heap after
{Heap after GC invocations=8 (full 1):
 PSYoungGen      total 26112K, used 2437K [0x00000000d5580000, 0x00000000d7480000, 0x0000000100000000)
  eden space 23552K, 0% used [0x00000000d5580000,0x00000000d5580000,0x00000000d6c80000)
  from space 2560K, 95% used [0x00000000d6d00000,0x00000000d6f61758,0x00000000d6f80000)
  to   space 4096K, 0% used [0x00000000d7080000,0x00000000d7080000,0x00000000d7480000)
 ParOldGen       total 68608K, used 9781K [0x0000000080000000, 0x0000000084300000, 0x00000000d5580000)
  object space 68608K, 14% used [0x0000000080000000,0x000000008098d5c8,0x0000000084300000)
 Metaspace       used 24779K, committed 25536K, reserved 1114112K
  class space    used 2414K, committed 2688K, reserved 1048576K
}
Event: 4.704 GC heap before
{Heap before GC invocations=9 (full 1):
 PSYoungGen      total 26112K, used 25989K [0x00000000d5580000, 0x00000000d7480000, 0x0000000100000000)
  eden space 23552K, 100% used [0x00000000d5580000,0x00000000d6c80000,0x00000000d6c80000)
  from space 2560K, 95% used [0x00000000d6d00000,0x00000000d6f61758,0x00000000d6f80000)
  to   space 4096K, 0% used [0x00000000d7080000,0x00000000d7080000,0x00000000d7480000)
 ParOldGen       total 68608K, used 9781K [0x0000000080000000, 0x0000000084300000, 0x00000000d5580000)
  object space 68608K, 14% used [0x0000000080000000,0x000000008098d5c8,0x0000000084300000)
 Metaspace       used 28100K, committed 28928K, reserved 1114112K
  class space    used 2819K, committed 3200K, reserved 1048576K
}
Event: 4.709 GC heap after
{Heap after GC invocations=9 (full 1):
 PSYoungGen      total 27136K, used 3768K [0x00000000d5580000, 0x00000000d7480000, 0x0000000100000000)
  eden space 23040K, 0% used [0x00000000d5580000,0x00000000d5580000,0x00000000d6c00000)
  from space 4096K, 91% used [0x00000000d7080000,0x00000000d742e050,0x00000000d7480000)
  to   space 4096K, 0% used [0x00000000d6c80000,0x00000000d6c80000,0x00000000d7080000)
 ParOldGen       total 68608K, used 9789K [0x0000000080000000, 0x0000000084300000, 0x00000000d5580000)
  object space 68608K, 14% used [0x0000000080000000,0x000000008098f5c8,0x0000000084300000)
 Metaspace       used 28100K, committed 28928K, reserved 1114112K
  class space    used 2819K, committed 3200K, reserved 1048576K
}

Dll operation events (10 events):
Event: 0.010 Loaded shared library c:\Users\PC\.vscode\extensions\redhat.java-1.47.0-win32-x64\jre\21.0.8-win32-x86_64\bin\java.dll
Event: 0.104 Loaded shared library c:\Users\PC\.vscode\extensions\redhat.java-1.47.0-win32-x64\jre\21.0.8-win32-x86_64\bin\zip.dll
Event: 0.132 Loaded shared library C:\Users\PC\.vscode\extensions\redhat.java-1.47.0-win32-x64\jre\21.0.8-win32-x86_64\bin\instrument.dll
Event: 0.137 Loaded shared library C:\Users\PC\.vscode\extensions\redhat.java-1.47.0-win32-x64\jre\21.0.8-win32-x86_64\bin\net.dll
Event: 0.141 Loaded shared library C:\Users\PC\.vscode\extensions\redhat.java-1.47.0-win32-x64\jre\21.0.8-win32-x86_64\bin\nio.dll
Event: 0.146 Loaded shared library C:\Users\PC\.vscode\extensions\redhat.java-1.47.0-win32-x64\jre\21.0.8-win32-x86_64\bin\zip.dll
Event: 0.171 Loaded shared library C:\Users\PC\.vscode\extensions\redhat.java-1.47.0-win32-x64\jre\21.0.8-win32-x86_64\bin\jimage.dll
Event: 0.274 Loaded shared library c:\Users\PC\.vscode\extensions\redhat.java-1.47.0-win32-x64\jre\21.0.8-win32-x86_64\bin\verify.dll
Event: 1.904 Loaded shared library C:\Users\PC\AppData\Roaming\Code\User\globalStorage\redhat.java\1.47.0\config_ss_win\org.eclipse.equinox.launcher\org.eclipse.equinox.launcher.win32.win32.x86_64_1.2.1400.v20250801-0854\eclipse_11916.dll
Event: 4.212 Loaded shared library C:\Users\PC\AppData\Local\Temp\jna-2547\jna16207797505122361327.dll

Deoptimization events (20 events):
Event: 4.564 Thread 0x0000026ae08a9600 DEOPT UNPACKING pc=0x0000026aed2f3aa2 sp=0x000000f7650fe258 mode 2
Event: 4.673 Thread 0x0000026ac244eaa0 Uncommon trap: trap_request=0xffffffde fr.pc=0x0000026aed9404f0 relative=0x0000000000000050
Event: 4.673 Thread 0x0000026ac244eaa0 Uncommon trap: reason=class_check action=maybe_recompile pc=0x0000026aed9404f0 method=java.lang.invoke.DirectMethodHandle.internalMemberName(Ljava/lang/Object;)Ljava/lang/Object; @ 1 c2
Event: 4.673 Thread 0x0000026ac244eaa0 DEOPT PACKING pc=0x0000026aed9404f0 sp=0x000000f767bfec50
Event: 4.673 Thread 0x0000026ac244eaa0 DEOPT UNPACKING pc=0x0000026aed2f3aa2 sp=0x000000f767bfebe0 mode 2
Event: 4.748 Thread 0x0000026ac244eaa0 Uncommon trap: trap_request=0xffffff76 fr.pc=0x0000026aed97e6dc relative=0x000000000000099c
Event: 4.748 Thread 0x0000026ac244eaa0 Uncommon trap: reason=predicate action=maybe_recompile pc=0x0000026aed97e6dc method=java.util.TreeMap.put(Ljava/lang/Object;Ljava/lang/Object;Z)Ljava/lang/Object; @ 27 c2
Event: 4.748 Thread 0x0000026ac244eaa0 DEOPT PACKING pc=0x0000026aed97e6dc sp=0x000000f767bfe180
Event: 4.748 Thread 0x0000026ac244eaa0 DEOPT UNPACKING pc=0x0000026aed2f3aa2 sp=0x000000f767bfe120 mode 2
Event: 4.772 Thread 0x0000026ac244eaa0 Uncommon trap: trap_request=0xffffff45 fr.pc=0x0000026aed928c10 relative=0x0000000000000210
Event: 4.772 Thread 0x0000026ac244eaa0 Uncommon trap: reason=unstable_if action=reinterpret pc=0x0000026aed928c10 method=java.util.concurrent.locks.ReentrantLock$NonfairSync.initialTryLock()Z @ 25 c2
Event: 4.772 Thread 0x0000026ac244eaa0 DEOPT PACKING pc=0x0000026aed928c10 sp=0x000000f767bfd950
Event: 4.772 Thread 0x0000026ac244eaa0 DEOPT UNPACKING pc=0x0000026aed2f3aa2 sp=0x000000f767bfd7b0 mode 2
Event: 4.775 Thread 0x0000026ac1160700 Uncommon trap: trap_request=0xffffff45 fr.pc=0x0000026aed97aaf4 relative=0x0000000000000894
Event: 4.775 Thread 0x0000026ac1160700 Uncommon trap: reason=unstable_if action=reinterpret pc=0x0000026aed97aaf4 method=java.util.concurrent.ConcurrentHashMap.putVal(Ljava/lang/Object;Ljava/lang/Object;Z)Ljava/lang/Object; @ 97 c2
Event: 4.775 Thread 0x0000026ac1160700 DEOPT PACKING pc=0x0000026aed97aaf4 sp=0x000000f766cfd630
Event: 4.775 Thread 0x0000026ac1160700 DEOPT UNPACKING pc=0x0000026aed2f3aa2 sp=0x000000f766cfd5a8 mode 2
Event: 4.820 Thread 0x0000026ac244eaa0 Uncommon trap: trap_request=0xffffff45 fr.pc=0x0000026aed8875e0 relative=0x00000000000004e0
Event: 4.820 Thread 0x0000026ac244eaa0 Uncommon trap: reason=unstable_if action=reinterpret pc=0x0000026aed8875e0 method=java.util.HashMap$HashIterator.<init>(Ljava/util/HashMap;)V @ 45 c2
Event: 4.820 Thread 0x0000026ac244eaa0 DEOPT PACKING pc=0x0000026aed8875e0 sp=0x000000f767bfe9f0

Classes loaded (20 events):
Event: 4.562 Loading class java/time/format/Parsed
Event: 4.562 Loading class java/time/format/Parsed done
Event: 4.564 Loading class java/time/temporal/TemporalAdjusters
Event: 4.564 Loading class java/time/temporal/TemporalAdjusters done
Event: 4.583 Loading class sun/reflect/generics/repository/FieldRepository
Event: 4.584 Loading class sun/reflect/generics/repository/FieldRepository done
Event: 4.588 Loading class jdk/internal/reflect/MethodHandleIntegerFieldAccessorImpl
Event: 4.588 Loading class jdk/internal/reflect/MethodHandleIntegerFieldAccessorImpl done
Event: 4.665 Loading class java/io/InvalidObjectException
Event: 4.665 Loading class java/io/ObjectStreamException
Event: 4.666 Loading class java/io/ObjectStreamException done
Event: 4.666 Loading class java/io/InvalidObjectException done
Event: 4.771 Loading class java/util/concurrent/CompletableFuture$AltResult
Event: 4.771 Loading class java/util/concurrent/CompletableFuture$AltResult done
Event: 4.771 Loading class java/util/concurrent/CompletableFuture$Completion
Event: 4.771 Loading class java/util/concurrent/CompletableFuture$AsynchronousCompletionTask
Event: 4.771 Loading class java/util/concurrent/CompletableFuture$AsynchronousCompletionTask done
Event: 4.772 Loading class java/util/concurrent/CompletableFuture$Completion done
Event: 4.781 Loading class sun/nio/ch/WindowsAsynchronousFileChannelImpl$WriteTask
Event: 4.781 Loading class sun/nio/ch/WindowsAsynchronousFileChannelImpl$WriteTask done

Classes unloaded (7 events):
Event: 3.371 Thread 0x0000026af95c25f0 Unloading class 0x0000026a8118cc00 'java/lang/invoke/LambdaForm$MH+0x0000026a8118cc00'
Event: 3.371 Thread 0x0000026af95c25f0 Unloading class 0x0000026a8118c800 'java/lang/invoke/LambdaForm$MH+0x0000026a8118c800'
Event: 3.371 Thread 0x0000026af95c25f0 Unloading class 0x0000026a8118c400 'java/lang/invoke/LambdaForm$MH+0x0000026a8118c400'
Event: 3.371 Thread 0x0000026af95c25f0 Unloading class 0x0000026a8118c000 'java/lang/invoke/LambdaForm$MH+0x0000026a8118c000'
Event: 3.371 Thread 0x0000026af95c25f0 Unloading class 0x0000026a8118bc00 'java/lang/invoke/LambdaForm$BMH+0x0000026a8118bc00'
Event: 3.371 Thread 0x0000026af95c25f0 Unloading class 0x0000026a8118b800 'java/lang/invoke/LambdaForm$DMH+0x0000026a8118b800'
Event: 3.371 Thread 0x0000026af95c25f0 Unloading class 0x0000026a8118a400 'java/lang/invoke/LambdaForm$DMH+0x0000026a8118a400'

Classes redefined (0 events):
No events

Internal exceptions (20 events):
Event: 4.309 Thread 0x0000026ac12fd860 Exception <a 'java/lang/NoSuchMethodError'{0x00000000d6ad62e0}: 'void java.lang.invoke.Invokers$Holder.invokeExact_MT(java.lang.Object, java.lang.Object, int, java.lang.Object)'> (0x00000000d6ad62e0) 
thrown [s\src\hotspot\share\interpreter\linkResolver.cpp, line 773]
Event: 4.363 Thread 0x0000026ae08a9600 Exception <a 'java/lang/NoSuchMethodError'{0x00000000d56fe620}: 'java.lang.Object java.lang.invoke.DirectMethodHandle$Holder.invokeStatic(java.lang.Object, long, java.lang.Object)'> (0x00000000d56fe620) 
thrown [s\src\hotspot\share\interpreter\linkResolver.cpp, line 773]
Event: 4.363 Thread 0x0000026ae08a9600 Exception <a 'java/lang/NoSuchMethodError'{0x00000000d5701cb8}: 'java.lang.Object java.lang.invoke.DirectMethodHandle$Holder.invokeStaticInit(java.lang.Object, long, java.lang.Object)'> (0x00000000d5701cb8) 
thrown [s\src\hotspot\share\interpreter\linkResolver.cpp, line 773]
Event: 4.364 Thread 0x0000026ae08a9600 Exception <a 'java/lang/NoSuchMethodError'{0x00000000d5707448}: 'java.lang.Object java.lang.invoke.DirectMethodHandle$Holder.newInvokeSpecial(java.lang.Object, long)'> (0x00000000d5707448) 
thrown [s\src\hotspot\share\interpreter\linkResolver.cpp, line 773]
Event: 4.395 Thread 0x0000026ac1160700 Exception <a 'java/io/FileNotFoundException'{0x00000000d5989660}> (0x00000000d5989660) 
thrown [s\src\hotspot\share\prims\jni.cpp, line 520]
Event: 4.396 Thread 0x0000026ac1160700 Exception <a 'java/io/FileNotFoundException'{0x00000000d598a8a8}> (0x00000000d598a8a8) 
thrown [s\src\hotspot\share\prims\jni.cpp, line 520]
Event: 4.398 Thread 0x0000026ac1160700 Exception <a 'java/lang/NoSuchMethodError'{0x00000000d5998a28}: 'java.lang.Object java.lang.invoke.DirectMethodHandle$Holder.newInvokeSpecial(java.lang.Object, java.lang.Object, java.lang.Object, int)'> (0x00000000d5998a28) 
thrown [s\src\hotspot\share\interpreter\linkResolver.cpp, line 773]
Event: 4.399 Thread 0x0000026ac1160700 Exception <a 'java/lang/NoSuchMethodError'{0x00000000d599c6e0}: 'java.lang.Object java.lang.invoke.DirectMethodHandle$Holder.invokeSpecial(java.lang.Object, java.lang.Object, java.lang.Object, java.lang.Object, int)'> (0x00000000d599c6e0) 
thrown [s\src\hotspot\share\interpreter\linkResolver.cpp, line 773]
Event: 4.399 Thread 0x0000026ac1160700 Exception <a 'java/lang/NoSuchMethodError'{0x00000000d599fb88}: 'java.lang.Object java.lang.invoke.Invokers$Holder.linkToTargetMethod(java.lang.Object, java.lang.Object, int, java.lang.Object)'> (0x00000000d599fb88) 
thrown [s\src\hotspot\share\interpreter\linkResolver.cpp, line 773]
Event: 4.401 Thread 0x0000026ac1160700 Exception <a 'java/lang/NoSuchMethodError'{0x00000000d59ab718}: 'void java.lang.invoke.DirectMethodHandle$Holder.invokeStaticInit(java.lang.Object, java.lang.Object, java.lang.Object)'> (0x00000000d59ab718) 
thrown [s\src\hotspot\share\interpreter\linkResolver.cpp, line 773]
Event: 4.406 Thread 0x0000026ac1160700 Exception <a 'java/io/FileNotFoundException'{0x00000000d5a0ec18}> (0x00000000d5a0ec18) 
thrown [s\src\hotspot\share\prims\jni.cpp, line 520]
Event: 4.406 Thread 0x0000026ac1160700 Exception <a 'java/io/FileNotFoundException'{0x00000000d5a0fd30}> (0x00000000d5a0fd30) 
thrown [s\src\hotspot\share\prims\jni.cpp, line 520]
Event: 4.537 Thread 0x0000026ae08a9600 Exception <a 'java/lang/NoSuchMethodError'{0x00000000d6428968}: 'void java.lang.invoke.DirectMethodHandle$Holder.invokeSpecial(java.lang.Object, java.lang.Object, java.lang.Object, java.lang.Object, java.lang.Object, java.lang.Object)'> (0x00000000d6428968) 
thrown [s\src\hotspot\share\interpreter\linkResolver.cpp, line 773]
Event: 4.539 Thread 0x0000026ae08a9600 Exception <a 'java/lang/IncompatibleClassChangeError'{0x00000000d6430f80}: Found class java.lang.Object, but interface was expected> (0x00000000d6430f80) 
thrown [s\src\hotspot\share\interpreter\linkResolver.cpp, line 840]
Event: 4.539 Thread 0x0000026ae08a9600 Exception <a 'java/lang/IncompatibleClassChangeError'{0x00000000d6432e80}: Found class java.lang.Object, but interface was expected> (0x00000000d6432e80) 
thrown [s\src\hotspot\share\interpreter\linkResolver.cpp, line 840]
Event: 4.564 Thread 0x0000026ae08a9600 Exception <a 'java/lang/NoSuchMethodError'{0x00000000d659bb10}: 'java.lang.Object java.lang.invoke.DirectMethodHandle$Holder.invokeStatic(java.lang.Object, int, java.lang.Object)'> (0x00000000d659bb10) 
thrown [s\src\hotspot\share\interpreter\linkResolver.cpp, line 773]
Event: 4.672 Thread 0x0000026ac244eaa0 Exception <a 'java/lang/NoSuchMethodError'{0x00000000d69ca820}: 'java.lang.Object java.lang.invoke.DirectMethodHandle$Holder.invokeInterface(java.lang.Object, java.lang.Object, java.lang.Object)'> (0x00000000d69ca820) 
thrown [s\src\hotspot\share\interpreter\linkResolver.cpp, line 773]
Event: 4.698 Thread 0x0000026ac244eaa0 Exception <a 'java/io/FileNotFoundException'{0x00000000d6a68ec0}> (0x00000000d6a68ec0) 
thrown [s\src\hotspot\share\prims\jni.cpp, line 520]
Event: 4.747 Thread 0x0000026ac244eaa0 Exception <a 'sun/nio/fs/WindowsException'{0x00000000d593ed20}> (0x00000000d593ed20) 
thrown [s\src\hotspot\share\prims\jni.cpp, line 520]
Event: 4.818 Thread 0x0000026ac244eaa0 Exception <a 'java/lang/IncompatibleClassChangeError'{0x00000000d5bed158}: Found class java.lang.Object, but interface was expected> (0x00000000d5bed158) 
thrown [s\src\hotspot\share\interpreter\linkResolver.cpp, line 840]

ZGC Phase Switch (0 events):
No events

VM Operations (20 events):
Event: 3.130 Executing VM operation: ParallelGCFailedAllocation (Allocation Failure) done
Event: 3.360 Executing VM operation: CollectForMetadataAllocation (Metadata GC Threshold)
Event: 3.394 Executing VM operation: CollectForMetadataAllocation (Metadata GC Threshold) done
Event: 3.530 Executing VM operation: HandshakeAllThreads (Deoptimize)
Event: 3.530 Executing VM operation: HandshakeAllThreads (Deoptimize) done
Event: 3.633 Executing VM operation: HandshakeAllThreads (Deoptimize)
Event: 3.633 Executing VM operation: HandshakeAllThreads (Deoptimize) done
Event: 3.786 Executing VM operation: HandshakeAllThreads (Deoptimize)
Event: 3.786 Executing VM operation: HandshakeAllThreads (Deoptimize) done
Event: 3.830 Executing VM operation: HandshakeAllThreads (Deoptimize)
Event: 3.830 Executing VM operation: HandshakeAllThreads (Deoptimize) done
Event: 4.233 Executing VM operation: HandshakeAllThreads (Deoptimize)
Event: 4.233 Executing VM operation: HandshakeAllThreads (Deoptimize) done
Event: 4.343 Executing VM operation: ParallelGCFailedAllocation (Allocation Failure)
Event: 4.348 Executing VM operation: ParallelGCFailedAllocation (Allocation Failure) done
Event: 4.685 Executing VM operation: HandshakeAllThreads (Deoptimize)
Event: 4.686 Executing VM operation: HandshakeAllThreads (Deoptimize) done
Event: 4.704 Executing VM operation: ParallelGCFailedAllocation (Allocation Failure)
Event: 4.709 Executing VM operation: ParallelGCFailedAllocation (Allocation Failure) done
Event: 5.709 Executing VM operation: Cleanup

Memory protections (0 events):
No events

Nmethod flushes (0 events):
No events

Events (20 events):
Event: 2.362 Thread 0x0000026ac12fd860 Thread added: 0x0000026ac1219d10
Event: 2.628 Thread 0x0000026ac12fd860 Thread added: 0x0000026ac133d3a0
Event: 2.650 Thread 0x0000026ac12fd860 Thread added: 0x0000026ac1160700
Event: 3.465 Thread 0x0000026ac12fd860 Thread added: 0x0000026ac1d296b0
Event: 3.575 Thread 0x0000026ac1d296b0 Thread exited: 0x0000026ac1d296b0
Event: 4.222 Thread 0x0000026ac12fbc30 Thread exited: 0x0000026ac12fbc30
Event: 4.244 Thread 0x0000026ac12fd860 Thread added: 0x0000026ac26be090
Event: 4.330 Thread 0x0000026af9603df0 Thread added: 0x0000026ac218fbf0
Event: 4.373 Thread 0x0000026ae08a9600 Thread added: 0x0000026ac26be720
Event: 4.374 Thread 0x0000026ae08a9600 Thread added: 0x0000026ac26bcce0
Event: 4.374 Thread 0x0000026ae08a9600 Thread added: 0x0000026ac26bedb0
Event: 4.374 Thread 0x0000026ae08a9600 Thread added: 0x0000026ac26bc650
Event: 4.374 Thread 0x0000026ae08a9600 Thread added: 0x0000026ac26bd370
Event: 4.374 Thread 0x0000026ae08a9600 Thread added: 0x0000026ac26bda00
Event: 4.375 Thread 0x0000026ae08a9600 Thread added: 0x0000026ac26bf440
Event: 4.375 Thread 0x0000026ae08a9600 Thread added: 0x0000026ac26bbfc0
Event: 4.375 Thread 0x0000026ae08a9600 Thread added: 0x0000026ac244fe50
Event: 4.403 Thread 0x0000026ae08a9600 Thread added: 0x0000026ac244f7c0
Event: 4.554 Thread 0x0000026ae08a9600 Thread added: 0x0000026ac244f130
Event: 4.555 Thread 0x0000026ae08a9600 Thread added: 0x0000026ac244eaa0


Dynamic libraries:
0x00007ff694100000 - 0x00007ff69410e000 	c:\Users\PC\.vscode\extensions\redhat.java-1.47.0-win32-x64\jre\21.0.8-win32-x86_64\bin\java.exe
0x00007fff9bda0000 - 0x00007fff9c008000 	C:\WINDOWS\SYSTEM32\ntdll.dll
0x00007fff9ae80000 - 0x00007fff9af49000 	C:\WINDOWS\System32\KERNEL32.DLL
0x00007fff98f50000 - 0x00007fff99348000 	C:\WINDOWS\System32\KERNELBASE.dll
0x00007fff99350000 - 0x00007fff9949b000 	C:\WINDOWS\System32\ucrtbase.dll
0x00007fff6ddc0000 - 0x00007fff6ddde000 	c:\Users\PC\.vscode\extensions\redhat.java-1.47.0-win32-x64\jre\21.0.8-win32-x86_64\bin\VCRUNTIME140.dll
0x00007fff7b2c0000 - 0x00007fff7b2d8000 	c:\Users\PC\.vscode\extensions\redhat.java-1.47.0-win32-x64\jre\21.0.8-win32-x86_64\bin\jli.dll
0x00007fff99d60000 - 0x00007fff99f27000 	C:\WINDOWS\System32\USER32.dll
0x00007fff99970000 - 0x00007fff99997000 	C:\WINDOWS\System32\win32u.dll
0x00007fff81c10000 - 0x00007fff81ea4000 	C:\WINDOWS\WinSxS\amd64_microsoft.windows.common-controls_6595b64144ccf1df_6.0.26100.7019_none_3e06ffa0e335b8a8\COMCTL32.dll
0x00007fff9a2c0000 - 0x00007fff9a2eb000 	C:\WINDOWS\System32\GDI32.dll
0x00007fff9b9e0000 - 0x00007fff9ba89000 	C:\WINDOWS\System32\msvcrt.dll
0x00007fff99790000 - 0x00007fff998bc000 	C:\WINDOWS\System32\gdi32full.dll
0x00007fff998c0000 - 0x00007fff99963000 	C:\WINDOWS\System32\msvcp_win.dll
0x00007fff9af50000 - 0x00007fff9af81000 	C:\WINDOWS\System32\IMM32.DLL
0x00007fff7f820000 - 0x00007fff7f82c000 	c:\Users\PC\.vscode\extensions\redhat.java-1.47.0-win32-x64\jre\21.0.8-win32-x86_64\bin\vcruntime140_1.dll
0x00007fff218b0000 - 0x00007fff2193d000 	c:\Users\PC\.vscode\extensions\redhat.java-1.47.0-win32-x64\jre\21.0.8-win32-x86_64\bin\msvcp140.dll
0x00007fff1f550000 - 0x00007fff202e7000 	c:\Users\PC\.vscode\extensions\redhat.java-1.47.0-win32-x64\jre\21.0.8-win32-x86_64\bin\server\jvm.dll
0x00007fff99b10000 - 0x00007fff99bc4000 	C:\WINDOWS\System32\ADVAPI32.dll
0x00007fff9b510000 - 0x00007fff9b5b6000 	C:\WINDOWS\System32\sechost.dll
0x00007fff9ab80000 - 0x00007fff9ac98000 	C:\WINDOWS\System32\RPCRT4.dll
0x00007fff9a2f0000 - 0x00007fff9a364000 	C:\WINDOWS\System32\WS2_32.dll
0x00007fff8a070000 - 0x00007fff8a07b000 	C:\WINDOWS\SYSTEM32\VERSION.dll
0x00007fff98d20000 - 0x00007fff98d7e000 	C:\WINDOWS\SYSTEM32\POWRPROF.dll
0x00007fff820d0000 - 0x00007fff82105000 	C:\WINDOWS\SYSTEM32\WINMM.dll
0x00007fff98d00000 - 0x00007fff98d14000 	C:\WINDOWS\SYSTEM32\UMPDC.dll
0x00007fff97c80000 - 0x00007fff97c9b000 	C:\WINDOWS\SYSTEM32\kernel.appcore.dll
0x00007fff7b820000 - 0x00007fff7b82a000 	c:\Users\PC\.vscode\extensions\redhat.java-1.47.0-win32-x64\jre\21.0.8-win32-x86_64\bin\jimage.dll
0x00007fff932f0000 - 0x00007fff93532000 	C:\WINDOWS\SYSTEM32\DBGHELP.DLL
0x00007fff99f30000 - 0x00007fff9a2bb000 	C:\WINDOWS\System32\combase.dll
0x00007fff9aca0000 - 0x00007fff9ad77000 	C:\WINDOWS\System32\OLEAUT32.dll
0x00007fff6e900000 - 0x00007fff6e93c000 	C:\WINDOWS\SYSTEM32\dbgcore.DLL
0x00007fff994a0000 - 0x00007fff99545000 	C:\WINDOWS\System32\bcryptPrimitives.dll
0x00007fff7b720000 - 0x00007fff7b72f000 	c:\Users\PC\.vscode\extensions\redhat.java-1.47.0-win32-x64\jre\21.0.8-win32-x86_64\bin\instrument.dll
0x00007fff64800000 - 0x00007fff6481f000 	c:\Users\PC\.vscode\extensions\redhat.java-1.47.0-win32-x64\jre\21.0.8-win32-x86_64\bin\java.dll
0x00007fff9a420000 - 0x00007fff9ab6f000 	C:\WINDOWS\System32\SHELL32.dll
0x00007fff999a0000 - 0x00007fff99b0b000 	C:\WINDOWS\System32\wintypes.dll
0x00007fff96b00000 - 0x00007fff9735d000 	C:\WINDOWS\SYSTEM32\windows.storage.dll
0x00007fff9ba90000 - 0x00007fff9bb82000 	C:\WINDOWS\System32\SHCORE.dll
0x00007fff9b850000 - 0x00007fff9b8b7000 	C:\WINDOWS\System32\shlwapi.dll
0x00007fff98de0000 - 0x00007fff98e09000 	C:\WINDOWS\SYSTEM32\profapi.dll
0x00007fff63700000 - 0x00007fff63718000 	c:\Users\PC\.vscode\extensions\redhat.java-1.47.0-win32-x64\jre\21.0.8-win32-x86_64\bin\zip.dll
0x00007fff70ec0000 - 0x00007fff70ed0000 	C:\Users\PC\.vscode\extensions\redhat.java-1.47.0-win32-x64\jre\21.0.8-win32-x86_64\bin\net.dll
0x00007fff8ec80000 - 0x00007fff8eda8000 	C:\WINDOWS\SYSTEM32\WINHTTP.dll
0x00007fff981f0000 - 0x00007fff9825b000 	C:\WINDOWS\system32\mswsock.dll
0x00007fff621a0000 - 0x00007fff621b6000 	C:\Users\PC\.vscode\extensions\redhat.java-1.47.0-win32-x64\jre\21.0.8-win32-x86_64\bin\nio.dll
0x00007fff70e70000 - 0x00007fff70e80000 	c:\Users\PC\.vscode\extensions\redhat.java-1.47.0-win32-x64\jre\21.0.8-win32-x86_64\bin\verify.dll
0x00007fff7b620000 - 0x00007fff7b664000 	C:\Users\PC\AppData\Roaming\Code\User\globalStorage\redhat.java\1.47.0\config_ss_win\org.eclipse.equinox.launcher\org.eclipse.equinox.launcher.win32.win32.x86_64_1.2.1400.v20250801-0854\eclipse_11916.dll
0x00007fff9bb90000 - 0x00007fff9bd27000 	C:\WINDOWS\System32\ole32.dll
0x00007fff984b0000 - 0x00007fff984cb000 	C:\WINDOWS\SYSTEM32\CRYPTSP.dll
0x00007fff97be0000 - 0x00007fff97c1a000 	C:\WINDOWS\system32\rsaenh.dll
0x00007fff982a0000 - 0x00007fff982cb000 	C:\WINDOWS\SYSTEM32\USERENV.dll
0x00007fff98db0000 - 0x00007fff98dda000 	C:\WINDOWS\SYSTEM32\bcrypt.dll
0x00007fff984d0000 - 0x00007fff984dc000 	C:\WINDOWS\SYSTEM32\CRYPTBASE.dll
0x00007fff976e0000 - 0x00007fff97714000 	C:\WINDOWS\SYSTEM32\IPHLPAPI.DLL
0x00007fff9b500000 - 0x00007fff9b50a000 	C:\WINDOWS\System32\NSI.dll
0x00007fff62ad0000 - 0x00007fff62b19000 	C:\Users\PC\AppData\Local\Temp\jna-2547\jna16207797505122361327.dll
0x00007fff99d40000 - 0x00007fff99d48000 	C:\WINDOWS\System32\PSAPI.DLL
0x00007fff8f5c0000 - 0x00007fff8f5de000 	C:\WINDOWS\SYSTEM32\dhcpcsvc6.DLL
0x00007fff8f530000 - 0x00007fff8f553000 	C:\WINDOWS\SYSTEM32\dhcpcsvc.DLL

JVMTI agents:
c:\Users\PC\.vscode\extensions\redhat.java-1.47.0-win32-x64\lombok\lombok-1.18.39-4050.jar path:c:\Users\PC\.vscode\extensions\redhat.java-1.47.0-win32-x64\jre\21.0.8-win32-x86_64\bin\instrument.dll, loaded, initialized, instrumentlib options:none

dbghelp: loaded successfully - version: 4.0.5 - missing functions: none
symbol engine: initialized successfully - sym options: 0x614 - pdb path: .;c:\Users\PC\.vscode\extensions\redhat.java-1.47.0-win32-x64\jre\21.0.8-win32-x86_64\bin;C:\WINDOWS\SYSTEM32;C:\WINDOWS\WinSxS\amd64_microsoft.windows.common-controls_6595b64144ccf1df_6.0.26100.7019_none_3e06ffa0e335b8a8;c:\Users\PC\.vscode\extensions\redhat.java-1.47.0-win32-x64\jre\21.0.8-win32-x86_64\bin\server;C:\Users\PC\AppData\Roaming\Code\User\globalStorage\redhat.java\1.47.0\config_ss_win\org.eclipse.equinox.launcher\org.eclipse.equinox.launcher.win32.win32.x86_64_1.2.1400.v20250801-0854;C:\Users\PC\AppData\Local\Temp\jna-2547

VM Arguments:
jvm_args: --add-modules=ALL-SYSTEM --add-opens=java.base/java.util=ALL-UNNAMED --add-opens=java.base/java.lang=ALL-UNNAMED --add-opens=java.base/sun.nio.fs=ALL-UNNAMED -Declipse.application=org.eclipse.jdt.ls.core.id1 -Dosgi.bundles.defaultStartLevel=4 -Declipse.product=org.eclipse.jdt.ls.core.product -Djava.import.generatesMetadataFilesAtProjectRoot=false -DDetectVMInstallationsJob.disabled=true -Dfile.encoding=utf8 -XX:+UseParallelGC -XX:GCTimeRatio=4 -XX:AdaptiveSizePolicyWeight=90 -Dsun.zip.disableMemoryMapping=true -Xmx2G -Xms100m -Xlog:disable -javaagent:c:\Users\PC\.vscode\extensions\redhat.java-1.47.0-win32-x64\lombok\lombok-1.18.39-4050.jar 
java_command: c:\Users\PC\.vscode\extensions\redhat.java-1.47.0-win32-x64\server\plugins\org.eclipse.equinox.launcher_1.7.100.v20251014-1222.jar -configuration c:\Users\PC\AppData\Roaming\Code\User\globalStorage\redhat.java\1.47.0\config_ss_win -data c:\Users\PC\AppData\Roaming\Code\User\workspaceStorage\ca0e87218a26ce5d17682f68f741d154\redhat.java\ss_ws --pipe=\\.\pipe\lsp-2a8ea8aea2f1093a456173a818e94748-sock
java_class_path (initial): c:\Users\PC\.vscode\extensions\redhat.java-1.47.0-win32-x64\server\plugins\org.eclipse.equinox.launcher_1.7.100.v20251014-1222.jar
Launcher Type: SUN_STANDARD

[Global flags]
    uintx AdaptiveSizePolicyWeight                 = 90                                        {product} {command line}
     intx CICompilerCount                          = 4                                         {product} {ergonomic}
    uintx GCTimeRatio                              = 4                                         {product} {command line}
   size_t InitialHeapSize                          = 104857600                                 {product} {command line}
   size_t MaxHeapSize                              = 2147483648                                {product} {command line}
   size_t MaxNewSize                               = 715653120                                 {product} {ergonomic}
   size_t MinHeapDeltaBytes                        = 524288                                    {product} {ergonomic}
   size_t MinHeapSize                              = 104857600                                 {product} {command line}
   size_t NewSize                                  = 34603008                                  {product} {ergonomic}
    uintx NonNMethodCodeHeapSize                   = 5839372                                {pd product} {ergonomic}
    uintx NonProfiledCodeHeapSize                  = 122909434                              {pd product} {ergonomic}
   size_t OldSize                                  = 70254592                                  {product} {ergonomic}
    uintx ProfiledCodeHeapSize                     = 122909434                              {pd product} {ergonomic}
    uintx ReservedCodeCacheSize                    = 251658240                              {pd product} {ergonomic}
     bool SegmentedCodeCache                       = true                                      {product} {ergonomic}
   size_t SoftMaxHeapSize                          = 2147483648                             {manageable} {ergonomic}
     bool UseCompressedOops                        = true                           {product lp64_product} {ergonomic}
     bool UseLargePagesIndividualAllocation        = false                                  {pd product} {ergonomic}
     bool UseParallelGC                            = true                                      {product} {command line}

Logging:
Log output configuration:
 #0: stdout all=off uptime,level,tags foldmultilines=false
 #1: stderr all=off uptime,level,tags foldmultilines=false

Environment Variables:
JAVA_HOME=C:\Program Files\Java\jdk-17
PATH=C:\Program Files\Python314\Scripts\;C:\Program Files\Python314\;C:\oraclexe\app\oracle\product\11.2.0\server\bin;C:\WINDOWS\system32;C:\WINDOWS;C:\WINDOWS\System32\Wbem;C:\WINDOWS\System32\WindowsPowerShell\v1.0\;C:\WINDOWS\System32\OpenSSH\;C:\Program Files\dotnet\;C:\Program Files\nodejs\;C:\Users\PC\AppData\Roaming\Python\Python314\Scripts;C:\Program Files\Java\jdk-17\bin;C:\Program Files\Java\jdk-17\bin;C:\Program Files\Apache\apache-maven-3.9.11\bin;C:\Program Files\Git\cmd;C:\Users\PC\AppData\Local\Programs\Eclipse Adoptium\jdk-25.0.0.36-hotspot\bin;C:\Users\PC\AppData\Local\Microsoft\WindowsApps;C:\Users\PC\AppData\Local\Programs\Microsoft VS Code\bin;C:\Users\PC\AppData\Roaming\npm;
USERNAME=PC
OS=Windows_NT
PROCESSOR_IDENTIFIER=Intel64 Family 6 Model 142 Stepping 12, GenuineIntel
TMP=C:\Users\PC\AppData\Local\Temp
TEMP=C:\Users\PC\AppData\Local\Temp




Periodic native trim disabled

---------------  S Y S T E M  ---------------

OS:
 Windows 11 , 64 bit Build 26100 (10.0.26100.7019)
OS uptime: 1 days 8:45 hours

CPU: total 8 (initial active 8) (4 cores per cpu, 2 threads per core) family 6 model 142 stepping 12 microcode 0xde, cx8, cmov, fxsr, ht, mmx, 3dnowpref, sse, sse2, sse3, ssse3, sse4.1, sse4.2, popcnt, lzcnt, tsc, tscinvbit, avx, avx2, aes, erms, clmul, bmi1, bmi2, adx, fma, vzeroupper, clflush, clflushopt, rdtscp, f16c
Processor Information for processor 0
  Max Mhz: 2112, Current Mhz: 1609, Mhz Limit: 1605
Processor Information for processor 1
  Max Mhz: 2112, Current Mhz: 1609, Mhz Limit: 1605
Processor Information for processor 2
  Max Mhz: 2112, Current Mhz: 1609, Mhz Limit: 1605
Processor Information for processor 3
  Max Mhz: 2112, Current Mhz: 1609, Mhz Limit: 1605
Processor Information for processor 4
  Max Mhz: 2112, Current Mhz: 1609, Mhz Limit: 1605
Processor Information for processor 5
  Max Mhz: 2112, Current Mhz: 1609, Mhz Limit: 1605
Processor Information for processor 6
  Max Mhz: 2112, Current Mhz: 1508, Mhz Limit: 1605
Processor Information for processor 7
  Max Mhz: 2112, Current Mhz: 1609, Mhz Limit: 1605

Memory: 4k page, system-wide physical 7942M (446M free)
TotalPageFile size 20967M (AvailPageFile size 3M)
current process WorkingSet (physical memory assigned to process): 163M, peak: 163M
current process commit charge ("private bytes"): 296M, peak: 298M

vm_info: OpenJDK 64-Bit Server VM (21.0.8+9-LTS) for windows-amd64 JRE (21.0.8+9-LTS), built on 2025-07-15T00:00:00Z by "admin" with MS VC++ 17.7 (VS2022)

END.
