#
# There is insufficient memory for the Java Runtime Environment to continue.
# Native memory allocation (mmap) failed to map 132120576 bytes for G1 virtual space
# Possible reasons:
#   The system is out of physical RAM or swap space
#   The process is running with CompressedOops enabled, and the Java Heap may be blocking the growth of the native heap
# Possible solutions:
#   Reduce memory load on the system
#   Increase physical memory or swap space
#   Check if swap backing store is full
#   Decrease Java heap size (-Xmx/-Xms)
#   Decrease number of Java threads
#   Decrease Java thread stack sizes (-Xss)
#   Set larger code cache with -XX:ReservedCodeCacheSize=
#   JVM is running with Unscaled Compressed Oops mode in which the Java heap is
#     placed in the first 4GB address space. The Java Heap base address is the
#     maximum limit for the native heap growth. Please use -XX:HeapBaseMinAddress
#     to set the Java Heap base and to place the Java Heap above 4GB virtual address.
# This output file may be truncated or incomplete.
#
#  Out of Memory Error (os_windows.cpp:3548), pid=2572, tid=3240
#
# JRE version:  (17.0.12+8) (build )
# Java VM: Java HotSpot(TM) 64-Bit Server VM (17.0.12+8-LTS-286, mixed mode, sharing, tiered, compressed oops, compressed class ptrs, g1 gc, windows-amd64)
# No core dump will be written. Minidumps are not enabled by default on client versions of Windows
#

---------------  S U M M A R Y ------------

Command Line: -Dclassworlds.conf=C:\Program Files\Apache\apache-maven-3.9.11\bin\m2.conf -Dmaven.home=C:\Program Files\Apache\apache-maven-3.9.11 -Dlibrary.jansi.path=C:\Program Files\Apache\apache-maven-3.9.11\lib\jansi-native -Dmaven.multiModuleProjectDirectory=C:\Users\PC\Desktop\IDL\tp7 org.codehaus.plexus.classworlds.launcher.Launcher spring-boot:run

Host: Intel(R) Core(TM) i5-10210U CPU @ 1.60GHz, 8 cores, 7G,  Windows 11 , 64 bit Build 26100 (10.0.26100.7019)
Time: Tue Nov 18 22:00:59 2025 Paris, Madrid elapsed time: 2.105567 seconds (0d 0h 0m 2s)

---------------  T H R E A D  ---------------

Current thread (0x0000010e7f690ac0):  JavaThread "Unknown thread" [_thread_in_vm, id=3240, stack(0x0000000567800000,0x0000000567900000)]

Stack: [0x0000000567800000,0x0000000567900000]
Native frames: (J=compiled Java code, j=interpreted, Vv=VM code, C=native code)
V  [jvm.dll+0x67a04a]
V  [jvm.dll+0x7da4ed]
V  [jvm.dll+0x7dbe33]
V  [jvm.dll+0x7dc4a3]
V  [jvm.dll+0x24508f]
V  [jvm.dll+0x677089]
V  [jvm.dll+0x66bd32]
V  [jvm.dll+0x301fa6]
V  [jvm.dll+0x309546]
V  [jvm.dll+0x359d2e]
V  [jvm.dll+0x359f5f]
V  [jvm.dll+0x2d9078]
V  [jvm.dll+0x2d9fe4]
V  [jvm.dll+0x7aca21]
V  [jvm.dll+0x367591]
V  [jvm.dll+0x78b999]
V  [jvm.dll+0x3ec83f]
V  [jvm.dll+0x3ee471]
C  [jli.dll+0x5297]
C  [ucrtbase.dll+0x37b0]
C  [KERNEL32.DLL+0x2e8d7]
C  [ntdll.dll+0x8c53c]


---------------  P R O C E S S  ---------------

Threads class SMR info:
_java_thread_list=0x00007fff3c0c7a18, length=0, elements={
}

Java Threads: ( => current thread )

Other Threads:
  0x0000010e7f6eb7c0 GCTaskThread "GC Thread#0" [stack: 0x0000000567900000,0x0000000567a00000] [id=17952]
  0x0000010e7f7002f0 ConcurrentGCThread "G1 Main Marker" [stack: 0x0000000567a00000,0x0000000567b00000] [id=19452]
  0x0000010e7f701c20 ConcurrentGCThread "G1 Conc#0" [stack: 0x0000000567b00000,0x0000000567c00000] [id=17656]

[error occurred during error reporting (printing all threads), id 0xc0000005, EXCEPTION_ACCESS_VIOLATION (0xc0000005) at pc=0x00007fff3b8f9b67]

VM state: not at safepoint (not fully initialized)

VM Mutex/Monitor currently owned by a thread:  ([mutex/lock_event])
[0x0000010e7f68d8f0] Heap_lock - owner thread: 0x0000010e7f690ac0

Heap address: 0x0000000083e00000, size: 1986 MB, Compressed Oops mode: 32-bit

CDS archive(s) mapped at: [0x0000000000000000-0x0000000000000000-0x0000000000000000), size 0, SharedBaseAddress: 0x0000000800000000, ArchiveRelocationMode: 1.
Narrow klass base: 0x0000000000000000, Narrow klass shift: 0, Narrow klass range: 0x0

GC Precious Log:
<Empty>

Heap:
 garbage-first heap   total 0K, used 0K [0x0000000083e00000, 0x0000000100000000)
  region size 1024K, 0 young (0K), 0 survivors (0K)

[error occurred during error reporting (printing heap information), id 0xc0000005, EXCEPTION_ACCESS_VIOLATION (0xc0000005) at pc=0x00007fff3bce3859]

GC Heap History (0 events):
No events

Deoptimization events (0 events):
No events

Classes unloaded (0 events):
No events

Classes redefined (0 events):
No events

Internal exceptions (0 events):
No events

VM Operations (0 events):
No events

Events (1 events):
Event: 0.052 Loaded shared library C:\Program Files\Java\jdk-17\bin\java.dll


Dynamic libraries:
0x00007ff6ff7a0000 - 0x00007ff6ff7b0000 	C:\Program Files\Java\jdk-17\bin\java.exe
0x00007fff9bda0000 - 0x00007fff9c008000 	C:\WINDOWS\SYSTEM32\ntdll.dll
0x00007fff9ae80000 - 0x00007fff9af49000 	C:\WINDOWS\System32\KERNEL32.DLL
0x00007fff98f50000 - 0x00007fff99348000 	C:\WINDOWS\System32\KERNELBASE.dll
0x00007fff99350000 - 0x00007fff9949b000 	C:\WINDOWS\System32\ucrtbase.dll
0x00007fff7d3f0000 - 0x00007fff7d409000 	C:\Program Files\Java\jdk-17\bin\jli.dll
0x00007fff7ba40000 - 0x00007fff7ba5b000 	C:\Program Files\Java\jdk-17\bin\VCRUNTIME140.dll
0x00007fff99b10000 - 0x00007fff99bc4000 	C:\WINDOWS\System32\ADVAPI32.dll
0x00007fff9b9e0000 - 0x00007fff9ba89000 	C:\WINDOWS\System32\msvcrt.dll
0x00007fff9b510000 - 0x00007fff9b5b6000 	C:\WINDOWS\System32\sechost.dll
0x00007fff9ab80000 - 0x00007fff9ac98000 	C:\WINDOWS\System32\RPCRT4.dll
0x00007fff99d60000 - 0x00007fff99f27000 	C:\WINDOWS\System32\USER32.dll
0x00007fff99970000 - 0x00007fff99997000 	C:\WINDOWS\System32\win32u.dll
0x00007fff81c10000 - 0x00007fff81ea4000 	C:\WINDOWS\WinSxS\amd64_microsoft.windows.common-controls_6595b64144ccf1df_6.0.26100.7019_none_3e06ffa0e335b8a8\COMCTL32.dll
0x00007fff9a2c0000 - 0x00007fff9a2eb000 	C:\WINDOWS\System32\GDI32.dll
0x00007fff99790000 - 0x00007fff998bc000 	C:\WINDOWS\System32\gdi32full.dll
0x00007fff998c0000 - 0x00007fff99963000 	C:\WINDOWS\System32\msvcp_win.dll
0x00007fff8a070000 - 0x00007fff8a07b000 	C:\WINDOWS\SYSTEM32\VERSION.dll
0x00007fff9af50000 - 0x00007fff9af81000 	C:\WINDOWS\System32\IMM32.DLL
0x00007fff80070000 - 0x00007fff8007c000 	C:\Program Files\Java\jdk-17\bin\vcruntime140_1.dll
0x00007fff70f30000 - 0x00007fff70fbe000 	C:\Program Files\Java\jdk-17\bin\msvcp140.dll
0x00007fff3b610000 - 0x00007fff3c1f0000 	C:\Program Files\Java\jdk-17\bin\server\jvm.dll
0x00007fff99d40000 - 0x00007fff99d48000 	C:\WINDOWS\System32\PSAPI.DLL
0x00007fff813a0000 - 0x00007fff813aa000 	C:\WINDOWS\SYSTEM32\WSOCK32.dll
0x00007fff820d0000 - 0x00007fff82105000 	C:\WINDOWS\SYSTEM32\WINMM.dll
0x00007fff9a2f0000 - 0x00007fff9a364000 	C:\WINDOWS\System32\WS2_32.dll
0x00007fff97c80000 - 0x00007fff97c9b000 	C:\WINDOWS\SYSTEM32\kernel.appcore.dll
0x00007fff7d6a0000 - 0x00007fff7d6aa000 	C:\Program Files\Java\jdk-17\bin\jimage.dll
0x00007fff932f0000 - 0x00007fff93532000 	C:\WINDOWS\SYSTEM32\DBGHELP.DLL
0x00007fff99f30000 - 0x00007fff9a2bb000 	C:\WINDOWS\System32\combase.dll
0x00007fff9aca0000 - 0x00007fff9ad77000 	C:\WINDOWS\System32\OLEAUT32.dll
0x00007fff6e900000 - 0x00007fff6e93c000 	C:\WINDOWS\SYSTEM32\dbgcore.DLL
0x00007fff994a0000 - 0x00007fff99545000 	C:\WINDOWS\System32\bcryptPrimitives.dll
0x00007fff7ba10000 - 0x00007fff7ba35000 	C:\Program Files\Java\jdk-17\bin\java.dll

dbghelp: loaded successfully - version: 4.0.5 - missing functions: none
symbol engine: initialized successfully - sym options: 0x614 - pdb path: .;C:\Program Files\Java\jdk-17\bin;C:\WINDOWS\SYSTEM32;C:\WINDOWS\WinSxS\amd64_microsoft.windows.common-controls_6595b64144ccf1df_6.0.26100.7019_none_3e06ffa0e335b8a8;C:\Program Files\Java\jdk-17\bin\server

VM Arguments:
jvm_args: -Dclassworlds.conf=C:\Program Files\Apache\apache-maven-3.9.11\bin\m2.conf -Dmaven.home=C:\Program Files\Apache\apache-maven-3.9.11 -Dlibrary.jansi.path=C:\Program Files\Apache\apache-maven-3.9.11\lib\jansi-native -Dmaven.multiModuleProjectDirectory=C:\Users\PC\Desktop\IDL\tp7 
java_command: org.codehaus.plexus.classworlds.launcher.Launcher spring-boot:run
java_class_path (initial): C:\Program Files\Apache\apache-maven-3.9.11\boot\plexus-classworlds-2.9.0.jar
Launcher Type: SUN_STANDARD

[Global flags]
     intx CICompilerCount                          = 4                                         {product} {ergonomic}
     uint ConcGCThreads                            = 2                                         {product} {ergonomic}
     uint G1ConcRefinementThreads                  = 8                                         {product} {ergonomic}
   size_t G1HeapRegionSize                         = 1048576                                   {product} {ergonomic}
    uintx GCDrainStackTargetSize                   = 64                                        {product} {ergonomic}
   size_t InitialHeapSize                          = 132120576                                 {product} {ergonomic}
   size_t MarkStackSize                            = 4194304                                   {product} {ergonomic}
   size_t MaxHeapSize                              = 2082471936                                {product} {ergonomic}
   size_t MinHeapDeltaBytes                        = 1048576                                   {product} {ergonomic}
   size_t MinHeapSize                              = 8388608                                   {product} {ergonomic}
    uintx NonNMethodCodeHeapSize                   = 5839372                                {pd product} {ergonomic}
    uintx NonProfiledCodeHeapSize                  = 122909434                              {pd product} {ergonomic}
    uintx ProfiledCodeHeapSize                     = 122909434                              {pd product} {ergonomic}
    uintx ReservedCodeCacheSize                    = 251658240                              {pd product} {ergonomic}
     bool SegmentedCodeCache                       = true                                      {product} {ergonomic}
   size_t SoftMaxHeapSize                          = 2082471936                             {manageable} {ergonomic}
     bool UseCompressedClassPointers               = true                           {product lp64_product} {ergonomic}
     bool UseCompressedOops                        = true                           {product lp64_product} {ergonomic}
     bool UseG1GC                                  = true                                      {product} {ergonomic}
     bool UseLargePagesIndividualAllocation        = false                                  {pd product} {ergonomic}

Logging:
Log output configuration:
 #0: stdout all=warning uptime,level,tags
 #1: stderr all=off uptime,level,tags

Environment Variables:
JAVA_HOME=C:\Program Files\Java\jdk-17
PATH=C:\Program Files\Python314\Scripts\;C:\Program Files\Python314\;C:\oraclexe\app\oracle\product\11.2.0\server\bin;C:\WINDOWS\system32;C:\WINDOWS;C:\WINDOWS\System32\Wbem;C:\WINDOWS\System32\WindowsPowerShell\v1.0\;C:\WINDOWS\System32\OpenSSH\;C:\Program Files\dotnet\;C:\Program Files\nodejs\;C:\Users\PC\AppData\Roaming\Python\Python314\Scripts;C:\Program Files\Java\jdk-17\bin;C:\Program Files\Java\jdk-17\bin;C:\Program Files\Apache\apache-maven-3.9.11\bin;C:\Program Files\Git\cmd;C:\Users\PC\AppData\Local\Programs\Eclipse Adoptium\jdk-25.0.0.36-hotspot\bin;C:\Users\PC\AppData\Local\Microsoft\WindowsApps;C:\Users\PC\AppData\Local\Programs\Microsoft VS Code\bin;C:\Users\PC\AppData\Roaming\npm;c:\Users\PC\.vscode\extensions\vscjava.vscode-java-debug-0.58.3\bundled\scripts\noConfigScripts
USERNAME=PC
LANG=en_US.UTF-8
OS=Windows_NT
PROCESSOR_IDENTIFIER=Intel64 Family 6 Model 142 Stepping 12, GenuineIntel



---------------  S Y S T E M  ---------------

OS:
 Windows 11 , 64 bit Build 26100 (10.0.26100.7019)
OS uptime: 1 days 8:32 hours

CPU: total 8 (initial active 8) (4 cores per cpu, 2 threads per core) family 6 model 142 stepping 12 microcode 0xde, cx8, cmov, fxsr, ht, mmx, 3dnowpref, sse, sse2, sse3, ssse3, sse4.1, sse4.2, popcnt, lzcnt, tsc, tscinvbit, avx, avx2, aes, erms, clmul, bmi1, bmi2, adx, fma, vzeroupper, clflush, clflushopt

Memory: 4k page, system-wide physical 7942M (471M free)
TotalPageFile size 20967M (AvailPageFile size 114M)
current process WorkingSet (physical memory assigned to process): 12M, peak: 12M
current process commit charge ("private bytes"): 60M, peak: 186M

vm_info: Java HotSpot(TM) 64-Bit Server VM (17.0.12+8-LTS-286) for windows-amd64 JRE (17.0.12+8-LTS-286), built on Jun  5 2024 06:46:59 by "mach5one" with MS VC++ 17.6 (VS2022)

END.
